  3.700E+00  1.02299E-18  9.98278E-01  5.86621E-02  3.02872E-05
  3.800E+00  9.20113E-19  9.98183E-01  6.02486E-02  3.21815E-05
  3.900E+00  8.29877E-19  9.98086E-01  6.18352E-02  3.41488E-05
  4.000E+00  7.50464E-19  9.97987E-01  6.34218E-02  3.61789E-05
  4.100E+00  6.80351E-19  9.97885E-01  6.50084E-02  3.82799E-05
  4.200E+00  6.18259E-19  9.97780E-01  6.65950E-02  4.04458E-05
  4.300E+00  5.63112E-19  9.97673E-01  6.81816E-02  4.26829E-05
  4.400E+00  5.13996E-19  9.97563E-01  6.97682E-02  4.49849E-05
  4.500E+00  4.70136E-19  9.97451E-01  7.13548E-02  4.73580E-05
  4.600E+00  4.30870E-19  9.97336E-01  7.29415E-02  4.97985E-05
  4.700E+00  3.95632E-19  9.97219E-01  7.45281E-02  5.23059E-05
  4.800E+00  3.63936E-19  9.97099E-01  7.61147E-02  5.48862E-05
  4.900E+00  3.35361E-19  9.96977E-01  7.77013E-02  5.75283E-05
  5.000E+00  3.09547E-19  9.96852E-01  7.92878E-02  6.02460E-05
  5.100E+00  2.86178E-19  9.96724E-01  8.08744E-02  6.30258E-05
  5.200E+00  2.64982E-19  9.96594E-01  8.24610E-02  6.58769E-05
  5.300E+00  2.45720E-19  9.96462E-01  8.40475E-02  6.87966E-05
  5.400E+00  2.28183E-19  9.96327E-01  8.56340E-02  7.17790E-05
  5.500E+00  2.12190E-19  9.96189E-01  8.72204E-02  7.48366E-05
  5.600E+00  1.97580E-19  9.96049E-01  8.88069E-02  7.79524E-05
  5.700E+00  1.84211E-19  9.95906E-01  9.03933E-02  8.11423E-05
  5.800E+00  1.71959E-19  9.95761E-01  9.19797E-02  8.43945E-05
  5.900E+00  1.60714E-19  9.95613E-01  9.35660E-02  8.77120E-05
  6.000E+00  1.50377E-19  9.95463E-01  9.51523E-02  9.10998E-05
  6.100E+00  1.40862E-19  9.95310E-01  9.67385E-02  9.45446E-05
  6.200E+00  1.32092E-19  9.95154E-01  9.83247E-02  9.80626E-05
  6.300E+00  1.23997E-19  9.94996E-01  9.99109E-02  1.01637E-04
  6.400E+00  1.16516E-19  9.94836E-01  1.01497E-01  1.05279E-04
  6.500E+00  1.09594E-19  9.94673E-01  1.03083E-01  1.08984E-04
  6.600E+00  1.03182E-19  9.94507E-01  1.04669E-01  1.12746E-04
  6.700E+00  9.72340E-20  9.94339E-01  1.06255E-01  1.16577E-04
  6.800E+00  9.17112E-20  9.94168E-01  1.07841E-01  1.20461E-04
  6.900E+00  8.65774E-20  9.93995E-01  1.09427E-01  1.24411E-04
  7.000E+00  8.18000E-20  9.93819E-01  1.11012E-01  1.28417E-04
  7.100E+00  7.73498E-20  9.93641E-01  1.12598E-01  1.32480E-04
  7.200E+00  7.32001E-20  9.93460E-01  1.14184E-01  1.36606E-04
  7.300E+00  6.93267E-20  9.93276E-01  1.15769E-01  1.40781E-04
  7.400E+00  6.57080E-20  9.93090E-01  1.17354E-01  1.45020E-04
  7.500E+00  6.23240E-20  9.92901E-01  1.18940E-01  1.49308E-04
  7.600E+00  5.91566E-20  9.92710E-01  1.20525E-01  1.53653E-04
  7.700E+00  5.61894E-20  9.92517E-01  1.22110E-01  1.58052E-04
  7.800E+00  5.34073E-20  9.92320E-01  1.23695E-01  1.62499E-04
  7.900E+00  5.07966E-20  9.92121E-01  1.25280E-01  1.67003E-04
  8.000E+00  4.83447E-20  9.91920E-01  1.26865E-01  1.71551E-04
  8.100E+00  4.60402E-20  9.91716E-01  1.28450E-01  1.76153E-04
  8.200E+00  4.38725E-20  9.91509E-01  1.30034E-01  1.80801E-04
  8.300E+00  4.18319E-20  9.91300E-01  1.31619E-01  1.85495E-04
  8.400E+00  3.99096E-20  9.91089E-01  1.33203E-01  1.90239E-04
  8.500E+00  3.80975E-20  9.90874E-01  1.34788E-01  1.95022E-04
  8.600E+00  3.63880E-20  9.90658E-01  1.36372E-01  1.99855E-04
  8.700E+00  3.47741E-20  9.90438E-01  1.37956E-01  2.04726E-04
  8.800E+00  3.32496E-20  9.90216E-01  1.39540E-01  2.09641E-04
  8.900E+00  3.18085E-20  9.89992E-01  1.41124E-01  2.14596E-04
  9.000E+00  3.04454E-20  9.89765E-01  1.42707E-01  2.19587E-04
  9.100E+00  2.91553E-20  9.89535E-01  1.44291E-01  2.24621E-04
  9.200E+00  2.79335E-20  9.89303E-01  1.45874E-01  2.29687E-04
  9.300E+00  2.67756E-20  9.89068E-01  1.47458E-01  2.34792E-04
  9.400E+00  2.56778E-20  9.88831E-01  1.49041E-01  2.39929E-04
  9.500E+00  2.46363E-20  9.88591E-01  1.50624E-01  2.45098E-04
  9.600E+00  2.36476E-20  9.88349E-01  1.52206E-01  2.50302E-04
  9.700E+00  2.27086E-20  9.88104E-01  1.53789E-01  2.55532E-04
  9.800E+00  2.18162E-20  9.87856E-01  1.55372E-01  2.60795E-04
  9.900E+00  2.09678E-20  9.87606E-01  1.56954E-01  2.66082E-04
  1.000E+01  2.01607E-20  9.87353E-01  1.58536E-01  2.71398E-04
  1.025E+01  1.83083E-20  9.86710E-01  1.62491E-01  2.84792E-04
  1.050E+01  1.66664E-20  9.86051E-01  1.66444E-01  2.98320E-04
  1.075E+01  1.52067E-20  9.85376E-01  1.70397E-01  3.11960E-04
  1.100E+01  1.39053E-20  9.84684E-01  1.74348E-01  3.25691E-04
  1.125E+01  1.27421E-20  9.83977E-01  1.78298E-01  3.39488E-04
  1.150E+01  1.16996E-20  9.83253E-01  1.82246E-01  3.53331E-04
  1.175E+01  1.07632E-20  9.82513E-01  1.86193E-01  3.67194E-04
  1.200E+01  9.91992E-21  9.81757E-01  1.90138E-01  3.81055E-04
  1.225E+01  9.15895E-21  9.80985E-01  1.94082E-01  3.94890E-04
  1.250E+01  8.47073E-21  9.80197E-01  1.98025E-01  4.08676E-04
  1.275E+01  7.84704E-21  9.79393E-01  2.01966E-01  4.22388E-04
  1.300E+01  7.28069E-21  9.78572E-01  2.05905E-01  4.36002E-04
  1.325E+01  6.76545E-21  9.77735E-01  2.09842E-01  4.49494E-04
  1.350E+01  6.29582E-21  9.76882E-01  2.13777E-01  4.62839E-04
  1.375E+01  5.86703E-21  9.76013E-01  2.17710E-01  4.76015E-04
  1.400E+01  5.47486E-21  9.75128E-01  2.21642E-01  4.88996E-04
  1.425E+01  5.11558E-21  9.74227E-01  2.25571E-01  5.01758E-04
  1.450E+01  4.78591E-21  9.73309E-01  2.29498E-01  5.14276E-04
  1.475E+01  4.48296E-21  9.72375E-01  2.33423E-01  5.26527E-04
  1.500E+01  4.20414E-21  9.71425E-01  2.37346E-01  5.38487E-04
  1.525E+01  3.94716E-21  9.70459E-01  2.41266E-01  5.50132E-04
  1.550E+01  3.70999E-21  9.69476E-01  2.45184E-01  5.61437E-04
  1.575E+01  3.49080E-21  9.68478E-01  2.49099E-01  5.72380E-04
  1.600E+01  3.28797E-21  9.67463E-01  2.53012E-01  5.82936E-04
  1.625E+01  3.10004E-21  9.66432E-01  2.56922E-01  5.93082E-04
  1.650E+01  2.92570E-21  9.65385E-01  2.60829E-01  6.02796E-04
  1.675E+01  2.76378E-21  9.64321E-01  2.64734E-01  6.12053E-04
  1.700E+01  2.61323E-21  9.63242E-01  2.68635E-01  6.20833E-04
  1.725E+01  2.47308E-21  9.62146E-01  2.72534E-01  6.29111E-04
  1.750E+01  2.34247E-21  9.61034E-01  2.76430E-01  6.36866E-04
  1.775E+01  2.22063E-21  9.59906E-01  2.80322E-01  6.44076E-04
  1.800E+01  2.10686E-21  9.58761E-01  2.84211E-01  6.50719E-04
  1.825E+01  2.00050E-21  9.57601E-01  2.88098E-01  6.56774E-04
  1.850E+01  1.90099E-21  9.56424E-01  2.91980E-01  6.62220E-04
  1.875E+01  1.80780E-21  9.55231E-01  2.95860E-01  6.67036E-04
  1.900E+01  1.72044E-21  9.54022E-01  2.99735E-01  6.71202E-04
  1.925E+01  1.63847E-21  9.52797E-01  3.03607E-01  6.74697E-04
  1.950E+01  1.56149E-21  9.51556E-01  3.07476E-01  6.77502E-04
  1.975E+01  1.48915E-21  9.50298E-01  3.11341E-01  6.79597E-04
  2.000E+01  1.42110E-21  9.49024E-01  3.15202E-01  6.80964E-04
  2.025E+01  1.35703E-21  9.47735E-01  3.19059E-01  6.81583E-04
  2.050E+01  1.29667E-21  9.46429E-01  3.22912E-01  6.81436E-04
  2.075E+01  1.23976E-21  9.45107E-01  3.26760E-01  6.80506E-04
  2.100E+01  1.18606E-21  9.43769E-01  3.30605E-01  6.78774E-04
  2.125E+01  1.13536E-21  9.42415E-01  3.34446E-01  6.76223E-04
  2.150E+01  1.08744E-21  9.41045E-01  3.38282E-01  6.72836E-04
  2.175E+01  1.04213E-21  9.39658E-01  3.42113E-01  6.68597E-04
  2.200E+01  9.99248E-22  9.38256E-01  3.45941E-01  6.63490E-04
  2.225E+01  9.58647E-22  9.36838E-01  3.49763E-01  6.57498E-04
  2.250E+01  9.20177E-22  9.35404E-01  3.53581E-01  6.50606E-04
  2.275E+01  8.83701E-22  9.33953E-01  3.57394E-01  6.42800E-04
  2.300E+01  8.49096E-22  9.32487E-01  3.61203E-01  6.34064E-04
  2.325E+01  8.16244E-22  9.31005E-01  3.65006E-01  6.24385E-04
  2.350E+01  7.85039E-22  9.29507E-01  3.68805E-01  6.13747E-04
  2.375E+01  7.55381E-22  9.27993E-01  3.72598E-01  6.02139E-04
  2.400E+01  7.27175E-22  9.26463E-01  3.76386E-01  5.89546E-04
  2.425E+01  7.00337E-22  9.24917E-01  3.80169E-01  5.75956E-04
  2.450E+01  6.74786E-22  9.23355E-01  3.83947E-01  5.61357E-04
  2.475E+01  6.50446E-22  9.21778E-01  3.87719E-01  5.45735E-04
  2.500E+01  6.27249E-22  9.20184E-01  3.91485E-01  5.29081E-04
  2.550E+01  5.84024E-22  9.16950E-01  3.99002E-01  4.92626E-04
  2.600E+01  5.44640E-22  9.13653E-01  4.06495E-01  4.51907E-04
  2.650E+01  5.08686E-22  9.10293E-01  4.13964E-01  4.06842E-04
  2.700E+01  4.75802E-22  9.06870E-01  4.21409E-01  3.57357E-04
  2.750E+01  4.45671E-22  9.03385E-01  4.28829E-01  3.03380E-04
  2.800E+01  4.18015E-22  8.99838E-01  4.36224E-01  2.44848E-04
  3.150E+01  2.76203E-22  8.73287E-01  4.87206E-01 -2.96823E-04
  3.200E+01  2.61468E-22  8.69251E-01  4.94371E-01 -3.93547E-04
  3.250E+01  2.47763E-22  8.65156E-01  5.01503E-01 -4.95198E-04
  3.300E+01  2.35000E-22  8.61000E-01  5.08604E-01 -6.01798E-04
  3.350E+01  2.23099E-22  8.56786E-01  5.15672E-01 -7.13364E-04
  3.400E+01  2.11990E-22  8.52513E-01  5.22706E-01 -8.29911E-04
  3.450E+01  2.01608E-22  8.48181E-01  5.29706E-01 -9.51451E-04
  3.500E+01  1.91895E-22  8.43791E-01  5.36671E-01 -1.07799E-03
  3.550E+01  1.82797E-22  8.39343E-01  5.43602E-01 -1.20954E-03
  3.600E+01  1.74268E-22  8.34837E-01  5.50496E-01 -1.34610E-03
  3.650E+01  1.66262E-22  8.30274E-01  5.57354E-01 -1.48767E-03
  3.700E+01  1.58742E-22  8.25654E-01  5.64174E-01 -1.63425E-03
  3.750E+01  1.51670E-22  8.20978E-01  5.70957E-01 -1.78583E-03
  3.800E+01  1.45014E-22  8.16246E-01  5.77702E-01 -1.94242E-03
  3.850E+01  1.38743E-22  8.11457E-01  5.84408E-01 -2.10400E-03
  3.900E+01  1.32830E-22  8.06614E-01  5.91075E-01 -2.27057E-03
  3.950E+01  1.27249E-22  8.01715E-01  5.97701E-01 -2.44211E-03
  4.000E+01  1.21979E-22  7.96762E-01  6.04288E-01 -2.61862E-03
  4.050E+01  1.16996E-22  7.91755E-01  6.10833E-01 -2.80007E-03
  4.100E+01  1.12283E-22  7.86693E-01  6.17337E-01 -2.98646E-03
  4.150E+01  1.07820E-22  7.81579E-01  6.23798E-01 -3.17777E-03
  4.200E+01  1.03591E-22  7.76411E-01  6.30218E-01 -3.37399E-03
  4.250E+01  9.95819E-23  7.71191E-01  6.36594E-01 -3.57509E-03
  4.300E+01  9.57774E-23  7.65919E-01  6.42926E-01 -3.78106E-03
  4.350E+01  9.21648E-23  7.60595E-01  6.49214E-01 -3.99187E-03
  4.400E+01  8.87320E-23  7.55220E-01  6.55458E-01 -4.20752E-03
  4.450E+01  8.54680E-23  7.49794E-01  6.61657E-01 -4.42798E-03
  4.500E+01  8.23624E-23  7.44317E-01  6.67810E-01 -4.65323E-03
  4.550E+01  7.94056E-23  7.38791E-01  6.73917E-01 -4.88325E-03
  4.600E+01  7.65888E-23  7.33215E-01  6.79978E-01 -5.11802E-03
  4.650E+01  7.39037E-23  7.27590E-01  6.85992E-01 -5.35752E-03
  4.700E+01  7.13425E-23  7.21916E-01  6.91958E-01 -5.60172E-03
  4.750E+01  6.88982E-23  7.16194E-01  6.97876E-01 -5.85061E-03
  4.800E+01  6.65640E-23  7.10425E-01  7.03747E-01 -6.10417E-03
  4.850E+01  6.43339E-23  7.04608E-01  7.09568E-01 -6.36237E-03
  4.900E+01  6.22019E-23  6.98745E-01  7.15340E-01 -6.62519E-03
  4.950E+01  6.01626E-23  6.92836E-01  7.21063E-01 -6.89261E-03
  5.000E+01  5.82111E-23  6.86880E-01  7.26735E-01 -7.16462E-03
  5.050E+01  5.63426E-23  6.80880E-01  7.32357E-01 -7.44118E-03
  5.100E+01  5.45526E-23  6.74835E-01  7.37928E-01 -7.72229E-03
  5.150E+01  5.28370E-23  6.68745E-01  7.43449E-01 -8.00792E-03
  5.200E+01  5.11920E-23  6.62612E-01  7.48917E-01 -8.29805E-03
  5.250E+01  4.96139E-23  6.56435E-01  7.54333E-01 -8.59267E-03
  5.300E+01  4.80992E-23  6.50216E-01  7.59697E-01 -8.89175E-03
  5.350E+01  4.66448E-23  6.43955E-01  7.65008E-01 -9.19528E-03
  5.400E+01  4.52477E-23  6.37651E-01  7.70267E-01 -9.50324E-03
  5.450E+01  4.39050E-23  6.31307E-01  7.75471E-01 -9.81561E-03
  5.500E+01  4.26140E-23  6.24922E-01  7.80622E-01 -1.01324E-02
  5.550E+01  4.13723E-23  6.18496E-01  7.85718E-01 -1.04535E-02
  5.600E+01  4.01774E-23  6.12031E-01  7.90760E-01 -1.07790E-02
  5.650E+01  3.90272E-23  6.05527E-01  7.95747E-01 -1.11089E-02
  5.700E+01  3.79196E-23  5.98984E-01  8.00679E-01 -1.14431E-02
  5.750E+01  3.68525E-23  5.92403E-01  8.05555E-01 -1.17817E-02
  5.800E+01  3.58241E-23  5.85785E-01  8.10376E-01 -1.21245E-02
  5.850E+01  3.48326E-23  5.79130E-01  8.15140E-01 -1.24717E-02
  5.900E+01  3.38764E-23  5.72438E-01  8.19848E-01 -1.28231E-02
  5.950E+01  3.29538E-23  5.65710E-01  8.24499E-01 -1.31788E-02
  6.000E+01  3.20634E-23  5.58947E-01  8.29093E-01 -1.35388E-02
  6.050E+01  3.12038E-23  5.52149E-01  8.33630E-01 -1.39031E-02
  6.100E+01  3.03736E-23  5.45317E-01  8.38109E-01 -1.42716E-02
  6.150E+01  2.95715E-23  5.38451E-01  8.42530E-01 -1.46444E-02
  6.200E+01  2.87964E-23  5.31552E-01  8.46892E-01 -1.50214E-02
  6.250E+01  2.80471E-23  5.24620E-01  8.51197E-01 -1.54027E-02
  6.300E+01  2.73225E-23  5.17657E-01  8.55443E-01 -1.57882E-02
  6.350E+01  2.66215E-23  5.10662E-01  8.59629E-01 -1.61779E-02
  6.400E+01  2.59433E-23  5.03636E-01  8.63757E-01 -1.65719E-02
  6.450E+01  2.52868E-23  4.96580E-01  8.67825E-01 -1.69701E-02
  6.500E+01  2.46513E-23  4.89494E-01  8.71834E-01 -1.73725E-02
  6.550E+01  2.40358E-23  4.82379E-01  8.75782E-01 -1.77792E-02
  6.600E+01  2.34395E-23  4.75235E-01  8.79671E-01 -1.81901E-02
  6.650E+01  2.28617E-23  4.68063E-01  8.83499E-01 -1.86052E-02
  6.700E+01  2.23017E-23  4.60864E-01  8.87267E-01 -1.90246E-02
  6.750E+01  2.17588E-23  4.53638E-01  8.90974E-01 -1.94482E-02
  6.800E+01  2.12323E-23  4.46386E-01  8.94620E-01 -1.98760E-02
  6.850E+01  2.07216E-23  4.39108E-01  8.98205E-01 -2.03082E-02
  6.900E+01  2.02261E-23  4.31806E-01  9.01728E-01 -2.07445E-02
  6.950E+01  1.97451E-23  4.24478E-01  9.05190E-01 -2.11852E-02
  7.000E+01  1.92783E-23  4.17127E-01  9.08591E-01 -2.16301E-02
  7.050E+01  1.88250E-23  4.09752E-01  9.11930E-01 -2.20794E-02
  7.100E+01  1.83848E-23  4.02355E-01  9.15206E-01 -2.25329E-02
  7.150E+01  1.79572E-23  3.94936E-01  9.18421E-01 -2.29907E-02
  7.200E+01  1.75416E-23  3.87495E-01  9.21573E-01 -2.34529E-02
  7.250E+01  1.71378E-23  3.80033E-01  9.24663E-01 -2.39195E-02
  7.300E+01  1.67453E-23  3.72551E-01  9.27691E-01 -2.43903E-02
  7.350E+01  1.63636E-23  3.65050E-01  9.30656E-01 -2.48656E-02
  7.400E+01  1.59924E-23  3.57529E-01  9.33558E-01 -2.53453E-02
  7.450E+01  1.56314E-23  3.49990E-01  9.36397E-01 -2.58294E-02
  7.500E+01  1.52802E-23  3.42433E-01  9.39174E-01 -2.63179E-02
  7.550E+01  1.49384E-23  3.34859E-01  9.41887E-01 -2.68109E-02
  7.600E+01  1.46057E-23  3.27268E-01  9.44537E-01 -2.73083E-02
  7.650E+01  1.42819E-23  3.19662E-01  9.47124E-01 -2.78103E-02
  7.700E+01  1.39665E-23  3.12040E-01  9.49647E-01 -2.83168E-02
  7.750E+01  1.36595E-23  3.04403E-01  9.52107E-01 -2.88279E-02
  7.800E+01  1.33604E-23  2.96752E-01  9.54504E-01 -2.93435E-02
  7.850E+01  1.30690E-23  2.89087E-01  9.56837E-01 -2.98638E-02
  7.900E+01  1.27851E-23  2.81410E-01  9.59106E-01 -3.03887E-02
  7.950E+01  1.25084E-23  2.73720E-01  9.61312E-01 -3.09183E-02
  8.000E+01  1.22386E-23  2.66019E-01  9.63454E-01 -3.14526E-02
  8.050E+01  1.19757E-23  2.58307E-01  9.65533E-01 -3.19916E-02
  8.100E+01  1.17193E-23  2.50585E-01  9.67548E-01 -3.25354E-02
  8.150E+01  1.14693E-23  2.42853E-01  9.69499E-01 -3.30841E-02
  8.200E+01  1.12254E-23  2.35111E-01  9.71386E-01 -3.36376E-02
  8.250E+01  1.09874E-23  2.27361E-01  9.73210E-01 -3.41960E-02
  8.300E+01  1.07553E-23  2.19604E-01  9.74970E-01 -3.47593E-02
  8.350E+01  1.05287E-23  2.11839E-01  9.76666E-01 -3.53276E-02
  8.400E+01  1.03076E-23  2.04068E-01  9.78298E-01 -3.59009E-02
  8.450E+01  1.00918E-23  1.96291E-01  9.79867E-01 -3.64793E-02
  8.500E+01  9.88105E-24  1.88508E-01  9.81372E-01 -3.70629E-02
  8.550E+01  9.67529E-24  1.80721E-01  9.82813E-01 -3.76516E-02
  8.600E+01  9.47433E-24  1.72930E-01  9.84191E-01 -3.82455E-02
  8.650E+01  9.27806E-24  1.65136E-01  9.85506E-01 -3.88447E-02
  8.700E+01  9.08632E-24  1.57339E-01  9.86756E-01 -3.94492E-02
  8.750E+01  8.89899E-24  1.49540E-01  9.87944E-01 -4.00590E-02
  8.800E+01  8.71594E-24  1.41740E-01  9.89068E-01 -4.06744E-02
  8.850E+01  8.53705E-24  1.33939E-01  9.90129E-01 -4.12952E-02
  8.900E+01  8.36220E-24  1.26137E-01  9.91127E-01 -4.19215E-02
  8.950E+01  8.19128E-24  1.18337E-01  9.92061E-01 -4.25535E-02
  9.000E+01  8.02418E-24  1.10537E-01  9.92933E-01 -4.31912E-02
  9.050E+01  7.86080E-24  1.02740E-01  9.93742E-01 -4.38346E-02
  9.100E+01  7.70102E-24  9.49448E-02  9.94488E-01 -4.44838E-02
  9.150E+01  7.54476E-24  8.71530E-02  9.95172E-01 -4.51390E-02
  9.200E+01  7.39191E-24  7.93651E-02  9.95793E-01 -4.58000E-02
  9.250E+01  7.24239E-24  7.15816E-02  9.96352E-01 -4.64672E-02
  9.300E+01  7.09610E-24  6.38034E-02  9.96848E-01 -4.71404E-02
  9.350E+01  6.95296E-24  5.60309E-02  9.97283E-01 -4.78198E-02
  9.400E+01  6.81288E-24  4.82650E-02  9.97656E-01 -4.85055E-02
  9.450E+01  6.67578E-24  4.05062E-02  9.97967E-01 -4.91975E-02
  9.500E+01  6.54160E-24  3.27552E-02  9.98217E-01 -4.98960E-02
  9.550E+01  6.41024E-24  2.50127E-02  9.98406E-01 -5.06010E-02
  9.600E+01  6.28164E-24  1.72794E-02  9.98533E-01 -5.13127E-02
  9.650E+01  6.15572E-24  9.55589E-03  9.98600E-01 -5.20310E-02
  9.700E+01  6.03242E-24  1.84286E-03  9.98606E-01 -5.27562E-02
  9.750E+01  5.91167E-24 -5.85901E-03  9.98551E-01 -5.34882E-02
  9.800E+01  5.79341E-24 -1.35491E-02  9.98437E-01 -5.42273E-02
  9.850E+01  5.67757E-24 -2.12266E-02  9.98262E-01 -5.49735E-02
  9.900E+01  5.56410E-24 -2.88910E-02  9.98028E-01 -5.57268E-02
  9.950E+01  5.45293E-24 -3.65415E-02  9.97734E-01 -5.64876E-02
  1.000E+02  5.34400E-24 -4.41775E-02  9.97382E-01 -5.72557E-02
  1.005E+02  5.23727E-24 -5.17983E-02  9.96970E-01 -5.80314E-02
  1.010E+02  5.13268E-24 -5.94032E-02  9.96500E-01 -5.88148E-02
  1.015E+02  5.03017E-24 -6.69915E-02  9.95972E-01 -5.96060E-02
  1.020E+02  4.92971E-24 -7.45626E-02  9.95385E-01 -6.04051E-02
  1.025E+02  4.83123E-24 -8.21158E-02  9.94741E-01 -6.12123E-02
  1.030E+02  4.73469E-24 -8.96503E-02  9.94040E-01 -6.20276E-02
  1.035E+02  4.64004E-24 -9.71655E-02  9.93282E-01 -6.28513E-02
  1.040E+02  4.54725E-24 -1.04661E-01  9.92467E-01 -6.36834E-02
  1.045E+02  4.45627E-24 -1.12135E-01  9.91596E-01 -6.45241E-02
  1.050E+02  4.36704E-24 -1.19588E-01  9.90669E-01 -6.53736E-02
  1.055E+02  4.27955E-24 -1.27020E-01  9.89686E-01 -6.62320E-02
  1.060E+02  4.19374E-24 -1.34428E-01  9.88649E-01 -6.70994E-02
  1.065E+02  4.10957E-24 -1.41813E-01  9.87557E-01 -6.79761E-02
  1.070E+02  4.02701E-24 -1.49173E-01  9.86410E-01 -6.88621E-02
  1.075E+02  3.94603E-24 -1.56509E-01  9.85210E-01 -6.97578E-02
  1.080E+02  3.86658E-24 -1.63819E-01  9.83956E-01 -7.06631E-02
  1.085E+02  3.78864E-24 -1.71103E-01  9.82650E-01 -7.15783E-02
  1.090E+02  3.71217E-24 -1.78360E-01  9.81290E-01 -7.25037E-02
  1.095E+02  3.63713E-24 -1.85589E-01  9.79879E-01 -7.34393E-02
  1.100E+02  3.56350E-24 -1.92790E-01  9.78417E-01 -7.43854E-02
  1.105E+02  3.49124E-24 -1.99961E-01  9.76903E-01 -7.53422E-02
  1.110E+02  3.42033E-24 -2.07103E-01  9.75338E-01 -7.63099E-02
  1.115E+02  3.35073E-24 -2.14214E-01  9.73724E-01 -7.72887E-02
  1.120E+02  3.28243E-24 -2.21294E-01  9.72060E-01 -7.82788E-02
  1.125E+02  3.21538E-24 -2.28341E-01  9.70348E-01 -7.92805E-02
  1.130E+02  3.14957E-24 -2.35356E-01  9.68587E-01 -8.02939E-02
  1.135E+02  3.08496E-24 -2.42337E-01  9.66778E-01 -8.13194E-02
  1.140E+02  3.02154E-24 -2.49283E-01  9.64922E-01 -8.23571E-02
  1.145E+02  2.95927E-24 -2.56195E-01  9.63020E-01 -8.34074E-02
  1.150E+02  2.89814E-24 -2.63071E-01  9.61072E-01 -8.44704E-02
  1.155E+02  2.83812E-24 -2.69910E-01  9.59078E-01 -8.55465E-02
  1.160E+02  2.77919E-24 -2.76711E-01  9.57040E-01 -8.66358E-02
  1.165E+02  2.72132E-24 -2.83475E-01  9.54958E-01 -8.77388E-02
  1.170E+02  2.66450E-24 -2.90199E-01  9.52832E-01 -8.88558E-02
  1.175E+02  2.60870E-24 -2.96884E-01  9.50664E-01 -8.99869E-02
  1.180E+02  2.55391E-24 -3.03528E-01  9.48454E-01 -9.11325E-02
  1.185E+02  2.50010E-24 -3.10131E-01  9.46203E-01 -9.22930E-02
  1.190E+02  2.44725E-24 -3.16691E-01  9.43912E-01 -9.34686E-02
  1.195E+02  2.39534E-24 -3.23209E-01  9.41581E-01 -9.46598E-02
  1.200E+02  2.34436E-24 -3.29682E-01  9.39212E-01 -9.58669E-02
  1.205E+02  2.29429E-24 -3.36111E-01  9.36805E-01 -9.70901E-02
  1.210E+02  2.24511E-24 -3.42494E-01  9.34360E-01 -9.83300E-02
  1.215E+02  2.19681E-24 -3.48831E-01  9.31879E-01 -9.95869E-02
  1.220E+02  2.14936E-24 -3.55121E-01  9.29363E-01 -1.00861E-01
  1.225E+02  2.10275E-24 -3.61362E-01  9.26813E-01 -1.02153E-01
  1.230E+02  2.05697E-24 -3.67554E-01  9.24229E-01 -1.03464E-01
  1.235E+02  2.01199E-24 -3.73696E-01  9.21613E-01 -1.04793E-01
  1.240E+02  1.96781E-24 -3.79787E-01  9.18965E-01 -1.06141E-01
  1.245E+02  1.92441E-24 -3.85825E-01  9.16286E-01 -1.07509E-01
  1.250E+02  1.88178E-24 -3.91811E-01  9.13578E-01 -1.08897E-01
  1.255E+02  1.83990E-24 -3.97743E-01  9.10842E-01 -1.10305E-01
  1.260E+02  1.79875E-24 -4.03621E-01  9.08078E-01 -1.11735E-01
  1.265E+02  1.75833E-24 -4.09442E-01  9.05288E-01 -1.13186E-01
  1.270E+02  1.71863E-24 -4.15206E-01  9.02473E-01 -1.14660E-01
  1.275E+02  1.67962E-24 -4.20912E-01  8.99634E-01 -1.16156E-01
  1.280E+02  1.64130E-24 -4.26559E-01  8.96772E-01 -1.17676E-01
  1.285E+02  1.60365E-24 -4.32145E-01  8.93889E-01 -1.19219E-01
  1.290E+02  1.56667E-24 -4.37670E-01  8.90986E-01 -1.20788E-01
  1.295E+02  1.53034E-24 -4.43132E-01  8.88063E-01 -1.22382E-01
  1.300E+02  1.49464E-24 -4.48531E-01  8.85124E-01 -1.24001E-01
  1.305E+02  1.45958E-24 -4.53864E-01  8.82168E-01 -1.25648E-01
  1.310E+02  1.42514E-24 -4.59131E-01  8.79197E-01 -1.27322E-01
  1.315E+02  1.39130E-24 -4.64331E-01  8.76213E-01 -1.29024E-01
  1.320E+02  1.35807E-24 -4.69461E-01  8.73218E-01 -1.30755E-01
  1.325E+02  1.32542E-24 -4.74521E-01  8.70212E-01 -1.32516E-01
  1.330E+02  1.29335E-24 -4.79509E-01  8.67198E-01 -1.34308E-01
  1.335E+02  1.26185E-24 -4.84423E-01  8.64177E-01 -1.36131E-01
  1.340E+02  1.23091E-24 -4.89263E-01  8.61151E-01 -1.37987E-01
  1.345E+02  1.20052E-24 -4.94026E-01  8.58122E-01 -1.39876E-01
  1.350E+02  1.17068E-24 -4.98711E-01  8.55091E-01 -1.41800E-01
  1.355E+02  1.14136E-24 -5.03316E-01  8.52060E-01 -1.43759E-01
  1.360E+02  1.11257E-24 -5.07839E-01  8.49032E-01 -1.45755E-01
  1.365E+02  1.08430E-24 -5.12279E-01  8.46008E-01 -1.47788E-01
  1.370E+02  1.05654E-24 -5.16633E-01  8.42990E-01 -1.49861E-01
  1.375E+02  1.02928E-24 -5.20900E-01  8.39980E-01 -1.51973E-01
  1.380E+02  1.00251E-24 -5.25078E-01  8.36982E-01 -1.54127E-01
  1.385E+02  9.76234E-25 -5.29163E-01  8.33996E-01 -1.56323E-01
  1.390E+02  9.50432E-25 -5.33155E-01  8.31026E-01 -1.58563E-01
  1.395E+02  9.25103E-25 -5.37050E-01  8.28073E-01 -1.60849E-01
  1.400E+02  9.00238E-25 -5.40846E-01  8.25141E-01 -1.63181E-01
  1.405E+02  8.75831E-25 -5.44541E-01  8.22231E-01 -1.65562E-01
  1.410E+02  8.51875E-25 -5.48132E-01  8.19347E-01 -1.67993E-01
  1.415E+02  8.28365E-25 -5.51615E-01  8.16492E-01 -1.70475E-01
  1.420E+02  8.05293E-25 -5.54988E-01  8.13668E-01 -1.73011E-01
  1.425E+02  7.82654E-25 -5.58248E-01  8.10878E-01 -1.75602E-01
  1.430E+02  7.60442E-25 -5.61390E-01  8.08126E-01 -1.78251E-01
  1.435E+02  7.38650E-25 -5.64413E-01  8.05415E-01 -1.80958E-01
  1.440E+02  7.17273E-25 -5.67311E-01  8.02747E-01 -1.83726E-01
  1.445E+02  6.96306E-25 -5.70081E-01  8.00128E-01 -1.86558E-01
  1.450E+02  6.75742E-25 -5.72718E-01  7.97559E-01 -1.89455E-01
  1.455E+02  6.55577E-25 -5.75219E-01  7.95046E-01 -1.92420E-01
  1.460E+02  6.35806E-25 -5.77578E-01  7.92591E-01 -1.95456E-01
  1.465E+02  6.16422E-25 -5.79790E-01  7.90200E-01 -1.98564E-01
  1.470E+02  5.97422E-25 -5.81850E-01  7.87876E-01 -2.01748E-01
  1.475E+02  5.78801E-25 -5.83752E-01  7.85624E-01 -2.05010E-01
  1.480E+02  5.60553E-25 -5.85490E-01  7.83448E-01 -2.08354E-01
  1.485E+02  5.42674E-25 -5.87057E-01  7.81353E-01 -2.11781E-01
  1.490E+02  5.25160E-25 -5.88447E-01  7.79344E-01 -2.15296E-01
  1.495E+02  5.08006E-25 -5.89652E-01  7.77427E-01 -2.18902E-01
  1.500E+02  4.91208E-25 -5.90664E-01  7.75606E-01 -2.22603E-01
  1.505E+02  4.74762E-25 -5.91474E-01  7.73887E-01 -2.26401E-01
  1.510E+02  4.58664E-25 -5.92073E-01  7.72276E-01 -2.30301E-01
  1.515E+02  4.42909E-25 -5.92452E-01  7.70780E-01 -2.34306E-01
  1.520E+02  4.27494E-25 -5.92599E-01  7.69404E-01 -2.38421E-01
  1.525E+02  4.12416E-25 -5.92503E-01  7.68154E-01 -2.42650E-01
  1.530E+02  3.97669E-25 -5.92152E-01  7.67039E-01 -2.46998E-01
  1.535E+02  3.83252E-25 -5.91531E-01  7.66064E-01 -2.51468E-01
  1.540E+02  3.69160E-25 -5.90628E-01  7.65237E-01 -2.56067E-01
  1.545E+02  3.55390E-25 -5.89425E-01  7.64566E-01 -2.60799E-01
  1.550E+02  3.41938E-25 -5.87907E-01  7.64059E-01 -2.65668E-01
  1.555E+02  3.28802E-25 -5.86054E-01  7.63723E-01 -2.70681E-01
  1.560E+02  3.15978E-25 -5.83846E-01  7.63567E-01 -2.75844E-01
  1.565E+02  3.03463E-25 -5.81262E-01  7.63599E-01 -2.81161E-01
  1.570E+02  2.91255E-25 -5.78278E-01  7.63828E-01 -2.86638E-01
  1.575E+02  2.79350E-25 -5.74867E-01  7.64263E-01 -2.92282E-01
  1.580E+02  2.67745E-25 -5.71002E-01  7.64914E-01 -2.98099E-01
  1.585E+02  2.56438E-25 -5.66652E-01  7.65788E-01 -3.04095E-01
  1.590E+02  2.45426E-25 -5.61782E-01  7.66896E-01 -3.10275E-01
  1.595E+02  2.34707E-25 -5.56356E-01  7.68247E-01 -3.16646E-01
  1.600E+02  2.24278E-25 -5.50333E-01  7.69848E-01 -3.23214E-01
  1.605E+02  2.14137E-25 -5.43667E-01  7.71710E-01 -3.29985E-01
  1.610E+02  2.04280E-25 -5.36311E-01  7.73839E-01 -3.36963E-01
  1.615E+02  1.94707E-25 -5.28209E-01  7.76243E-01 -3.44154E-01
  1.620E+02  1.85415E-25 -5.19302E-01  7.78929E-01 -3.51562E-01
  1.625E+02  1.76401E-25 -5.09525E-01  7.81900E-01 -3.59189E-01
  1.630E+02  1.67664E-25 -4.98805E-01  7.85161E-01 -3.67037E-01
  1.635E+02  1.59201E-25 -4.87062E-01  7.88711E-01 -3.75107E-01
  1.640E+02  1.51011E-25 -4.74207E-01  7.92549E-01 -3.83397E-01
  1.645E+02  1.43092E-25 -4.60144E-01  7.96669E-01 -3.91901E-01
  1.650E+02  1.35442E-25 -4.44764E-01  8.01059E-01 -4.00612E-01
  1.655E+02  1.28058E-25 -4.27949E-01  8.05702E-01 -4.09516E-01
  1.660E+02  1.20941E-25 -4.09568E-01  8.10574E-01 -4.18596E-01
  1.665E+02  1.14087E-25 -3.89476E-01  8.15642E-01 -4.27828E-01
  1.670E+02  1.07496E-25 -3.67515E-01  8.20858E-01 -4.37178E-01
  1.675E+02  1.01166E-25 -3.43511E-01  8.26164E-01 -4.46602E-01
  1.680E+02  9.50946E-26 -3.17275E-01  8.31480E-01 -4.56045E-01
  1.685E+02  8.92817E-26 -2.88599E-01  8.36708E-01 -4.65435E-01
  1.690E+02  8.37256E-26 -2.57263E-01  8.41720E-01 -4.74681E-01
  1.695E+02  7.84251E-26 -2.23029E-01  8.46358E-01 -4.83670E-01
  1.700E+02  7.33789E-26 -1.85647E-01  8.50422E-01 -4.92257E-01
  1.705E+02  6.85860E-26 -1.44857E-01  8.53667E-01 -5.00269E-01
  1.710E+02  6.40452E-26 -1.00399E-01  8.55790E-01 -5.07487E-01
  1.715E+02  5.97555E-26 -5.20175E-02  8.56422E-01 -5.13649E-01
  1.720E+02  5.57160E-26  5.20804E-04  8.55117E-01 -5.18435E-01
  1.725E+02  5.19258E-26  5.74091E-02  8.51340E-01 -5.21463E-01
  1.730E+02  4.83840E-26  1.18774E-01  8.44461E-01 -5.22282E-01
  1.735E+02  4.50899E-26  1.84640E-01  8.33743E-01 -5.20366E-01
  1.740E+02  4.20428E-26  2.54887E-01  8.18345E-01 -5.15115E-01
  1.745E+02  3.92418E-26  3.29198E-01  7.97331E-01 -5.05858E-01
  1.750E+02  3.66865E-26  4.06995E-01  7.69686E-01 -4.91873E-01
  1.755E+02  3.43763E-26  4.87378E-01  7.34365E-01 -4.72410E-01
  1.760E+02  3.23106E-26  5.69065E-01  6.90351E-01 -4.46745E-01
  1.765E+02  3.04890E-26  6.50349E-01  6.36752E-01 -4.14238E-01
  1.770E+02  2.89111E-26  7.29090E-01  5.72916E-01 -3.74426E-01
  1.775E+02  2.75766E-26  8.02762E-01  4.98569E-01 -3.27111E-01
  1.780E+02  2.64850E-26  8.68565E-01  4.13953E-01 -2.72467E-01
  1.785E+02  2.56363E-26  9.23620E-01  3.19936E-01 -2.11111E-01
  1.790E+02  2.50303E-26  9.65231E-01  2.18062E-01 -1.44147E-01
  1.795E+02  2.46667E-26  9.91180E-01  1.10518E-01 -7.31350E-02
