  4.300E+00  3.77633E-19  9.97589E-01  6.93975E-02  3.51338E-05
  4.400E+00  3.44696E-19  9.97475E-01  7.10117E-02  3.70287E-05
  4.500E+00  3.15283E-19  9.97359E-01  7.26258E-02  3.89797E-05
  4.600E+00  2.88951E-19  9.97240E-01  7.42398E-02  4.09875E-05
  4.700E+00  2.65321E-19  9.97119E-01  7.58538E-02  4.30496E-05
  4.800E+00  2.44065E-19  9.96995E-01  7.74678E-02  4.51715E-05
  4.900E+00  2.24903E-19  9.96868E-01  7.90817E-02  4.73445E-05
  5.000E+00  2.07592E-19  9.96739E-01  8.06955E-02  4.95790E-05
  5.100E+00  1.91920E-19  9.96607E-01  8.23093E-02  5.18651E-05
  5.200E+00  1.77706E-19  9.96472E-01  8.39230E-02  5.42091E-05
  5.300E+00  1.64789E-19  9.96335E-01  8.55366E-02  5.66098E-05
  5.400E+00  1.53028E-19  9.96195E-01  8.71502E-02  5.90616E-05
  5.500E+00  1.42303E-19  9.96053E-01  8.87637E-02  6.15754E-05
  5.600E+00  1.32505E-19  9.95908E-01  9.03772E-02  6.41367E-05
  5.700E+00  1.23540E-19  9.95760E-01  9.19905E-02  6.67589E-05
  5.800E+00  1.15323E-19  9.95610E-01  9.36038E-02  6.94322E-05
  5.900E+00  1.07782E-19  9.95457E-01  9.52170E-02  7.21588E-05
  6.000E+00  1.00850E-19  9.95301E-01  9.68301E-02  7.49435E-05
  6.100E+00  9.44693E-20  9.95143E-01  9.84431E-02  7.77743E-05
  6.200E+00  8.85878E-20  9.94982E-01  1.00056E-01  8.06659E-05
  6.300E+00  8.31592E-20  9.94818E-01  1.01669E-01  8.36030E-05
  6.400E+00  7.81424E-20  9.94652E-01  1.03282E-01  8.65957E-05
  6.500E+00  7.35004E-20  9.94483E-01  1.04894E-01  8.96402E-05
  6.600E+00  6.91998E-20  9.94312E-01  1.06507E-01  9.27311E-05
  6.700E+00  6.52111E-20  9.94138E-01  1.08119E-01  9.58794E-05
  6.800E+00  6.15074E-20  9.93961E-01  1.09731E-01  9.90694E-05
  6.900E+00  5.80645E-20  9.93782E-01  1.11343E-01  1.02315E-04
  7.000E+00  5.48606E-20  9.93600E-01  1.12956E-01  1.05606E-04
  7.100E+00  5.18761E-20  9.93415E-01  1.14567E-01  1.08944E-04
  7.200E+00  4.90932E-20  9.93228E-01  1.16179E-01  1.12333E-04
  7.300E+00  4.64956E-20  9.93038E-01  1.17791E-01  1.15762E-04
  7.400E+00  4.40687E-20  9.92846E-01  1.19402E-01  1.19244E-04
  7.500E+00  4.17993E-20  9.92651E-01  1.21014E-01  1.22766E-04
  7.600E+00  3.96751E-20  9.92453E-01  1.22625E-01  1.26334E-04
  7.700E+00  3.76851E-20  9.92253E-01  1.24236E-01  1.29947E-04
  7.800E+00  3.58193E-20  9.92050E-01  1.25847E-01  1.33598E-04
  7.900E+00  3.40685E-20  9.91844E-01  1.27458E-01  1.37297E-04
  8.000E+00  3.24241E-20  9.91636E-01  1.29068E-01  1.41031E-04
  8.100E+00  3.08786E-20  9.91425E-01  1.30679E-01  1.44811E-04
  8.200E+00  2.94248E-20  9.91211E-01  1.32289E-01  1.48626E-04
  8.300E+00  2.80563E-20  9.90995E-01  1.33899E-01  1.52480E-04
  8.400E+00  2.67672E-20  9.90776E-01  1.35509E-01  1.56376E-04
  8.500E+00  2.55519E-20  9.90555E-01  1.37119E-01  1.60302E-04
  8.600E+00  2.44054E-20  9.90330E-01  1.38729E-01  1.64270E-04
  8.700E+00  2.33230E-20  9.90104E-01  1.40338E-01  1.68267E-04
  8.800E+00  2.23006E-20  9.89874E-01  1.41947E-01  1.72302E-04
  8.900E+00  2.13341E-20  9.89642E-01  1.43557E-01  1.76369E-04
  9.000E+00  2.04199E-20  9.89407E-01  1.45165E-01  1.80465E-04
  9.100E+00  1.95547E-20  9.89170E-01  1.46774E-01  1.84598E-04
  9.200E+00  1.87353E-20  9.88930E-01  1.48383E-01  1.88754E-04
  9.300E+00  1.79588E-20  9.88687E-01  1.49991E-01  1.92944E-04
  9.400E+00  1.72225E-20  9.88442E-01  1.51599E-01  1.97159E-04
  9.500E+00  1.65240E-20  9.88194E-01  1.53207E-01  2.01401E-04
  9.600E+00  1.58609E-20  9.87944E-01  1.54814E-01  2.05671E-04
  9.700E+00  1.52311E-20  9.87690E-01  1.56422E-01  2.09962E-04
  9.800E+00  1.46326E-20  9.87434E-01  1.58029E-01  2.14281E-04
  9.900E+00  1.40636E-20  9.87176E-01  1.59636E-01  2.18618E-04
  1.000E+01  1.35223E-20  9.86915E-01  1.61243E-01  2.22979E-04
  1.025E+01  1.22800E-20  9.86250E-01  1.65259E-01  2.33966E-04
  1.050E+01  1.11788E-20  9.85569E-01  1.69273E-01  2.45062E-04
  1.075E+01  1.01998E-20  9.84872E-01  1.73286E-01  2.56249E-04
  1.100E+01  9.32696E-21  9.84157E-01  1.77297E-01  2.67508E-04
  1.125E+01  8.54678E-21  9.83427E-01  1.81306E-01  2.78821E-04
  1.150E+01  7.84761E-21  9.82679E-01  1.85314E-01  2.90169E-04
  1.175E+01  7.21952E-21  9.81915E-01  1.89320E-01  3.01532E-04
  1.200E+01  6.65396E-21  9.81135E-01  1.93324E-01  3.12893E-04
  1.225E+01  6.14357E-21  9.80338E-01  1.97326E-01  3.24230E-04
  1.250E+01  5.68198E-21  9.79524E-01  2.01326E-01  3.35525E-04
  1.275E+01  5.26365E-21  9.78694E-01  2.05323E-01  3.46758E-04
  1.300E+01  4.88379E-21  9.77847E-01  2.09319E-01  3.57909E-04
  1.325E+01  4.53821E-21  9.76984E-01  2.13312E-01  3.68958E-04
  1.350E+01  4.22322E-21  9.76104E-01  2.17303E-01  3.79886E-04
  1.375E+01  3.93562E-21  9.75207E-01  2.21292E-01  3.90672E-04
  1.400E+01  3.67257E-21  9.74294E-01  2.25278E-01  4.01297E-04
  1.425E+01  3.43159E-21  9.73365E-01  2.29262E-01  4.11740E-04
  1.450E+01  3.21047E-21  9.72418E-01  2.33243E-01  4.21982E-04
  1.475E+01  3.00726E-21  9.71455E-01  2.37222E-01  4.32003E-04
  1.500E+01  2.82024E-21  9.70476E-01  2.41198E-01  4.41783E-04
  1.525E+01  2.64787E-21  9.69480E-01  2.45171E-01  4.51303E-04
  1.550E+01  2.48879E-21  9.68467E-01  2.49141E-01  4.60543E-04
  1.575E+01  2.34177E-21  9.67438E-01  2.53108E-01  4.69483E-04
  1.600E+01  2.20572E-21  9.66392E-01  2.57072E-01  4.78104E-04
  1.625E+01  2.07966E-21  9.65330E-01  2.61033E-01  4.86388E-04
  1.650E+01  1.96272E-21  9.64251E-01  2.64991E-01  4.94314E-04
  1.675E+01  1.85411E-21  9.63155E-01  2.68945E-01  5.01865E-04
  1.700E+01  1.75311E-21  9.62043E-01  2.72896E-01  5.09022E-04
  1.725E+01  1.65910E-21  9.60915E-01  2.76844E-01  5.15765E-04
  1.750E+01  1.57149E-21  9.59770E-01  2.80788E-01  5.22078E-04
  1.775E+01  1.48977E-21  9.58608E-01  2.84729E-01  5.27942E-04
  1.800E+01  1.41345E-21  9.57430E-01  2.88666E-01  5.33339E-04
  1.825E+01  1.34211E-21  9.56235E-01  2.92600E-01  5.38252E-04
  1.850E+01  1.27535E-21  9.55024E-01  2.96529E-01  5.42663E-04
  1.875E+01  1.21284E-21  9.53796E-01  3.00455E-01  5.46556E-04
  1.900E+01  1.15423E-21  9.52552E-01  3.04376E-01  5.49914E-04
  1.925E+01  1.09925E-21  9.51291E-01  3.08294E-01  5.52720E-04
  1.950E+01  1.04761E-21  9.50014E-01  3.12207E-01  5.54958E-04
  1.975E+01  9.99081E-22  9.48720E-01  3.16117E-01  5.56612E-04
  2.000E+01  9.53430E-22  9.47410E-01  3.20022E-01  5.57667E-04
  2.025E+01  9.10454E-22  9.46084E-01  3.23922E-01  5.58107E-04
  2.050E+01  8.69964E-22  9.44741E-01  3.27818E-01  5.57917E-04
  2.075E+01  8.31786E-22  9.43381E-01  3.31710E-01  5.57083E-04
  2.100E+01  7.95761E-22  9.42005E-01  3.35597E-01  5.55589E-04
  2.125E+01  7.61744E-22  9.40613E-01  3.39479E-01  5.53422E-04
  2.150E+01  7.29598E-22  9.39205E-01  3.43357E-01  5.50568E-04
  2.175E+01  6.99201E-22  9.37780E-01  3.47230E-01  5.47014E-04
  2.200E+01  6.70436E-22  9.36339E-01  3.51097E-01  5.42745E-04
  2.225E+01  6.43199E-22  9.34881E-01  3.54960E-01  5.37749E-04
  2.250E+01  6.17390E-22  9.33408E-01  3.58817E-01  5.32014E-04
  2.275E+01  5.92920E-22  9.31918E-01  3.62670E-01  5.25527E-04
  2.300E+01  5.69704E-22  9.30411E-01  3.66517E-01  5.18276E-04
  2.325E+01  5.47665E-22  9.28889E-01  3.70359E-01  5.10250E-04
  2.350E+01  5.26730E-22  9.27350E-01  3.74195E-01  5.01436E-04
  2.375E+01  5.06833E-22  9.25795E-01  3.78026E-01  4.91825E-04
  2.400E+01  4.87910E-22  9.24224E-01  3.81851E-01  4.81404E-04
  2.425E+01  4.69905E-22  9.22637E-01  3.85670E-01  4.70165E-04
  2.450E+01  4.52762E-22  9.21033E-01  3.89484E-01  4.58095E-04
  2.475E+01  4.36433E-22  9.19414E-01  3.93292E-01  4.45187E-04
  2.500E+01  4.20870E-22  9.17778E-01  3.97093E-01  4.31429E-04
  2.550E+01  3.91870E-22  9.14459E-01  4.04679E-01  4.01330E-04
  2.600E+01  3.65447E-22  9.11075E-01  4.12240E-01  3.67728E-04
  2.650E+01  3.41325E-22  9.07628E-01  4.19775E-01  3.30556E-04
  2.700E+01  3.19263E-22  9.04117E-01  4.27284E-01  2.89754E-04
  2.750E+01  2.99047E-22  9.00543E-01  4.34767E-01  2.45263E-04
  3.150E+01  1.85342E-22  8.69697E-01  4.93586E-01 -2.48934E-04
  3.200E+01  1.75455E-22  8.65564E-01  5.00799E-01 -3.28523E-04
  3.250E+01  1.66259E-22  8.61370E-01  5.07979E-01 -4.12158E-04
  3.300E+01  1.57695E-22  8.57115E-01  5.15125E-01 -4.99854E-04
  3.350E+01  1.49710E-22  8.52801E-01  5.22236E-01 -5.91627E-04
  3.400E+01  1.42256E-22  8.48427E-01  5.29313E-01 -6.87489E-04
  3.450E+01  1.35289E-22  8.43993E-01  5.36354E-01 -7.87449E-04
  3.500E+01  1.28772E-22  8.39500E-01  5.43359E-01 -8.91515E-04
  3.550E+01  1.22667E-22  8.34949E-01  5.50327E-01 -9.99690E-04
  3.600E+01  1.16944E-22  8.30339E-01  5.57257E-01 -1.11198E-03
  3.650E+01  1.11572E-22  8.25671E-01  5.64150E-01 -1.22838E-03
  3.700E+01  1.06525E-22  8.20946E-01  5.71005E-01 -1.34889E-03
  3.750E+01  1.01780E-22  8.16163E-01  5.77820E-01 -1.47351E-03
  3.800E+01  9.73131E-23  8.11323E-01  5.84595E-01 -1.60224E-03
  3.850E+01  9.31050E-23  8.06427E-01  5.91331E-01 -1.73507E-03
  3.900E+01  8.91372E-23  8.01475E-01  5.98026E-01 -1.87199E-03
  3.950E+01  8.53925E-23  7.96467E-01  6.04679E-01 -2.01299E-03
  4.000E+01  8.18556E-23  7.91403E-01  6.11291E-01 -2.15806E-03
  4.050E+01  7.85122E-23  7.86285E-01  6.17860E-01 -2.30720E-03
  4.100E+01  7.53491E-23  7.81112E-01  6.24387E-01 -2.46039E-03
  4.150E+01  7.23543E-23  7.75884E-01  6.30870E-01 -2.61762E-03
  4.200E+01  6.95167E-23  7.70604E-01  6.37309E-01 -2.77887E-03
  4.250E+01  6.68260E-23  7.65269E-01  6.43704E-01 -2.94414E-03
  4.300E+01  6.42729E-23  7.59882E-01  6.50053E-01 -3.11339E-03
  4.350E+01  6.18486E-23  7.54443E-01  6.56358E-01 -3.28664E-03
  4.400E+01  5.95449E-23  7.48951E-01  6.62616E-01 -3.46384E-03
  4.450E+01  5.73545E-23  7.43408E-01  6.68828E-01 -3.64499E-03
  4.500E+01  5.52704E-23  7.37814E-01  6.74993E-01 -3.83008E-03
  4.550E+01  5.32862E-23  7.32169E-01  6.81111E-01 -4.01908E-03
  4.600E+01  5.13958E-23  7.26474E-01  6.87181E-01 -4.21198E-03
  4.650E+01  4.95938E-23  7.20729E-01  6.93203E-01 -4.40877E-03
  4.700E+01  4.78751E-23  7.14935E-01  6.99176E-01 -4.60941E-03
  4.750E+01  4.62347E-23  7.09092E-01  7.05099E-01 -4.81391E-03
  4.800E+01  4.46682E-23  7.03201E-01  7.10974E-01 -5.02223E-03
  4.850E+01  4.31716E-23  6.97262E-01  7.16798E-01 -5.23437E-03
  4.900E+01  4.17408E-23  6.91275E-01  7.22571E-01 -5.45030E-03
  4.950E+01  4.03722E-23  6.85242E-01  7.28294E-01 -5.67001E-03
  5.000E+01  3.90626E-23  6.79162E-01  7.33965E-01 -5.89349E-03
  5.050E+01  3.78086E-23  6.73036E-01  7.39585E-01 -6.12070E-03
  5.100E+01  3.66073E-23  6.66864E-01  7.45152E-01 -6.35165E-03
  5.150E+01  3.54560E-23  6.60648E-01  7.50667E-01 -6.58631E-03
  5.200E+01  3.43520E-23  6.54387E-01  7.56129E-01 -6.82467E-03
  5.250E+01  3.32928E-23  6.48083E-01  7.61537E-01 -7.06671E-03
  5.300E+01  3.22763E-23  6.41735E-01  7.66892E-01 -7.31242E-03
  5.350E+01  3.13003E-23  6.35344E-01  7.72192E-01 -7.56178E-03
  5.400E+01  3.03626E-23  6.28910E-01  7.77439E-01 -7.81478E-03
  5.450E+01  2.94615E-23  6.22435E-01  7.82630E-01 -8.07141E-03
  5.500E+01  2.85951E-23  6.15918E-01  7.87766E-01 -8.33164E-03
  5.550E+01  2.77617E-23  6.09361E-01  7.92846E-01 -8.59548E-03
  5.600E+01  2.69598E-23  6.02763E-01  7.97871E-01 -8.86291E-03
  5.650E+01  2.61879E-23  5.96126E-01  8.02839E-01 -9.13391E-03
  5.700E+01  2.54445E-23  5.89449E-01  8.07751E-01 -9.40847E-03
  5.750E+01  2.47283E-23  5.82733E-01  8.12606E-01 -9.68660E-03
  5.800E+01  2.40382E-23  5.75979E-01  8.17403E-01 -9.96826E-03
  5.850E+01  2.33727E-23  5.69188E-01  8.22143E-01 -1.02535E-02
  5.900E+01  2.27310E-23  5.62360E-01  8.26826E-01 -1.05422E-02
  5.950E+01  2.21118E-23  5.55495E-01  8.31450E-01 -1.08344E-02
  6.000E+01  2.15143E-23  5.48594E-01  8.36015E-01 -1.11302E-02
  6.050E+01  2.09373E-23  5.41657E-01  8.40522E-01 -1.14295E-02
  6.100E+01  2.03801E-23  5.34686E-01  8.44969E-01 -1.17323E-02
  6.150E+01  1.98418E-23  5.27680E-01  8.49358E-01 -1.20385E-02
  6.200E+01  1.93216E-23  5.20641E-01  8.53687E-01 -1.23483E-02
  6.250E+01  1.88187E-23  5.13568E-01  8.57955E-01 -1.26615E-02
  6.300E+01  1.83324E-23  5.06463E-01  8.62164E-01 -1.29782E-02
  6.350E+01  1.78620E-23  4.99326E-01  8.66312E-01 -1.32985E-02
  6.400E+01  1.74068E-23  4.92157E-01  8.70400E-01 -1.36222E-02
  6.450E+01  1.69662E-23  4.84957E-01  8.74427E-01 -1.39493E-02
  6.500E+01  1.65396E-23  4.77727E-01  8.78392E-01 -1.42800E-02
  6.550E+01  1.61265E-23  4.70467E-01  8.82296E-01 -1.46141E-02
  6.600E+01  1.57264E-23  4.63178E-01  8.86139E-01 -1.49517E-02
  6.650E+01  1.53386E-23  4.55861E-01  8.89920E-01 -1.52928E-02
  6.700E+01  1.49628E-23  4.48515E-01  8.93638E-01 -1.56374E-02
  6.750E+01  1.45984E-23  4.41142E-01  8.97295E-01 -1.59855E-02
  6.800E+01  1.42450E-23  4.33742E-01  9.00889E-01 -1.63371E-02
  6.850E+01  1.39022E-23  4.26316E-01  9.04420E-01 -1.66922E-02
  6.900E+01  1.35696E-23  4.18865E-01  9.07889E-01 -1.70508E-02
  6.950E+01  1.32469E-23  4.11388E-01  9.11294E-01 -1.74129E-02
  7.000E+01  1.29336E-23  4.03887E-01  9.14636E-01 -1.77785E-02
  7.050E+01  1.26293E-23  3.96361E-01  9.17915E-01 -1.81477E-02
  7.100E+01  1.23339E-23  3.88813E-01  9.21131E-01 -1.85204E-02
  7.150E+01  1.20469E-23  3.81242E-01  9.24282E-01 -1.88967E-02
  7.200E+01  1.17680E-23  3.73649E-01  9.27370E-01 -1.92765E-02
  7.250E+01  1.14970E-23  3.66034E-01  9.30394E-01 -1.96599E-02
  7.300E+01  1.12335E-23  3.58399E-01  9.33353E-01 -2.00469E-02
  7.350E+01  1.09774E-23  3.50743E-01  9.36249E-01 -2.04375E-02
  7.400E+01  1.07282E-23  3.43068E-01  9.39080E-01 -2.08318E-02
  7.450E+01  1.04859E-23  3.35374E-01  9.41846E-01 -2.12297E-02
  7.500E+01  1.02502E-23  3.27661E-01  9.44548E-01 -2.16312E-02
  7.550E+01  1.00208E-23  3.19931E-01  9.47185E-01 -2.20364E-02
  7.600E+01  9.79752E-24  3.12183E-01  9.49757E-01 -2.24454E-02
  7.650E+01  9.58017E-24  3.04419E-01  9.52264E-01 -2.28580E-02
  7.700E+01  9.36854E-24  2.96639E-01  9.54706E-01 -2.32744E-02
  7.750E+01  9.16245E-24  2.88843E-01  9.57083E-01 -2.36945E-02
  7.800E+01  8.96170E-24  2.81033E-01  9.59395E-01 -2.41184E-02
  7.850E+01  8.76614E-24  2.73209E-01  9.61641E-01 -2.45461E-02
  7.900E+01  8.57558E-24  2.65372E-01  9.63823E-01 -2.49777E-02
  7.950E+01  8.38986E-24  2.57522E-01  9.65938E-01 -2.54131E-02
  8.000E+01  8.20884E-24  2.49659E-01  9.67989E-01 -2.58524E-02
  8.050E+01  8.03236E-24  2.41785E-01  9.69973E-01 -2.62956E-02
  8.100E+01  7.86028E-24  2.33900E-01  9.71893E-01 -2.67427E-02
  8.150E+01  7.69246E-24  2.26005E-01  9.73746E-01 -2.71939E-02
  8.200E+01  7.52877E-24  2.18100E-01  9.75535E-01 -2.76490E-02
  8.250E+01  7.36908E-24  2.10187E-01  9.77257E-01 -2.81082E-02
  8.300E+01  7.21327E-24  2.02264E-01  9.78914E-01 -2.85715E-02
  8.350E+01  7.06122E-24  1.94335E-01  9.80505E-01 -2.90389E-02
  8.400E+01  6.91282E-24  1.86398E-01  9.82031E-01 -2.95104E-02
  8.450E+01  6.76796E-24  1.78454E-01  9.83491E-01 -2.99861E-02
  8.500E+01  6.62652E-24  1.70505E-01  9.84886E-01 -3.04661E-02
  8.550E+01  6.48842E-24  1.62551E-01  9.86215E-01 -3.09503E-02
  8.600E+01  6.35355E-24  1.54592E-01  9.87478E-01 -3.14389E-02
  8.650E+01  6.22181E-24  1.46629E-01  9.88676E-01 -3.19318E-02
  8.700E+01  6.09312E-24  1.38663E-01  9.89809E-01 -3.24291E-02
  8.750E+01  5.96739E-24  1.30694E-01  9.90876E-01 -3.29308E-02
  8.800E+01  5.84454E-24  1.22723E-01  9.91877E-01 -3.34370E-02
  8.850E+01  5.72447E-24  1.14751E-01  9.92814E-01 -3.39478E-02
  8.900E+01  5.60712E-24  1.06779E-01  9.93685E-01 -3.44632E-02
  8.950E+01  5.49241E-24  9.88063E-02  9.94492E-01 -3.49832E-02
  9.000E+01  5.38026E-24  9.08344E-02  9.95233E-01 -3.55080E-02
  9.050E+01  5.27060E-24  8.28637E-02  9.95909E-01 -3.60375E-02
  9.100E+01  5.16336E-24  7.48950E-02  9.96521E-01 -3.65718E-02
  9.150E+01  5.05848E-24  6.69289E-02  9.97067E-01 -3.71110E-02
  9.200E+01  4.95590E-24  5.89660E-02  9.97550E-01 -3.76551E-02
  9.250E+01  4.85554E-24  5.10070E-02  9.97967E-01 -3.82042E-02
  9.300E+01  4.75736E-24  4.30525E-02  9.98321E-01 -3.87584E-02
  9.350E+01  4.66129E-24  3.51033E-02  9.98610E-01 -3.93177E-02
  9.400E+01  4.56727E-24  2.71599E-02  9.98835E-01 -3.98823E-02
  9.450E+01  4.47526E-24  1.92230E-02  9.98997E-01 -4.04520E-02
  9.500E+01  4.38520E-24  1.12933E-02  9.99094E-01 -4.10272E-02
  9.550E+01  4.29703E-24  3.37140E-03  9.99128E-01 -4.16077E-02
  9.600E+01  4.21072E-24 -4.54201E-03  9.99099E-01 -4.21937E-02
  9.650E+01  4.12621E-24 -1.24463E-02  9.99007E-01 -4.27853E-02
  9.700E+01  4.04346E-24 -2.03408E-02  9.98851E-01 -4.33826E-02
  9.750E+01  3.96241E-24 -2.82248E-02  9.98633E-01 -4.39855E-02
  9.800E+01  3.88304E-24 -3.60977E-02  9.98353E-01 -4.45943E-02
  9.850E+01  3.80529E-24 -4.39589E-02  9.98010E-01 -4.52090E-02
  9.900E+01  3.72913E-24 -5.18076E-02  9.97605E-01 -4.58297E-02
  9.950E+01  3.65452E-24 -5.96432E-02  9.97138E-01 -4.64565E-02
  1.000E+02  3.58141E-24 -6.74650E-02  9.96610E-01 -4.70895E-02
  1.005E+02  3.50978E-24 -7.52725E-02  9.96020E-01 -4.77287E-02
  1.010E+02  3.43958E-24 -8.30648E-02  9.95369E-01 -4.83743E-02
  1.015E+02  3.37078E-24 -9.08414E-02  9.94658E-01 -4.90264E-02
  1.020E+02  3.30335E-24 -9.86016E-02  9.93886E-01 -4.96851E-02
  1.025E+02  3.23725E-24 -1.06345E-01  9.93054E-01 -5.03505E-02
  1.030E+02  3.17246E-24 -1.14070E-01  9.92162E-01 -5.10227E-02
  1.035E+02  3.10894E-24 -1.21777E-01  9.91210E-01 -5.17018E-02
  1.040E+02  3.04666E-24 -1.29465E-01  9.90199E-01 -5.23879E-02
  1.045E+02  2.98559E-24 -1.37133E-01  9.89129E-01 -5.30813E-02
  1.050E+02  2.92571E-24 -1.44781E-01  9.88001E-01 -5.37819E-02
  1.055E+02  2.86698E-24 -1.52407E-01  9.86815E-01 -5.44899E-02
  1.060E+02  2.80939E-24 -1.60012E-01  9.85570E-01 -5.52055E-02
  1.065E+02  2.75290E-24 -1.67594E-01  9.84268E-01 -5.59287E-02
  1.070E+02  2.69749E-24 -1.75154E-01  9.82909E-01 -5.66598E-02
  1.075E+02  2.64313E-24 -1.82689E-01  9.81494E-01 -5.73989E-02
  1.080E+02  2.58981E-24 -1.90200E-01  9.80022E-01 -5.81461E-02
  1.085E+02  2.53750E-24 -1.97686E-01  9.78494E-01 -5.89015E-02
  1.090E+02  2.48617E-24 -2.05146E-01  9.76911E-01 -5.96654E-02
  1.095E+02  2.43581E-24 -2.12579E-01  9.75273E-01 -6.04379E-02
  1.100E+02  2.38639E-24 -2.19986E-01  9.73580E-01 -6.12191E-02
  1.105E+02  2.33789E-24 -2.27364E-01  9.71834E-01 -6.20092E-02
  1.110E+02  2.29030E-24 -2.34714E-01  9.70033E-01 -6.28085E-02
  1.115E+02  2.24359E-24 -2.42035E-01  9.68180E-01 -6.36170E-02
  1.120E+02  2.19774E-24 -2.49325E-01  9.66274E-01 -6.44350E-02
  1.125E+02  2.15274E-24 -2.56585E-01  9.64316E-01 -6.52626E-02
  1.130E+02  2.10857E-24 -2.63814E-01  9.62306E-01 -6.61001E-02
  1.135E+02  2.06521E-24 -2.71010E-01  9.60245E-01 -6.69477E-02
  1.140E+02  2.02264E-24 -2.78174E-01  9.58134E-01 -6.78055E-02
  1.145E+02  1.98085E-24 -2.85305E-01  9.55973E-01 -6.86739E-02
  1.150E+02  1.93982E-24 -2.92401E-01  9.53763E-01 -6.95529E-02
  1.155E+02  1.89954E-24 -2.99462E-01  9.51504E-01 -7.04429E-02
  1.160E+02  1.85998E-24 -3.06488E-01  9.49197E-01 -7.13440E-02
  1.165E+02  1.82114E-24 -3.13478E-01  9.46843E-01 -7.22566E-02
  1.170E+02  1.78301E-24 -3.20430E-01  9.44441E-01 -7.31808E-02
  1.175E+02  1.74556E-24 -3.27345E-01  9.41994E-01 -7.41170E-02
  1.180E+02  1.70878E-24 -3.34221E-01  9.39501E-01 -7.50654E-02
  1.185E+02  1.67266E-24 -3.41058E-01  9.36963E-01 -7.60262E-02
  1.190E+02  1.63719E-24 -3.47855E-01  9.34381E-01 -7.69998E-02
  1.195E+02  1.60235E-24 -3.54612E-01  9.31756E-01 -7.79865E-02
  1.200E+02  1.56813E-24 -3.61326E-01  9.29088E-01 -7.89865E-02
  1.205E+02  1.53453E-24 -3.67999E-01  9.26378E-01 -8.00002E-02
  1.210E+02  1.50152E-24 -3.74629E-01  9.23628E-01 -8.10278E-02
  1.215E+02  1.46910E-24 -3.81215E-01  9.20837E-01 -8.20699E-02
  1.220E+02  1.43725E-24 -3.87756E-01  9.18006E-01 -8.31265E-02
  1.225E+02  1.40597E-24 -3.94252E-01  9.15137E-01 -8.41982E-02
  1.230E+02  1.37524E-24 -4.00702E-01  9.12231E-01 -8.52854E-02
  1.235E+02  1.34505E-24 -4.07105E-01  9.09287E-01 -8.63883E-02
  1.240E+02  1.31540E-24 -4.13460E-01  9.06308E-01 -8.75073E-02
  1.245E+02  1.28627E-24 -4.19766E-01  9.03293E-01 -8.86430E-02
  1.250E+02  1.25766E-24 -4.26023E-01  9.00245E-01 -8.97957E-02
  1.255E+02  1.22955E-24 -4.32230E-01  8.97163E-01 -9.09658E-02
  1.260E+02  1.20193E-24 -4.38386E-01  8.94050E-01 -9.21538E-02
  1.265E+02  1.17480E-24 -4.44489E-01  8.90906E-01 -9.33602E-02
  1.270E+02  1.14815E-24 -4.50540E-01  8.87731E-01 -9.45854E-02
  1.275E+02  1.12197E-24 -4.56537E-01  8.84528E-01 -9.58300E-02
  1.280E+02  1.09625E-24 -4.62479E-01  8.81298E-01 -9.70945E-02
  1.285E+02  1.07098E-24 -4.68366E-01  8.78041E-01 -9.83794E-02
  1.290E+02  1.04616E-24 -4.74195E-01  8.74758E-01 -9.96853E-02
  1.295E+02  1.02178E-24 -4.79968E-01  8.71451E-01 -1.01013E-01
  1.300E+02  9.97820E-25 -4.85681E-01  8.68122E-01 -1.02362E-01
  1.305E+02  9.74287E-25 -4.91335E-01  8.64771E-01 -1.03735E-01
  1.310E+02  9.51169E-25 -4.96928E-01  8.61400E-01 -1.05131E-01
  1.315E+02  9.28460E-25 -5.02459E-01  8.58010E-01 -1.06550E-01
  1.320E+02  9.06152E-25 -5.07928E-01  8.54603E-01 -1.07995E-01
  1.325E+02  8.84239E-25 -5.13333E-01  8.51180E-01 -1.09466E-01
  1.330E+02  8.62715E-25 -5.18672E-01  8.47742E-01 -1.10962E-01
  1.335E+02  8.41572E-25 -5.23945E-01  8.44292E-01 -1.12486E-01
  1.340E+02  8.20806E-25 -5.29150E-01  8.40830E-01 -1.14037E-01
  1.345E+02  8.00409E-25 -5.34287E-01  8.37359E-01 -1.15618E-01
  1.350E+02  7.80376E-25 -5.39353E-01  8.33880E-01 -1.17228E-01
  1.355E+02  7.60702E-25 -5.44348E-01  8.30395E-01 -1.18868E-01
  1.360E+02  7.41380E-25 -5.49270E-01  8.26905E-01 -1.20541E-01
  1.365E+02  7.22405E-25 -5.54118E-01  8.23413E-01 -1.22245E-01
  1.370E+02  7.03771E-25 -5.58889E-01  8.19921E-01 -1.23983E-01
  1.375E+02  6.85474E-25 -5.63584E-01  8.16430E-01 -1.25756E-01
  1.380E+02  6.67509E-25 -5.68199E-01  8.12943E-01 -1.27565E-01
  1.385E+02  6.49869E-25 -5.72734E-01  8.09462E-01 -1.29411E-01
  1.390E+02  6.32552E-25 -5.77186E-01  8.05989E-01 -1.31294E-01
  1.395E+02  6.15550E-25 -5.81553E-01  8.02527E-01 -1.33218E-01
  1.400E+02  5.98861E-25 -5.85835E-01  7.99077E-01 -1.35182E-01
  1.405E+02  5.82480E-25 -5.90028E-01  7.95642E-01 -1.37188E-01
  1.410E+02  5.66401E-25 -5.94131E-01  7.92225E-01 -1.39239E-01
  1.415E+02  5.50621E-25 -5.98141E-01  7.88829E-01 -1.41334E-01
  1.420E+02  5.35135E-25 -6.02056E-01  7.85457E-01 -1.43477E-01
  1.425E+02  5.19940E-25 -6.05875E-01  7.82111E-01 -1.45667E-01
  1.430E+02  5.05031E-25 -6.09593E-01  7.78794E-01 -1.47909E-01
  1.435E+02  4.90405E-25 -6.13208E-01  7.75509E-01 -1.50202E-01
  1.440E+02  4.76057E-25 -6.16719E-01  7.72261E-01 -1.52550E-01
  1.445E+02  4.61984E-25 -6.20120E-01  7.69051E-01 -1.54953E-01
  1.450E+02  4.48182E-25 -6.23411E-01  7.65885E-01 -1.57415E-01
  1.455E+02  4.34647E-25 -6.26586E-01  7.62765E-01 -1.59938E-01
  1.460E+02  4.21376E-25 -6.29642E-01  7.59695E-01 -1.62523E-01
  1.465E+02  4.08366E-25 -6.32576E-01  7.56680E-01 -1.65174E-01
  1.470E+02  3.95613E-25 -6.35384E-01  7.53724E-01 -1.67893E-01
  1.475E+02  3.83115E-25 -6.38061E-01  7.50830E-01 -1.70682E-01
  1.480E+02  3.70867E-25 -6.40602E-01  7.48005E-01 -1.73545E-01
  1.485E+02  3.58867E-25 -6.43003E-01  7.45252E-01 -1.76484E-01
  1.490E+02  3.47111E-25 -6.45259E-01  7.42577E-01 -1.79503E-01
  1.495E+02  3.35598E-25 -6.47363E-01  7.39984E-01 -1.82604E-01
  1.500E+02  3.24323E-25 -6.49310E-01  7.37481E-01 -1.85793E-01
  1.505E+02  3.13284E-25 -6.51093E-01  7.35072E-01 -1.89071E-01
  1.510E+02  3.02479E-25 -6.52705E-01  7.32763E-01 -1.92444E-01
  1.515E+02  2.91905E-25 -6.54139E-01  7.30561E-01 -1.95914E-01
  1.520E+02  2.81558E-25 -6.55386E-01  7.28474E-01 -1.99488E-01
  1.525E+02  2.71438E-25 -6.56438E-01  7.26507E-01 -2.03168E-01
  1.530E+02  2.61540E-25 -6.57285E-01  7.24668E-01 -2.06960E-01
  1.535E+02  2.51863E-25 -6.57917E-01  7.22966E-01 -2.10869E-01
  1.540E+02  2.42404E-25 -6.58323E-01  7.21408E-01 -2.14900E-01
  1.545E+02  2.33162E-25 -6.58490E-01  7.20003E-01 -2.19059E-01
  1.550E+02  2.24133E-25 -6.58405E-01  7.18760E-01 -2.23352E-01
  1.555E+02  2.15316E-25 -6.58055E-01  7.17689E-01 -2.27784E-01
  1.560E+02  2.06709E-25 -6.57423E-01  7.16800E-01 -2.32364E-01
  1.565E+02  1.98309E-25 -6.56491E-01  7.16103E-01 -2.37097E-01
  1.570E+02  1.90114E-25 -6.55242E-01  7.15610E-01 -2.41991E-01
  1.575E+02  1.82124E-25 -6.53655E-01  7.15332E-01 -2.47053E-01
  1.580E+02  1.74335E-25 -6.51706E-01  7.15281E-01 -2.52293E-01
  1.585E+02  1.66745E-25 -6.49372E-01  7.15471E-01 -2.57717E-01
  1.590E+02  1.59354E-25 -6.46623E-01  7.15914E-01 -2.63336E-01
  1.595E+02  1.52160E-25 -6.43431E-01  7.16624E-01 -2.69158E-01
  1.600E+02  1.45160E-25 -6.39762E-01  7.17616E-01 -2.75193E-01
  1.605E+02  1.38353E-25 -6.35578E-01  7.18906E-01 -2.81451E-01
  1.610E+02  1.31737E-25 -6.30838E-01  7.20508E-01 -2.87943E-01
  1.615E+02  1.25312E-25 -6.25497E-01  7.22439E-01 -2.94679E-01
  1.620E+02  1.19075E-25 -6.19503E-01  7.24715E-01 -3.01670E-01
  1.625E+02  1.13024E-25 -6.12799E-01  7.27352E-01 -3.08927E-01
  1.630E+02  1.07160E-25 -6.05322E-01  7.30368E-01 -3.16462E-01
  1.635E+02  1.01480E-25 -5.97001E-01  7.33777E-01 -3.24285E-01
  1.640E+02  9.59827E-26 -5.87757E-01  7.37596E-01 -3.32406E-01
  1.645E+02  9.06672E-26 -5.77498E-01  7.41840E-01 -3.40836E-01
  1.650E+02  8.55323E-26 -5.66126E-01  7.46521E-01 -3.49582E-01
  1.655E+02  8.05767E-26 -5.53527E-01  7.51649E-01 -3.58652E-01
  1.660E+02  7.57994E-26 -5.39573E-01  7.57232E-01 -3.68050E-01
  1.665E+02  7.11992E-26 -5.24121E-01  7.63271E-01 -3.77776E-01
  1.670E+02  6.67751E-26 -5.07008E-01  7.69761E-01 -3.87828E-01
  1.675E+02  6.25261E-26 -4.88051E-01  7.76690E-01 -3.98195E-01
  1.680E+02  5.84512E-26 -4.67044E-01  7.84031E-01 -4.08859E-01
  1.685E+02  5.45496E-26 -4.43753E-01  7.91744E-01 -4.19791E-01
  1.690E+02  5.08203E-26 -4.17917E-01  7.99767E-01 -4.30949E-01
  1.695E+02  4.72626E-26 -3.89241E-01  8.08014E-01 -4.42272E-01
  1.700E+02  4.38756E-26 -3.57396E-01  8.16363E-01 -4.53674E-01
  1.705E+02  4.06585E-26 -3.22019E-01  8.24647E-01 -4.65040E-01
  1.710E+02  3.76107E-26 -2.82706E-01  8.32645E-01 -4.76215E-01
  1.715E+02  3.47315E-26 -2.39024E-01  8.40062E-01 -4.86994E-01
  1.720E+02  3.20201E-26 -1.90507E-01  8.46515E-01 -4.97111E-01
  1.725E+02  2.94761E-26 -1.36677E-01  8.51505E-01 -5.06219E-01
  1.730E+02  2.70989E-26 -7.70582E-02  8.54397E-01 -5.13876E-01
  1.735E+02  2.48879E-26 -1.12121E-02  8.54384E-01 -5.19522E-01
  1.740E+02  2.28426E-26  6.12098E-02  8.50464E-01 -5.22460E-01
  1.745E+02  2.09626E-26  1.40394E-01  8.41412E-01 -5.21838E-01
  1.750E+02  1.92474E-26  2.26265E-01  8.25764E-01 -5.16641E-01
  1.755E+02  1.76968E-26  3.18349E-01  8.01829E-01 -5.05692E-01
  1.760E+02  1.63103E-26  4.15620E-01  7.67735E-01 -4.87691E-01
  1.765E+02  1.50876E-26  5.16321E-01  7.21542E-01 -4.61291E-01
  1.770E+02  1.40285E-26  6.17813E-01  6.61430E-01 -4.25227E-01
  1.775E+02  1.31328E-26  7.16487E-01  5.85981E-01 -3.78514E-01
  1.780E+02  1.24001E-26  8.07830E-01  4.94537E-01 -3.20693E-01
  1.785E+02  1.18305E-26  8.86699E-01  3.87573E-01 -2.52096E-01
  1.790E+02  1.14237E-26  9.47850E-01  2.66997E-01 -1.74047E-01
  1.795E+02  1.11796E-26  9.86678E-01  1.36233E-01 -8.89222E-02
