  2.500E+00  1.23029E-17  9.99302E-01  3.73497E-02  1.94542E-05
  2.600E+00  1.05236E-17  9.99245E-01  3.88459E-02  2.11830E-05
  2.700E+00  9.05498E-18  9.99186E-01  4.03425E-02  2.30655E-05
  2.800E+00  7.83427E-18  9.99124E-01  4.18391E-02  2.50029E-05
  2.900E+00  6.81282E-18  9.99061E-01  4.33358E-02  2.70491E-05
  3.000E+00  5.95279E-18  9.98995E-01  4.48328E-02  2.91977E-05
  3.100E+00  5.22454E-18  9.98926E-01  4.63298E-02  3.14264E-05
  3.200E+00  4.60450E-18  9.98856E-01  4.78271E-02  3.37742E-05
  3.300E+00  4.07395E-18  9.98783E-01  4.93244E-02  3.62047E-05
  3.400E+00  3.61780E-18  9.98708E-01  5.08220E-02  3.87473E-05
  3.500E+00  3.22387E-18  9.98630E-01  5.23196E-02  4.13863E-05
  3.600E+00  2.88224E-18  9.98551E-01  5.38174E-02  4.41295E-05
  3.700E+00  2.58478E-18  9.98469E-01  5.53154E-02  4.69765E-05
  3.800E+00  2.32481E-18  9.98385E-01  5.68134E-02  4.99272E-05
  3.900E+00  2.09679E-18  9.98298E-01  5.83116E-02  5.29832E-05
  4.000E+00  1.89612E-18  9.98210E-01  5.98099E-02  5.61439E-05
  4.100E+00  1.71896E-18  9.98119E-01  6.13084E-02  5.94128E-05
  4.200E+00  1.56206E-18  9.98026E-01  6.28070E-02  6.27839E-05
  4.300E+00  1.42271E-18  9.97930E-01  6.43057E-02  6.62679E-05
  4.400E+00  1.29861E-18  9.97833E-01  6.58045E-02  6.98522E-05
  4.500E+00  1.18778E-18  9.97733E-01  6.73035E-02  7.35498E-05
  4.600E+00  1.08856E-18  9.97630E-01  6.88026E-02  7.73518E-05
  4.700E+00  9.99526E-19  9.97526E-01  7.03018E-02  8.12605E-05
  4.800E+00  9.19438E-19  9.97419E-01  7.18012E-02  8.52821E-05
  4.900E+00  8.47239E-19  9.97310E-01  7.33006E-02  8.94030E-05
  5.000E+00  7.82014E-19  9.97199E-01  7.48002E-02  9.36410E-05
  5.100E+00  7.22969E-19  9.97085E-01  7.62999E-02  9.79782E-05
  5.200E+00  6.69413E-19  9.96969E-01  7.77997E-02  1.02427E-04
  5.300E+00  6.20744E-19  9.96851E-01  7.92996E-02  1.06984E-04
  5.400E+00  5.76436E-19  9.96730E-01  8.07997E-02  1.11641E-04
  5.500E+00  5.36028E-19  9.96608E-01  8.22998E-02  1.16414E-04
  5.600E+00  4.99113E-19  9.96483E-01  8.38001E-02  1.21282E-04
  5.700E+00  4.65337E-19  9.96355E-01  8.53005E-02  1.26264E-04
  5.800E+00  4.34381E-19  9.96226E-01  8.68009E-02  1.31347E-04
  5.900E+00  4.05970E-19  9.96094E-01  8.83015E-02  1.36533E-04
  6.000E+00  3.79854E-19  9.95960E-01  8.98022E-02  1.41827E-04
  6.100E+00  3.55815E-19  9.95823E-01  9.13030E-02  1.47216E-04
  6.200E+00  3.33657E-19  9.95684E-01  9.28039E-02  1.52716E-04
  6.300E+00  3.13207E-19  9.95543E-01  9.43049E-02  1.58310E-04
  6.400E+00  2.94307E-19  9.95400E-01  9.58060E-02  1.64008E-04
  6.500E+00  2.76819E-19  9.95254E-01  9.73072E-02  1.69805E-04
  6.600E+00  2.60619E-19  9.95106E-01  9.88085E-02  1.75696E-04
  6.700E+00  2.45593E-19  9.94956E-01  1.00310E-01  1.81693E-04
  6.800E+00  2.31640E-19  9.94804E-01  1.01811E-01  1.87776E-04
  6.900E+00  2.18670E-19  9.94649E-01  1.03313E-01  1.93963E-04
  7.000E+00  2.06602E-19  9.94492E-01  1.04815E-01  2.00239E-04
  7.100E+00  1.95359E-19  9.94332E-01  1.06316E-01  2.06608E-04
  7.200E+00  1.84876E-19  9.94171E-01  1.07818E-01  2.13073E-04
  7.300E+00  1.75091E-19  9.94007E-01  1.09320E-01  2.19621E-04
  7.400E+00  1.65949E-19  9.93840E-01  1.10822E-01  2.26266E-04
  7.500E+00  1.57401E-19  9.93672E-01  1.12324E-01  2.32992E-04
  7.600E+00  1.49400E-19  9.93501E-01  1.13826E-01  2.39807E-04
  7.700E+00  1.41904E-19  9.93327E-01  1.15328E-01  2.46708E-04
  7.800E+00  1.34876E-19  9.93152E-01  1.16831E-01  2.53688E-04
  7.900E+00  1.28281E-19  9.92974E-01  1.18333E-01  2.60757E-04
  8.000E+00  1.22088E-19  9.92794E-01  1.19836E-01  2.67898E-04
  8.100E+00  1.16266E-19  9.92611E-01  1.21338E-01  2.75125E-04
  8.200E+00  1.10791E-19  9.92426E-01  1.22841E-01  2.82425E-04
  8.300E+00  1.05636E-19  9.92239E-01  1.24343E-01  2.89800E-04
  8.400E+00  1.00781E-19  9.92050E-01  1.25846E-01  2.97253E-04
  8.500E+00  9.62033E-20  9.91858E-01  1.27349E-01  3.04772E-04
  8.600E+00  9.18852E-20  9.91664E-01  1.28852E-01  3.12367E-04
  8.700E+00  8.78088E-20  9.91467E-01  1.30354E-01  3.20026E-04
  8.800E+00  8.39581E-20  9.91269E-01  1.31857E-01  3.27754E-04
  8.900E+00  8.03181E-20  9.91068E-01  1.33360E-01  3.35548E-04
  9.000E+00  7.68752E-20  9.90864E-01  1.34863E-01  3.43402E-04
  9.100E+00  7.36166E-20  9.90658E-01  1.36366E-01  3.51322E-04
  9.200E+00  7.05305E-20  9.90450E-01  1.37870E-01  3.59295E-04
  9.300E+00  6.76062E-20  9.90240E-01  1.39373E-01  3.67331E-04
  9.400E+00  6.48334E-20  9.90027E-01  1.40876E-01  3.75419E-04
  9.500E+00  6.22028E-20  9.89812E-01  1.42379E-01  3.83561E-04
  9.600E+00  5.97057E-20  9.89595E-01  1.43882E-01  3.91757E-04
  9.700E+00  5.73341E-20  9.89375E-01  1.45386E-01  3.99997E-04
  9.800E+00  5.50803E-20  9.89153E-01  1.46889E-01  4.08290E-04
  9.900E+00  5.29375E-20  9.88928E-01  1.48393E-01  4.16625E-04
  1.000E+01  5.08991E-20  9.88702E-01  1.49896E-01  4.25004E-04
  1.025E+01  4.62210E-20  9.88125E-01  1.53655E-01  4.46127E-04
  1.050E+01  4.20744E-20  9.87533E-01  1.57413E-01  4.67473E-04
  1.075E+01  3.83880E-20  9.86926E-01  1.61172E-01  4.89009E-04
  1.100E+01  3.51016E-20  9.86305E-01  1.64931E-01  5.10698E-04
  1.125E+01  3.21641E-20  9.85669E-01  1.68689E-01  5.32506E-04
  1.150E+01  2.95317E-20  9.85018E-01  1.72448E-01  5.54398E-04
  1.175E+01  2.71670E-20  9.84353E-01  1.76207E-01  5.76336E-04
  1.200E+01  2.50378E-20  9.83673E-01  1.79965E-01  5.98284E-04
  1.225E+01  2.31163E-20  9.82978E-01  1.83723E-01  6.20205E-04
  1.250E+01  2.13786E-20  9.82268E-01  1.87481E-01  6.42062E-04
  1.275E+01  1.98038E-20  9.81543E-01  1.91238E-01  6.63817E-04
  1.300E+01  1.83739E-20  9.80804E-01  1.94995E-01  6.85433E-04
  1.325E+01  1.70730E-20  9.80050E-01  1.98752E-01  7.06870E-04
  1.350E+01  1.58874E-20  9.79280E-01  2.02508E-01  7.28093E-04
  1.375E+01  1.48049E-20  9.78496E-01  2.06263E-01  7.49061E-04
  1.400E+01  1.38148E-20  9.77697E-01  2.10018E-01  7.69738E-04
  1.425E+01  1.29078E-20  9.76883E-01  2.13772E-01  7.90084E-04
  1.450E+01  1.20756E-20  9.76054E-01  2.17526E-01  8.10063E-04
  1.475E+01  1.13108E-20  9.75210E-01  2.21278E-01  8.29635E-04
  1.500E+01  1.06070E-20  9.74352E-01  2.25030E-01  8.48763E-04
  1.525E+01  9.95834E-21  9.73478E-01  2.28780E-01  8.67410E-04
  1.550E+01  9.35968E-21  9.72589E-01  2.32530E-01  8.85537E-04
  1.575E+01  8.80643E-21  9.71685E-01  2.36279E-01  9.03108E-04
  1.600E+01  8.29449E-21  9.70766E-01  2.40026E-01  9.20086E-04
  1.625E+01  7.82016E-21  9.69832E-01  2.43772E-01  9.36433E-04
  1.650E+01  7.38015E-21  9.68883E-01  2.47517E-01  9.52113E-04
  1.675E+01  6.97150E-21  9.67919E-01  2.51260E-01  9.67089E-04
  1.700E+01  6.59153E-21  9.66940E-01  2.55002E-01  9.81327E-04
  1.725E+01  6.23783E-21  9.65946E-01  2.58743E-01  9.94791E-04
  1.750E+01  5.90823E-21  9.64937E-01  2.62481E-01  1.00744E-03
  1.775E+01  5.60077E-21  9.63912E-01  2.66218E-01  1.01925E-03
  1.800E+01  5.31366E-21  9.62873E-01  2.69954E-01  1.03019E-03
  1.825E+01  5.04529E-21  9.61818E-01  2.73687E-01  1.04021E-03
  1.850E+01  4.79419E-21  9.60749E-01  2.77419E-01  1.04928E-03
  1.875E+01  4.55903E-21  9.59664E-01  2.81148E-01  1.05738E-03
  1.900E+01  4.33859E-21  9.58564E-01  2.84876E-01  1.06446E-03
  1.925E+01  4.13177E-21  9.57449E-01  2.88601E-01  1.07050E-03
  1.950E+01  3.93756E-21  9.56319E-01  2.92324E-01  1.07547E-03
  1.975E+01  3.75503E-21  9.55174E-01  2.96045E-01  1.07934E-03
  2.000E+01  3.58334E-21  9.54013E-01  2.99763E-01  1.08207E-03
  2.025E+01  3.42171E-21  9.52838E-01  3.03478E-01  1.08363E-03
  2.050E+01  3.26943E-21  9.51647E-01  3.07192E-01  1.08400E-03
  2.075E+01  3.12586E-21  9.50441E-01  3.10902E-01  1.08315E-03
  2.100E+01  2.99039E-21  9.49220E-01  3.14610E-01  1.08105E-03
  2.125E+01  2.86247E-21  9.47985E-01  3.18315E-01  1.07767E-03
  2.150E+01  2.74159E-21  9.46733E-01  3.22016E-01  1.07299E-03
  2.175E+01  2.62729E-21  9.45467E-01  3.25715E-01  1.06698E-03
  2.200E+01  2.51914E-21  9.44186E-01  3.29411E-01  1.05961E-03
  2.225E+01  2.41672E-21  9.42890E-01  3.33104E-01  1.05085E-03
  2.250E+01  2.31969E-21  9.41578E-01  3.36793E-01  1.04070E-03
  2.275E+01  2.22769E-21  9.40252E-01  3.40479E-01  1.02911E-03
  2.300E+01  2.14040E-21  9.38910E-01  3.44161E-01  1.01607E-03
  2.325E+01  2.05755E-21  9.37553E-01  3.47840E-01  1.00155E-03
  2.350E+01  1.97884E-21  9.36182E-01  3.51515E-01  9.85534E-04
  2.375E+01  1.90404E-21  9.34795E-01  3.55187E-01  9.67998E-04
  2.400E+01  1.83291E-21  9.33393E-01  3.58854E-01  9.48922E-04
  2.425E+01  1.76523E-21  9.31976E-01  3.62518E-01  9.28284E-04
  2.450E+01  1.70079E-21  9.30544E-01  3.66178E-01  9.06066E-04
  2.475E+01  1.63941E-21  9.29098E-01  3.69834E-01  8.82247E-04
  2.500E+01  1.58091E-21  9.27636E-01  3.73485E-01  8.56809E-04
  2.550E+01  1.47191E-21  9.24667E-01  3.80775E-01  8.01006E-04
  2.600E+01  1.37260E-21  9.21639E-01  3.88048E-01  7.38518E-04
  2.650E+01  1.28195E-21  9.18551E-01  3.95301E-01  6.69216E-04
  2.700E+01  1.19903E-21  9.15404E-01  4.02536E-01  5.92981E-04
  2.750E+01  1.12307E-21  9.12198E-01  4.09750E-01  5.09700E-04
  2.800E+01  1.05334E-21  9.08932E-01  4.16944E-01  4.19270E-04
  2.850E+01  9.89239E-22  9.05607E-01  4.24117E-01  3.21597E-04
  2.900E+01  9.30208E-22  9.02224E-01  4.31267E-01  2.16592E-04
  3.100E+01  7.35849E-22  8.88108E-01  4.59634E-01 -2.78229E-04
  3.150E+01  6.95869E-22  8.84435E-01  4.66664E-01 -4.20946E-04
  3.200E+01  6.58732E-22  8.80704E-01  4.73667E-01 -5.71368E-04
  3.250E+01  6.24191E-22  8.76916E-01  4.80643E-01 -7.29536E-04
  3.300E+01  5.92026E-22  8.73071E-01  4.87592E-01 -8.95484E-04
  3.350E+01  5.62036E-22  8.69170E-01  4.94513E-01 -1.06924E-03
  3.400E+01  5.34041E-22  8.65212E-01  5.01404E-01 -1.25083E-03
  3.450E+01  5.07879E-22  8.61199E-01  5.08266E-01 -1.44027E-03
  3.500E+01  4.83403E-22  8.57130E-01  5.15098E-01 -1.63758E-03
  3.550E+01  4.60479E-22  8.53005E-01  5.21899E-01 -1.84276E-03
  3.600E+01  4.38987E-22  8.48826E-01  5.28669E-01 -2.05582E-03
  3.650E+01  4.18817E-22  8.44592E-01  5.35406E-01 -2.27677E-03
  3.700E+01  3.99869E-22  8.40303E-01  5.42111E-01 -2.50560E-03
  3.750E+01  3.82051E-22  8.35961E-01  5.48782E-01 -2.74230E-03
  3.800E+01  3.65281E-22  8.31565E-01  5.55419E-01 -2.98687E-03
  3.850E+01  3.49482E-22  8.27116E-01  5.62022E-01 -3.23930E-03
  3.900E+01  3.34586E-22  8.22614E-01  5.68590E-01 -3.49957E-03
  3.950E+01  3.20528E-22  8.18059E-01  5.75122E-01 -3.76767E-03
  4.000E+01  3.07251E-22  8.13452E-01  5.81618E-01 -4.04357E-03
  4.050E+01  2.94700E-22  8.08793E-01  5.88077E-01 -4.32726E-03
  4.100E+01  2.82826E-22  8.04083E-01  5.94499E-01 -4.61872E-03
  4.150E+01  2.71585E-22  7.99322E-01  6.00883E-01 -4.91792E-03
  4.200E+01  2.60933E-22  7.94511E-01  6.07228E-01 -5.22483E-03
  4.250E+01  2.50834E-22  7.89649E-01  6.13534E-01 -5.53942E-03
  4.300E+01  2.41251E-22  7.84737E-01  6.19801E-01 -5.86167E-03
  4.350E+01  2.32152E-22  7.79776E-01  6.26028E-01 -6.19155E-03
  4.400E+01  2.23506E-22  7.74766E-01  6.32214E-01 -6.52903E-03
  4.450E+01  2.15285E-22  7.69708E-01  6.38359E-01 -6.87407E-03
  4.500E+01  2.07464E-22  7.64602E-01  6.44463E-01 -7.22664E-03
  4.550E+01  2.00017E-22  7.59448E-01  6.50524E-01 -7.58671E-03
  4.600E+01  1.92923E-22  7.54246E-01  6.56543E-01 -7.95425E-03
  4.650E+01  1.86160E-22  7.48998E-01  6.62519E-01 -8.32922E-03
  4.700E+01  1.79710E-22  7.43704E-01  6.68452E-01 -8.71158E-03
  4.750E+01  1.73555E-22  7.38364E-01  6.74341E-01 -9.10132E-03
  4.800E+01  1.67676E-22  7.32979E-01  6.80185E-01 -9.49838E-03
  4.850E+01  1.62060E-22  7.27548E-01  6.85985E-01 -9.90273E-03
  4.900E+01  1.56691E-22  7.22073E-01  6.91740E-01 -1.03143E-02
  4.950E+01  1.51556E-22  7.16555E-01  6.97448E-01 -1.07332E-02
  5.000E+01  1.46642E-22  7.10992E-01  7.03111E-01 -1.11592E-02
  5.050E+01  1.41937E-22  7.05387E-01  7.08728E-01 -1.15924E-02
  5.100E+01  1.37429E-22  6.99739E-01  7.14297E-01 -1.20328E-02
  5.150E+01  1.33109E-22  6.94049E-01  7.19819E-01 -1.24802E-02
  5.200E+01  1.28967E-22  6.88318E-01  7.25294E-01 -1.29347E-02
  5.250E+01  1.24993E-22  6.82545E-01  7.30720E-01 -1.33962E-02
  5.300E+01  1.21180E-22  6.76732E-01  7.36099E-01 -1.38647E-02
  5.350E+01  1.17517E-22  6.70879E-01  7.41428E-01 -1.43402E-02
  5.400E+01  1.14000E-22  6.64987E-01  7.46708E-01 -1.48227E-02
  5.450E+01  1.10619E-22  6.59055E-01  7.51939E-01 -1.53121E-02
  5.500E+01  1.07368E-22  6.53085E-01  7.57120E-01 -1.58083E-02
  5.550E+01  1.04242E-22  6.47076E-01  7.62251E-01 -1.63115E-02
  5.600E+01  1.01233E-22  6.41031E-01  7.67331E-01 -1.68214E-02
  5.650E+01  9.83374E-23  6.34948E-01  7.72360E-01 -1.73382E-02
  5.700E+01  9.55486E-23  6.28829E-01  7.77339E-01 -1.78618E-02
  5.750E+01  9.28619E-23  6.22674E-01  7.82265E-01 -1.83921E-02
  5.800E+01  9.02727E-23  6.16483E-01  7.87140E-01 -1.89292E-02
  5.850E+01  8.77765E-23  6.10258E-01  7.91963E-01 -1.94731E-02
  5.900E+01  8.53690E-23  6.03999E-01  7.96734E-01 -2.00236E-02
  5.950E+01  8.30463E-23  5.97705E-01  8.01452E-01 -2.05808E-02
  6.000E+01  8.08046E-23  5.91379E-01  8.06117E-01 -2.11448E-02
  6.050E+01  7.86404E-23  5.85019E-01  8.10729E-01 -2.17153E-02
  6.100E+01  7.65503E-23  5.78628E-01  8.15287E-01 -2.22926E-02
  6.150E+01  7.45310E-23  5.72205E-01  8.19792E-01 -2.28764E-02
  6.200E+01  7.25795E-23  5.65751E-01  8.24242E-01 -2.34669E-02
  6.250E+01  7.06931E-23  5.59266E-01  8.28639E-01 -2.40641E-02
  6.300E+01  6.88688E-23  5.52752E-01  8.32981E-01 -2.46678E-02
  6.350E+01  6.71042E-23  5.46208E-01  8.37268E-01 -2.52781E-02
  6.400E+01  6.53967E-23  5.39635E-01  8.41501E-01 -2.58950E-02
  6.450E+01  6.37441E-23  5.33034E-01  8.45678E-01 -2.65186E-02
  6.500E+01  6.21441E-23  5.26406E-01  8.49800E-01 -2.71487E-02
  6.550E+01  6.05945E-23  5.19750E-01  8.53866E-01 -2.77854E-02
  6.600E+01  5.90934E-23  5.13068E-01  8.57877E-01 -2.84286E-02
  6.650E+01  5.76389E-23  5.06360E-01  8.61832E-01 -2.90785E-02
  6.700E+01  5.62292E-23  4.99627E-01  8.65730E-01 -2.97350E-02
  6.750E+01  5.48624E-23  4.92868E-01  8.69573E-01 -3.03980E-02
  6.800E+01  5.35369E-23  4.86086E-01  8.73359E-01 -3.10677E-02
  6.850E+01  5.22512E-23  4.79280E-01  8.77088E-01 -3.17440E-02
  6.900E+01  5.10038E-23  4.72451E-01  8.80760E-01 -3.24269E-02
  6.950E+01  4.97931E-23  4.65600E-01  8.84376E-01 -3.31164E-02
  7.000E+01  4.86179E-23  4.58726E-01  8.87934E-01 -3.38126E-02
  7.050E+01  4.74768E-23  4.51832E-01  8.91435E-01 -3.45154E-02
  7.100E+01  4.63686E-23  4.44917E-01  8.94879E-01 -3.52249E-02
  7.150E+01  4.52921E-23  4.37982E-01  8.98265E-01 -3.59410E-02
  7.200E+01  4.42461E-23  4.31027E-01  9.01594E-01 -3.66639E-02
  7.250E+01  4.32295E-23  4.24054E-01  9.04865E-01 -3.73935E-02
  7.300E+01  4.22414E-23  4.17062E-01  9.08078E-01 -3.81299E-02
  7.350E+01  4.12806E-23  4.10053E-01  9.11233E-01 -3.88730E-02
  7.400E+01  4.03462E-23  4.03026E-01  9.14330E-01 -3.96229E-02
  7.450E+01  3.94374E-23  3.95984E-01  9.17369E-01 -4.03797E-02
  7.500E+01  3.85532E-23  3.88925E-01  9.20350E-01 -4.11433E-02
  7.550E+01  3.76928E-23  3.81851E-01  9.23273E-01 -4.19137E-02
  7.600E+01  3.68554E-23  3.74763E-01  9.26137E-01 -4.26911E-02
  7.650E+01  3.60401E-23  3.67661E-01  9.28943E-01 -4.34755E-02
  7.700E+01  3.52464E-23  3.60546E-01  9.31691E-01 -4.42668E-02
  7.750E+01  3.44734E-23  3.53418E-01  9.34380E-01 -4.50651E-02
  7.800E+01  3.37205E-23  3.46278E-01  9.37010E-01 -4.58705E-02
  7.850E+01  3.29870E-23  3.39126E-01  9.39582E-01 -4.66829E-02
  7.900E+01  3.22723E-23  3.31964E-01  9.42095E-01 -4.75026E-02
  7.950E+01  3.15757E-23  3.24791E-01  9.44550E-01 -4.83294E-02
  8.000E+01  3.08968E-23  3.17609E-01  9.46946E-01 -4.91634E-02
  8.050E+01  3.02349E-23  3.10418E-01  9.49284E-01 -5.00047E-02
  8.100E+01  2.95895E-23  3.03219E-01  9.51563E-01 -5.08534E-02
  8.150E+01  2.89600E-23  2.96012E-01  9.53783E-01 -5.17094E-02
  8.200E+01  2.83461E-23  2.88799E-01  9.55945E-01 -5.25728E-02
  8.250E+01  2.77472E-23  2.81579E-01  9.58049E-01 -5.34438E-02
  8.300E+01  2.71628E-23  2.74353E-01  9.60093E-01 -5.43223E-02
  8.350E+01  2.65925E-23  2.67123E-01  9.62080E-01 -5.52084E-02
  8.400E+01  2.60359E-23  2.59888E-01  9.64008E-01 -5.61022E-02
  8.450E+01  2.54926E-23  2.52649E-01  9.65877E-01 -5.70037E-02
  8.500E+01  2.49622E-23  2.45407E-01  9.67689E-01 -5.79131E-02
  8.550E+01  2.44442E-23  2.38163E-01  9.69442E-01 -5.88303E-02
  8.600E+01  2.39384E-23  2.30917E-01  9.71137E-01 -5.97554E-02
  8.650E+01  2.34443E-23  2.23670E-01  9.72774E-01 -6.06886E-02
  8.700E+01  2.29616E-23  2.16423E-01  9.74352E-01 -6.16299E-02
  8.750E+01  2.24901E-23  2.09176E-01  9.75874E-01 -6.25793E-02
  8.800E+01  2.20293E-23  2.01930E-01  9.77337E-01 -6.35370E-02
  8.850E+01  2.15790E-23  1.94686E-01  9.78742E-01 -6.45031E-02
  8.900E+01  2.11389E-23  1.87444E-01  9.80091E-01 -6.54775E-02
  8.950E+01  2.07087E-23  1.80205E-01  9.81381E-01 -6.64605E-02
  9.000E+01  2.02880E-23  1.72969E-01  9.82615E-01 -6.74521E-02
  9.050E+01  1.98768E-23  1.65738E-01  9.83791E-01 -6.84524E-02
  9.100E+01  1.94746E-23  1.58512E-01  9.84911E-01 -6.94615E-02
  9.150E+01  1.90812E-23  1.51292E-01  9.85973E-01 -7.04794E-02
  9.200E+01  1.86965E-23  1.44078E-01  9.86979E-01 -7.15064E-02
  9.250E+01  1.83201E-23  1.36871E-01  9.87929E-01 -7.25425E-02
  9.300E+01  1.79519E-23  1.29672E-01  9.88823E-01 -7.35878E-02
  9.350E+01  1.75916E-23  1.22482E-01  9.89660E-01 -7.46424E-02
  9.400E+01  1.72390E-23  1.15300E-01  9.90441E-01 -7.57064E-02
  9.450E+01  1.68939E-23  1.08129E-01  9.91167E-01 -7.67800E-02
  9.500E+01  1.65561E-23  1.00968E-01  9.91838E-01 -7.78633E-02
  9.550E+01  1.62255E-23  9.38188E-02  9.92453E-01 -7.89563E-02
  9.600E+01  1.59017E-23  8.66814E-02  9.93014E-01 -8.00593E-02
  9.650E+01  1.55848E-23  7.95567E-02  9.93520E-01 -8.11724E-02
  9.700E+01  1.52744E-23  7.24456E-02  9.93971E-01 -8.22956E-02
  9.750E+01  1.49705E-23  6.53486E-02  9.94369E-01 -8.34292E-02
  9.800E+01  1.46728E-23  5.82666E-02  9.94712E-01 -8.45732E-02
  9.850E+01  1.43812E-23  5.12003E-02  9.95002E-01 -8.57278E-02
  9.900E+01  1.40956E-23  4.41503E-02  9.95239E-01 -8.68932E-02
  9.950E+01  1.38158E-23  3.71175E-02  9.95423E-01 -8.80695E-02
  1.000E+02  1.35416E-23  3.01026E-02  9.95554E-01 -8.92569E-02
  1.005E+02  1.32729E-23  2.31064E-02  9.95632E-01 -9.04555E-02
  1.010E+02  1.30097E-23  1.61295E-02  9.95659E-01 -9.16655E-02
  1.015E+02  1.27516E-23  9.17278E-03  9.95634E-01 -9.28871E-02
  1.020E+02  1.24988E-23  2.23697E-03  9.95558E-01 -9.41204E-02
  1.025E+02  1.22509E-23 -4.67716E-03  9.95431E-01 -9.53656E-02
  1.030E+02  1.20079E-23 -1.15688E-02  9.95254E-01 -9.66229E-02
  1.035E+02  1.17696E-23 -1.84373E-02  9.95026E-01 -9.78925E-02
  1.040E+02  1.15361E-23 -2.52817E-02  9.94749E-01 -9.91746E-02
  1.045E+02  1.13071E-23 -3.21014E-02  9.94422E-01 -1.00469E-01
  1.050E+02  1.10825E-23 -3.88954E-02  9.94047E-01 -1.01777E-01
  1.055E+02  1.08622E-23 -4.56630E-02  9.93623E-01 -1.03098E-01
  1.060E+02  1.06462E-23 -5.24034E-02  9.93150E-01 -1.04432E-01
  1.065E+02  1.04344E-23 -5.91159E-02  9.92631E-01 -1.05779E-01
  1.070E+02  1.02266E-23 -6.57994E-02  9.92064E-01 -1.07141E-01
  1.075E+02  1.00228E-23 -7.24533E-02  9.91451E-01 -1.08516E-01
  1.080E+02  9.82278E-24 -7.90767E-02  9.90791E-01 -1.09906E-01
  1.085E+02  9.62659E-24 -8.56687E-02  9.90086E-01 -1.11309E-01
  1.090E+02  9.43410E-24 -9.22286E-02  9.89336E-01 -1.12728E-01
  1.095E+02  9.24523E-24 -9.87554E-02  9.88542E-01 -1.14162E-01
  1.100E+02  9.05989E-24 -1.05248E-01  9.87703E-01 -1.15611E-01
  1.105E+02  8.87802E-24 -1.11706E-01  9.86821E-01 -1.17075E-01
  1.110E+02  8.69953E-24 -1.18129E-01  9.85896E-01 -1.18555E-01
  1.115E+02  8.52436E-24 -1.24514E-01  9.84928E-01 -1.20051E-01
  1.120E+02  8.35243E-24 -1.30862E-01  9.83919E-01 -1.21564E-01
  1.125E+02  8.18367E-24 -1.37172E-01  9.82869E-01 -1.23093E-01
  1.130E+02  8.01802E-24 -1.43443E-01  9.81779E-01 -1.24639E-01
  1.135E+02  7.85541E-24 -1.49673E-01  9.80648E-01 -1.26203E-01
  1.140E+02  7.69577E-24 -1.55862E-01  9.79479E-01 -1.27784E-01
  1.145E+02  7.53905E-24 -1.62008E-01  9.78271E-01 -1.29382E-01
  1.150E+02  7.38518E-24 -1.68112E-01  9.77025E-01 -1.31000E-01
  1.155E+02  7.23411E-24 -1.74171E-01  9.75742E-01 -1.32635E-01
  1.160E+02  7.08578E-24 -1.80185E-01  9.74423E-01 -1.34290E-01
  1.165E+02  6.94013E-24 -1.86152E-01  9.73068E-01 -1.35964E-01
  1.170E+02  6.79711E-24 -1.92073E-01  9.71678E-01 -1.37658E-01
  1.175E+02  6.65667E-24 -1.97945E-01  9.70254E-01 -1.39372E-01
  1.180E+02  6.51875E-24 -2.03767E-01  9.68797E-01 -1.41107E-01
  1.185E+02  6.38330E-24 -2.09539E-01  9.67307E-01 -1.42862E-01
  1.190E+02  6.25028E-24 -2.15259E-01  9.65786E-01 -1.44639E-01
  1.195E+02  6.11964E-24 -2.20927E-01  9.64234E-01 -1.46438E-01
  1.200E+02  5.99133E-24 -2.26540E-01  9.62652E-01 -1.48259E-01
  1.205E+02  5.86531E-24 -2.32099E-01  9.61041E-01 -1.50102E-01
  1.210E+02  5.74152E-24 -2.37600E-01  9.59402E-01 -1.51969E-01
  1.215E+02  5.61994E-24 -2.43044E-01  9.57735E-01 -1.53859E-01
  1.220E+02  5.50052E-24 -2.48430E-01  9.56042E-01 -1.55774E-01
  1.225E+02  5.38321E-24 -2.53755E-01  9.54324E-01 -1.57713E-01
  1.230E+02  5.26797E-24 -2.59018E-01  9.52582E-01 -1.59677E-01
  1.235E+02  5.15478E-24 -2.64219E-01  9.50817E-01 -1.61668E-01
  1.240E+02  5.04358E-24 -2.69355E-01  9.49029E-01 -1.63684E-01
  1.245E+02  4.93435E-24 -2.74425E-01  9.47220E-01 -1.65727E-01
  1.250E+02  4.82705E-24 -2.79429E-01  9.45391E-01 -1.67798E-01
  1.255E+02  4.72164E-24 -2.84363E-01  9.43542E-01 -1.69897E-01
  1.260E+02  4.61808E-24 -2.89228E-01  9.41677E-01 -1.72025E-01
  1.265E+02  4.51635E-24 -2.94020E-01  9.39794E-01 -1.74182E-01
  1.270E+02  4.41641E-24 -2.98739E-01  9.37896E-01 -1.76369E-01
  1.275E+02  4.31823E-24 -3.03383E-01  9.35984E-01 -1.78586E-01
  1.280E+02  4.22178E-24 -3.07950E-01  9.34059E-01 -1.80835E-01
  1.285E+02  4.12703E-24 -3.12438E-01  9.32122E-01 -1.83116E-01
  1.290E+02  4.03395E-24 -3.16846E-01  9.30174E-01 -1.85430E-01
  1.295E+02  3.94251E-24 -3.21172E-01  9.28218E-01 -1.87778E-01
  1.300E+02  3.85268E-24 -3.25413E-01  9.26254E-01 -1.90159E-01
  1.305E+02  3.76443E-24 -3.29567E-01  9.24283E-01 -1.92576E-01
  1.310E+02  3.67775E-24 -3.33633E-01  9.22308E-01 -1.95029E-01
  1.315E+02  3.59259E-24 -3.37609E-01  9.20330E-01 -1.97519E-01
  1.320E+02  3.50894E-24 -3.41491E-01  9.18349E-01 -2.00047E-01
  1.325E+02  3.42677E-24 -3.45278E-01  9.16368E-01 -2.02613E-01
  1.330E+02  3.34606E-24 -3.48967E-01  9.14389E-01 -2.05218E-01
  1.335E+02  3.26678E-24 -3.52557E-01  9.12412E-01 -2.07865E-01
  1.340E+02  3.18891E-24 -3.56043E-01  9.10440E-01 -2.10552E-01
  1.345E+02  3.11243E-24 -3.59424E-01  9.08474E-01 -2.13282E-01
  1.350E+02  3.03731E-24 -3.62696E-01  9.06516E-01 -2.16056E-01
  1.355E+02  2.96354E-24 -3.65857E-01  9.04568E-01 -2.18874E-01
  1.360E+02  2.89108E-24 -3.68904E-01  9.02631E-01 -2.21737E-01
  1.365E+02  2.81993E-24 -3.71833E-01  9.00707E-01 -2.24648E-01
  1.370E+02  2.75006E-24 -3.74641E-01  8.98799E-01 -2.27606E-01
  1.375E+02  2.68146E-24 -3.77324E-01  8.96908E-01 -2.30613E-01
  1.380E+02  2.61409E-24 -3.79880E-01  8.95036E-01 -2.33671E-01
  1.385E+02  2.54795E-24 -3.82304E-01  8.93185E-01 -2.36780E-01
  1.390E+02  2.48301E-24 -3.84591E-01  8.91357E-01 -2.39941E-01
  1.395E+02  2.41926E-24 -3.86739E-01  8.89555E-01 -2.43157E-01
  1.400E+02  2.35669E-24 -3.88743E-01  8.87779E-01 -2.46428E-01
  1.405E+02  2.29526E-24 -3.90597E-01  8.86034E-01 -2.49756E-01
  1.410E+02  2.23497E-24 -3.92298E-01  8.84320E-01 -2.53141E-01
  1.415E+02  2.17580E-24 -3.93839E-01  8.82640E-01 -2.56587E-01
  1.420E+02  2.11774E-24 -3.95217E-01  8.80997E-01 -2.60093E-01
  1.425E+02  2.06076E-24 -3.96425E-01  8.79392E-01 -2.63661E-01
  1.430E+02  2.00486E-24 -3.97457E-01  8.77828E-01 -2.67294E-01
  1.435E+02  1.95002E-24 -3.98308E-01  8.76307E-01 -2.70991E-01
  1.440E+02  1.89622E-24 -3.98970E-01  8.74833E-01 -2.74756E-01
  1.445E+02  1.84345E-24 -3.99438E-01  8.73406E-01 -2.78589E-01
  1.450E+02  1.79170E-24 -3.99702E-01  8.72030E-01 -2.82491E-01
  1.455E+02  1.74095E-24 -3.99757E-01  8.70707E-01 -2.86466E-01
  1.460E+02  1.69119E-24 -3.99594E-01  8.69440E-01 -2.90513E-01
  1.465E+02  1.64241E-24 -3.99204E-01  8.68231E-01 -2.94635E-01
  1.470E+02  1.59459E-24 -3.98579E-01  8.67083E-01 -2.98834E-01
  1.475E+02  1.54773E-24 -3.97709E-01  8.65998E-01 -3.03110E-01
  1.480E+02  1.50181E-24 -3.96583E-01  8.64978E-01 -3.07465E-01
  1.485E+02  1.45681E-24 -3.95192E-01  8.64026E-01 -3.11901E-01
  1.490E+02  1.41273E-24 -3.93523E-01  8.63144E-01 -3.16419E-01
  1.495E+02  1.36956E-24 -3.91566E-01  8.62335E-01 -3.21021E-01
  1.500E+02  1.32729E-24 -3.89306E-01  8.61601E-01 -3.25707E-01
  1.505E+02  1.28590E-24 -3.86731E-01  8.60943E-01 -3.30480E-01
  1.510E+02  1.24539E-24 -3.83827E-01  8.60363E-01 -3.35339E-01
  1.515E+02  1.20574E-24 -3.80577E-01  8.59864E-01 -3.40287E-01
  1.520E+02  1.16695E-24 -3.76966E-01  8.59446E-01 -3.45324E-01
  1.525E+02  1.12900E-24 -3.72978E-01  8.59112E-01 -3.50450E-01
  1.530E+02  1.09189E-24 -3.68592E-01  8.58861E-01 -3.55665E-01
  1.535E+02  1.05561E-24 -3.63790E-01  8.58695E-01 -3.60970E-01
  1.540E+02  1.02014E-24 -3.58552E-01  8.58613E-01 -3.66365E-01
  1.545E+02  9.85489E-25 -3.52855E-01  8.58616E-01 -3.71849E-01
  1.550E+02  9.51637E-25 -3.46676E-01  8.58702E-01 -3.77420E-01
  1.555E+02  9.18579E-25 -3.39990E-01  8.58870E-01 -3.83078E-01
  1.560E+02  8.86307E-25 -3.32770E-01  8.59118E-01 -3.88819E-01
  1.565E+02  8.54813E-25 -3.24988E-01  8.59442E-01 -3.94641E-01
  1.570E+02  8.24089E-25 -3.16615E-01  8.59838E-01 -4.00541E-01
  1.575E+02  7.94129E-25 -3.07618E-01  8.60301E-01 -4.06513E-01
  1.580E+02  7.64925E-25 -2.97963E-01  8.60825E-01 -4.12552E-01
  1.585E+02  7.36471E-25 -2.87615E-01  8.61400E-01 -4.18651E-01
  1.590E+02  7.08760E-25 -2.76534E-01  8.62016E-01 -4.24802E-01
  1.595E+02  6.81784E-25 -2.64681E-01  8.62663E-01 -4.30995E-01
  1.600E+02  6.55539E-25 -2.52013E-01  8.63325E-01 -4.37218E-01
  1.605E+02  6.30018E-25 -2.38484E-01  8.63985E-01 -4.43458E-01
  1.610E+02  6.05214E-25 -2.24047E-01  8.64624E-01 -4.49698E-01
  1.615E+02  5.81123E-25 -2.08651E-01  8.65218E-01 -4.55920E-01
  1.620E+02  5.57738E-25 -1.92244E-01  8.65739E-01 -4.62102E-01
  1.625E+02  5.35055E-25 -1.74769E-01  8.66156E-01 -4.68219E-01
  1.630E+02  5.13068E-25 -1.56171E-01  8.66433E-01 -4.74241E-01
  1.635E+02  4.91771E-25 -1.36388E-01  8.66527E-01 -4.80135E-01
  1.640E+02  4.71161E-25 -1.15360E-01  8.66389E-01 -4.85863E-01
  1.645E+02  4.51232E-25 -9.30249E-02  8.65963E-01 -4.91380E-01
  1.650E+02  4.31980E-25 -6.93181E-02  8.65186E-01 -4.96636E-01
  1.655E+02  4.13400E-25 -4.41766E-02  8.63986E-01 -5.01575E-01
  1.660E+02  3.95489E-25 -1.75381E-02  8.62279E-01 -5.06130E-01
  1.665E+02  3.78241E-25  1.06577E-02  8.59972E-01 -5.10229E-01
  1.670E+02  3.61654E-25  4.04672E-02  8.56962E-01 -5.13789E-01
  1.675E+02  3.45724E-25  7.19410E-02  8.53128E-01 -5.16717E-01
  1.680E+02  3.30446E-25  1.05122E-01  8.48340E-01 -5.18910E-01
  1.685E+02  3.15818E-25  1.40041E-01  8.42452E-01 -5.20253E-01
  1.690E+02  3.01837E-25  1.76717E-01  8.35301E-01 -5.20618E-01
  1.695E+02  2.88498E-25  2.15149E-01  8.26710E-01 -5.19867E-01
  1.700E+02  2.75799E-25  2.55315E-01  8.16485E-01 -5.17848E-01
  1.705E+02  2.63738E-25  2.97163E-01  8.04419E-01 -5.14397E-01
  1.710E+02  2.52311E-25  3.40610E-01  7.90290E-01 -5.09340E-01
  1.715E+02  2.41516E-25  3.85534E-01  7.73863E-01 -5.02494E-01
  1.720E+02  2.31351E-25  4.31766E-01  7.54896E-01 -4.93669E-01
  1.725E+02  2.21813E-25  4.79087E-01  7.33145E-01 -4.82673E-01
  1.730E+02  2.12900E-25  5.27219E-01  7.08367E-01 -4.69316E-01
  1.735E+02  2.04611E-25  5.75821E-01  6.80327E-01 -4.53414E-01
  1.740E+02  1.96942E-25  6.24489E-01  6.48815E-01 -4.34801E-01
  1.745E+02  1.89894E-25  6.72748E-01  6.13648E-01 -4.13334E-01
  1.750E+02  1.83464E-25  7.20060E-01  5.74688E-01 -3.88906E-01
  1.755E+02  1.77650E-25  7.65824E-01  5.31853E-01 -3.61450E-01
  1.760E+02  1.72452E-25  8.09392E-01  4.85131E-01 -3.30957E-01
  1.765E+02  1.67868E-25  8.50079E-01  4.34592E-01 -2.97483E-01
  1.770E+02  1.63897E-25  8.87184E-01  3.80399E-01 -2.61153E-01
  1.775E+02  1.60539E-25  9.20016E-01  3.22815E-01 -2.22173E-01
  1.780E+02  1.57792E-25  9.47919E-01  2.62205E-01 -1.80828E-01
  1.785E+02  1.55656E-25  9.70302E-01  1.99031E-01 -1.37479E-01
  1.790E+02  1.54131E-25  9.86670E-01  1.33846E-01 -9.25583E-02
  1.795E+02  1.53216E-25  9.96648E-01  6.72760E-02 -4.65551E-02
