  4.600E+00  3.85815E-19  9.97633E-01  6.87607E-02  3.47800E-05
  4.700E+00  3.54289E-19  9.97529E-01  7.02581E-02  3.59413E-05
  4.800E+00  3.25929E-19  9.97422E-01  7.17554E-02  3.70905E-05
  4.900E+00  3.00361E-19  9.97313E-01  7.32529E-02  3.82568E-05
  5.000E+00  2.77261E-19  9.97202E-01  7.47503E-02  3.93941E-05
  5.100E+00  2.56348E-19  9.97089E-01  7.62478E-02  4.05478E-05
  5.200E+00  2.37378E-19  9.96973E-01  7.77454E-02  4.16806E-05
  5.300E+00  2.20138E-19  9.96855E-01  7.92430E-02  4.28084E-05
  5.400E+00  2.04441E-19  9.96735E-01  8.07406E-02  4.39348E-05
  5.500E+00  1.90124E-19  9.96613E-01  8.22383E-02  4.50347E-05
  5.600E+00  1.77044E-19  9.96488E-01  8.37359E-02  4.61423E-05
  5.700E+00  1.65075E-19  9.96361E-01  8.52336E-02  4.72196E-05
  5.800E+00  1.54105E-19  9.96232E-01  8.67314E-02  4.82941E-05
  5.900E+00  1.44035E-19  9.96100E-01  8.82291E-02  4.93509E-05
  6.000E+00  1.34778E-19  9.95966E-01  8.97268E-02  5.03849E-05
  6.100E+00  1.26257E-19  9.95830E-01  9.12246E-02  5.14145E-05
  6.200E+00  1.18402E-19  9.95692E-01  9.27223E-02  5.24095E-05
  6.300E+00  1.11151E-19  9.95551E-01  9.42201E-02  5.33990E-05
  6.400E+00  1.04450E-19  9.95409E-01  9.57178E-02  5.43583E-05
  6.500E+00  9.82489E-20  9.95263E-01  9.72155E-02  5.52976E-05
  6.600E+00  9.25036E-20  9.95116E-01  9.87133E-02  5.62187E-05
  6.700E+00  8.71744E-20  9.94966E-01  1.00211E-01  5.71049E-05
  6.800E+00  8.22256E-20  9.94814E-01  1.01709E-01  5.79786E-05
  6.900E+00  7.76250E-20  9.94660E-01  1.03206E-01  5.88139E-05
  7.000E+00  7.33434E-20  9.94503E-01  1.04704E-01  5.96291E-05
  7.100E+00  6.93547E-20  9.94345E-01  1.06202E-01  6.04138E-05
  7.200E+00  6.56351E-20  9.94184E-01  1.07699E-01  6.11643E-05
  7.300E+00  6.21630E-20  9.94020E-01  1.09197E-01  6.18927E-05
  7.400E+00  5.89189E-20  9.93855E-01  1.10694E-01  6.25783E-05
  7.500E+00  5.58849E-20  9.93687E-01  1.12192E-01  6.32406E-05
  7.600E+00  5.30450E-20  9.93516E-01  1.13689E-01  6.38624E-05
  7.700E+00  5.03843E-20  9.93344E-01  1.15186E-01  6.44504E-05
  7.800E+00  4.78894E-20  9.93169E-01  1.16683E-01  6.50057E-05
  7.900E+00  4.55481E-20  9.92992E-01  1.18181E-01  6.55164E-05
  8.000E+00  4.33490E-20  9.92813E-01  1.19678E-01  6.59978E-05
  8.100E+00  4.12819E-20  9.92631E-01  1.21175E-01  6.64316E-05
  8.200E+00  3.93375E-20  9.92447E-01  1.22672E-01  6.68305E-05
  8.300E+00  3.75069E-20  9.92261E-01  1.24169E-01  6.71867E-05
  8.400E+00  3.57824E-20  9.92073E-01  1.25665E-01  6.74976E-05
  8.500E+00  3.41565E-20  9.91882E-01  1.27162E-01  6.77714E-05
  8.600E+00  3.26226E-20  9.91689E-01  1.28659E-01  6.79931E-05
  8.700E+00  3.11745E-20  9.91494E-01  1.30155E-01  6.81766E-05
  8.800E+00  2.98064E-20  9.91296E-01  1.31652E-01  6.83093E-05
  8.900E+00  2.85131E-20  9.91096E-01  1.33148E-01  6.83957E-05
  9.000E+00  2.72897E-20  9.90894E-01  1.34644E-01  6.84366E-05
  9.100E+00  2.61318E-20  9.90690E-01  1.36140E-01  6.84229E-05
  1.650E+01  2.57474E-21  9.69212E-01  2.46227E-01 -1.25344E-04
  1.675E+01  2.42956E-21  9.68268E-01  2.49914E-01 -1.40204E-04
  1.700E+01  2.29460E-21  9.67310E-01  2.53598E-01 -1.55698E-04
  1.725E+01  2.16901E-21  9.66337E-01  2.57279E-01 -1.71833E-04
  1.750E+01  2.05200E-21  9.65351E-01  2.60957E-01 -1.88615E-04
  1.775E+01  1.94289E-21  9.64350E-01  2.64632E-01 -2.06051E-04
  1.800E+01  1.84103E-21  9.63334E-01  2.68303E-01 -2.24148E-04
  1.825E+01  1.74585E-21  9.62305E-01  2.71972E-01 -2.42910E-04
  1.850E+01  1.65683E-21  9.61262E-01  2.75638E-01 -2.62345E-04
  1.875E+01  1.57349E-21  9.60204E-01  2.79300E-01 -2.82458E-04
  1.900E+01  1.49540E-21  9.59132E-01  2.82958E-01 -3.03255E-04
  1.925E+01  1.42217E-21  9.58046E-01  2.86614E-01 -3.24741E-04
  1.950E+01  1.35342E-21  9.56946E-01  2.90265E-01 -3.46921E-04
  1.975E+01  1.28885E-21  9.55832E-01  2.93913E-01 -3.69801E-04
  2.000E+01  1.22813E-21  9.54704E-01  2.97558E-01 -3.93385E-04
  2.025E+01  1.17100E-21  9.53561E-01  3.01198E-01 -4.17679E-04
  2.050E+01  1.11720E-21  9.52405E-01  3.04835E-01 -4.42686E-04
  2.075E+01  1.06650E-21  9.51235E-01  3.08468E-01 -4.68412E-04
  2.100E+01  1.01869E-21  9.50050E-01  3.12097E-01 -4.94861E-04
  2.125E+01  9.73573E-22  9.48852E-01  3.15722E-01 -5.22037E-04
  2.150E+01  9.30961E-22  9.47639E-01  3.19343E-01 -5.49945E-04
  2.175E+01  8.90691E-22  9.46413E-01  3.22960E-01 -5.78588E-04
  2.200E+01  8.52608E-22  9.45172E-01  3.26572E-01 -6.07970E-04
  2.225E+01  8.16571E-22  9.43918E-01  3.30180E-01 -6.38095E-04
  2.250E+01  7.82447E-22  9.42649E-01  3.33784E-01 -6.68966E-04
  2.275E+01  7.50116E-22  9.41367E-01  3.37384E-01 -7.00588E-04
  2.300E+01  7.19463E-22  9.40071E-01  3.40979E-01 -7.32963E-04
  2.325E+01  6.90385E-22  9.38761E-01  3.44569E-01 -7.66094E-04
  2.350E+01  6.62784E-22  9.37437E-01  3.48155E-01 -7.99986E-04
  2.375E+01  6.36571E-22  9.36099E-01  3.51736E-01 -8.34640E-04
  2.400E+01  6.11662E-22  9.34747E-01  3.55312E-01 -8.70060E-04
  2.425E+01  5.87979E-22  9.33382E-01  3.58884E-01 -9.06250E-04
  2.450E+01  5.65450E-22  9.32003E-01  3.62450E-01 -9.43210E-04
  2.475E+01  5.44006E-22  9.30610E-01  3.66012E-01 -9.80945E-04
  2.500E+01  5.23586E-22  9.29203E-01  3.69569E-01 -1.01946E-03
  2.550E+01  4.85586E-22  9.26348E-01  3.76667E-01 -1.09882E-03
  2.600E+01  4.51024E-22  9.23439E-01  3.83744E-01 -1.18132E-03
  2.650E+01  4.19531E-22  9.20475E-01  3.90799E-01 -1.26697E-03
  2.700E+01  3.90781E-22  9.17457E-01  3.97833E-01 -1.35579E-03
  2.750E+01  3.64491E-22  9.14385E-01  4.04844E-01 -1.44779E-03
  2.800E+01  3.40409E-22  9.11258E-01  4.11832E-01 -1.54299E-03
  2.850E+01  3.18315E-22  9.08079E-01  4.18797E-01 -1.64140E-03
  2.900E+01  2.98012E-22  9.04845E-01  4.25737E-01 -1.74304E-03
  2.950E+01  2.79328E-22  9.01558E-01  4.32654E-01 -1.84790E-03
  3.000E+01  2.62107E-22  8.98219E-01  4.39545E-01 -1.95601E-03
  3.050E+01  2.46214E-22  8.94826E-01  4.46411E-01 -2.06736E-03
  3.100E+01  2.31527E-22  8.91381E-01  4.53250E-01 -2.18198E-03
  3.150E+01  2.17934E-22  8.87883E-01  4.60063E-01 -2.29986E-03
  3.200E+01  2.05340E-22  8.84333E-01  4.66850E-01 -2.42101E-03
  3.250E+01  1.93657E-22  8.80732E-01  4.73608E-01 -2.54544E-03
  3.300E+01  1.82805E-22  8.77079E-01  4.80339E-01 -2.67315E-03
  3.350E+01  1.72714E-22  8.73374E-01  4.87041E-01 -2.80415E-03
  3.400E+01  1.63320E-22  8.69619E-01  4.93715E-01 -2.93844E-03
  3.450E+01  1.54565E-22  8.65813E-01  5.00359E-01 -3.07603E-03
  3.500E+01  1.46398E-22  8.61956E-01  5.06973E-01 -3.21692E-03
  3.550E+01  1.38770E-22  8.58049E-01  5.13557E-01 -3.36110E-03
  3.600E+01  1.31640E-22  8.54092E-01  5.20110E-01 -3.50859E-03
  3.650E+01  1.24968E-22  8.50086E-01  5.26632E-01 -3.65939E-03
  3.700E+01  1.18719E-22  8.46030E-01  5.33122E-01 -3.81349E-03
  3.750E+01  1.12861E-22  8.41925E-01  5.39580E-01 -3.97090E-03
  3.800E+01  1.07365E-22  8.37771E-01  5.46006E-01 -4.13162E-03
  3.850E+01  1.02203E-22  8.33569E-01  5.52398E-01 -4.29565E-03
  3.900E+01  9.73514E-23  8.29319E-01  5.58757E-01 -4.46300E-03
  3.950E+01  9.27880E-23  8.25022E-01  5.65082E-01 -4.63365E-03
  4.000E+01  8.84919E-23  8.20676E-01  5.71373E-01 -4.80761E-03
  4.050E+01  8.44443E-23  8.16284E-01  5.77629E-01 -4.98489E-03
  4.100E+01  8.06281E-23  8.11845E-01  5.83850E-01 -5.16548E-03
  4.150E+01  7.70273E-23  8.07360E-01  5.90035E-01 -5.34937E-03
  4.200E+01  7.36273E-23  8.02829E-01  5.96184E-01 -5.53659E-03
  4.250E+01  7.04147E-23  7.98252E-01  6.02297E-01 -5.72711E-03
  4.300E+01  6.73771E-23  7.93629E-01  6.08373E-01 -5.92094E-03
  4.350E+01  6.45029E-23  7.88962E-01  6.14412E-01 -6.11809E-03
  4.400E+01  6.17816E-23  7.84250E-01  6.20413E-01 -6.31854E-03
  4.450E+01  5.92035E-23  7.79494E-01  6.26376E-01 -6.52231E-03
  4.500E+01  5.67595E-23  7.74694E-01  6.32301E-01 -6.72938E-03
  4.550E+01  5.44411E-23  7.69850E-01  6.38187E-01 -6.93977E-03
  4.600E+01  5.22407E-23  7.64964E-01  6.44034E-01 -7.15347E-03
  4.650E+01  5.01510E-23  7.60034E-01  6.49841E-01 -7.37048E-03
  4.700E+01  4.81653E-23  7.55063E-01  6.55608E-01 -7.59080E-03
  4.750E+01  4.62774E-23  7.50049E-01  6.61336E-01 -7.81443E-03
  4.800E+01  4.44815E-23  7.44994E-01  6.67022E-01 -8.04138E-03
  4.850E+01  4.27721E-23  7.39898E-01  6.72668E-01 -8.27163E-03
  4.900E+01  4.11444E-23  7.34762E-01  6.78272E-01 -8.50520E-03
  4.950E+01  3.95935E-23  7.29585E-01  6.83834E-01 -8.74209E-03
  5.000E+01  3.81151E-23  7.24368E-01  6.89355E-01 -8.98229E-03
  5.050E+01  3.67052E-23  7.19112E-01  6.94833E-01 -9.22581E-03
  5.100E+01  3.53599E-23  7.13817E-01  7.00269E-01 -9.47265E-03
  5.150E+01  3.40756E-23  7.08483E-01  7.05661E-01 -9.72281E-03
  5.200E+01  3.28491E-23  7.03111E-01  7.11010E-01 -9.97629E-03
  5.250E+01  3.16772E-23  6.97701E-01  7.16316E-01 -1.02331E-02
  5.300E+01  3.05569E-23  6.92254E-01  7.21577E-01 -1.04932E-02
  5.350E+01  2.94856E-23  6.86771E-01  7.26795E-01 -1.07567E-02
  5.400E+01  2.84606E-23  6.81251E-01  7.31967E-01 -1.10235E-02
  5.450E+01  2.74796E-23  6.75695E-01  7.37095E-01 -1.12937E-02
  5.500E+01  2.65403E-23  6.70103E-01  7.42178E-01 -1.15671E-02
  5.550E+01  2.56405E-23  6.64477E-01  7.47215E-01 -1.18440E-02
  5.600E+01  2.47782E-23  6.58816E-01  7.52206E-01 -1.21241E-02
  5.650E+01  2.39516E-23  6.53121E-01  7.57152E-01 -1.24077E-02
  5.700E+01  2.31589E-23  6.47393E-01  7.62051E-01 -1.26946E-02
  5.750E+01  2.23984E-23  6.41631E-01  7.66904E-01 -1.29848E-02
  5.800E+01  2.16685E-23  6.35837E-01  7.71709E-01 -1.32785E-02
  5.850E+01  2.09677E-23  6.30010E-01  7.76468E-01 -1.35755E-02
  5.900E+01  2.02948E-23  6.24152E-01  7.81180E-01 -1.38759E-02
  5.950E+01  1.96482E-23  6.18263E-01  7.85843E-01 -1.41797E-02
  6.000E+01  1.90268E-23  6.12343E-01  7.90460E-01 -1.44869E-02
  6.050E+01  1.84294E-23  6.06393E-01  7.95028E-01 -1.47975E-02
  6.100E+01  1.78549E-23  6.00413E-01  7.99547E-01 -1.51115E-02
  6.150E+01  1.73023E-23  5.94404E-01  8.04019E-01 -1.54289E-02
  6.200E+01  1.67704E-23  5.88366E-01  8.08441E-01 -1.57498E-02
  6.250E+01  1.62585E-23  5.82300E-01  8.12815E-01 -1.60741E-02
  6.300E+01  1.57655E-23  5.76207E-01  8.17139E-01 -1.64019E-02
  6.350E+01  1.52907E-23  5.70086E-01  8.21414E-01 -1.67331E-02
  6.400E+01  1.48332E-23  5.63939E-01  8.25640E-01 -1.70678E-02
  6.450E+01  1.43923E-23  5.57766E-01  8.29816E-01 -1.74060E-02
  6.500E+01  1.39672E-23  5.51567E-01  8.33942E-01 -1.77477E-02
  6.550E+01  1.35574E-23  5.45342E-01  8.38018E-01 -1.80929E-02
  6.600E+01  1.31620E-23  5.39094E-01  8.42044E-01 -1.84416E-02
  6.650E+01  1.27806E-23  5.32821E-01  8.46019E-01 -1.87939E-02
  6.700E+01  1.24124E-23  5.26525E-01  8.49944E-01 -1.91497E-02
  6.750E+01  1.20570E-23  5.20206E-01  8.53818E-01 -1.95091E-02
  6.800E+01  1.17139E-23  5.13865E-01  8.57641E-01 -1.98720E-02
  6.850E+01  1.13825E-23  5.07502E-01  8.61413E-01 -2.02386E-02
  6.900E+01  1.10623E-23  5.01117E-01  8.65134E-01 -2.06087E-02
  6.950E+01  1.07528E-23  4.94712E-01  8.68804E-01 -2.09825E-02
  7.000E+01  1.04538E-23  4.88287E-01  8.72422E-01 -2.13600E-02
  7.050E+01  1.01646E-23  4.81842E-01  8.75988E-01 -2.17411E-02
  7.100E+01  9.88503E-24  4.75378E-01  8.79504E-01 -2.21258E-02
  7.150E+01  9.61458E-24  4.68895E-01  8.82967E-01 -2.25143E-02
  7.200E+01  9.35293E-24  4.62395E-01  8.86378E-01 -2.29065E-02
  7.250E+01  9.09973E-24  4.55877E-01  8.89738E-01 -2.33025E-02
  7.300E+01  8.85466E-24  4.49342E-01  8.93045E-01 -2.37022E-02
  7.350E+01  8.61740E-24  4.42791E-01  8.96301E-01 -2.41057E-02
  7.400E+01  8.38766E-24  4.36225E-01  8.99504E-01 -2.45130E-02
  7.450E+01  8.16515E-24  4.29643E-01  9.02655E-01 -2.49242E-02
  7.500E+01  7.94959E-24  4.23047E-01  9.05753E-01 -2.53392E-02
  7.550E+01  7.74073E-24  4.16437E-01  9.08800E-01 -2.57580E-02
  7.600E+01  7.53832E-24  4.09814E-01  9.11793E-01 -2.61808E-02
  7.650E+01  7.34212E-24  4.03178E-01  9.14735E-01 -2.66075E-02
  7.700E+01  7.15189E-24  3.96530E-01  9.17624E-01 -2.70382E-02
  7.750E+01  6.96743E-24  3.89870E-01  9.20460E-01 -2.74729E-02
  7.800E+01  6.78852E-24  3.83199E-01  9.23244E-01 -2.79115E-02
  7.850E+01  6.61497E-24  3.76518E-01  9.25975E-01 -2.83542E-02
  7.900E+01  6.44658E-24  3.69828E-01  9.28654E-01 -2.88010E-02
  7.950E+01  6.28316E-24  3.63128E-01  9.31280E-01 -2.92519E-02
  8.000E+01  6.12455E-24  3.56419E-01  9.33854E-01 -2.97069E-02
  8.050E+01  5.97057E-24  3.49703E-01  9.36375E-01 -3.01661E-02
  8.100E+01  5.82107E-24  3.42980E-01  9.38843E-01 -3.06295E-02
  8.150E+01  5.67588E-24  3.36249E-01  9.41259E-01 -3.10971E-02
  8.200E+01  5.53486E-24  3.29513E-01  9.43623E-01 -3.15690E-02
  8.250E+01  5.39786E-24  3.22771E-01  9.45934E-01 -3.20452E-02
  8.300E+01  5.26475E-24  3.16025E-01  9.48193E-01 -3.25258E-02
  8.350E+01  5.13540E-24  3.09274E-01  9.50400E-01 -3.30107E-02
  8.400E+01  5.00968E-24  3.02520E-01  9.52554E-01 -3.35001E-02
  8.450E+01  4.88746E-24  2.95763E-01  9.54656E-01 -3.39939E-02
  8.500E+01  4.76864E-24  2.89003E-01  9.56706E-01 -3.44922E-02
  8.550E+01  4.65310E-24  2.82242E-01  9.58705E-01 -3.49951E-02
  8.600E+01  4.54073E-24  2.75480E-01  9.60651E-01 -3.55025E-02
  8.650E+01  4.43143E-24  2.68718E-01  9.62545E-01 -3.60146E-02
  8.700E+01  4.32510E-24  2.61956E-01  9.64388E-01 -3.65314E-02
  8.750E+01  4.22164E-24  2.55195E-01  9.66179E-01 -3.70529E-02
  8.800E+01  4.12096E-24  2.48435E-01  9.67919E-01 -3.75791E-02
  8.850E+01  4.02297E-24  2.41678E-01  9.69608E-01 -3.81102E-02
  8.900E+01  3.92759E-24  2.34924E-01  9.71245E-01 -3.86462E-02
  8.950E+01  3.83473E-24  2.28173E-01  9.72832E-01 -3.91870E-02
  9.000E+01  3.74431E-24  2.21426E-01  9.74367E-01 -3.97329E-02
  9.050E+01  3.65627E-24  2.14685E-01  9.75852E-01 -4.02838E-02
  9.100E+01  3.57052E-24  2.07949E-01  9.77287E-01 -4.08398E-02
  9.150E+01  3.48699E-24  2.01219E-01  9.78671E-01 -4.14009E-02
  9.200E+01  3.40562E-24  1.94497E-01  9.80005E-01 -4.19672E-02
  9.250E+01  3.32634E-24  1.87782E-01  9.81289E-01 -4.25388E-02
  9.300E+01  3.24908E-24  1.81075E-01  9.82524E-01 -4.31157E-02
  9.350E+01  3.17379E-24  1.74377E-01  9.83709E-01 -4.36980E-02
  9.400E+01  3.10041E-24  1.67689E-01  9.84845E-01 -4.42857E-02
  9.450E+01  3.02887E-24  1.61012E-01  9.85932E-01 -4.48790E-02
  9.500E+01  2.95913E-24  1.54345E-01  9.86970E-01 -4.54778E-02
  9.550E+01  2.89113E-24  1.47691E-01  9.87959E-01 -4.60823E-02
  9.600E+01  2.82482E-24  1.41049E-01  9.88901E-01 -4.66925E-02
  9.650E+01  2.76015E-24  1.34420E-01  9.89795E-01 -4.73085E-02
  9.700E+01  2.69707E-24  1.27805E-01  9.90640E-01 -4.79304E-02
  9.750E+01  2.63554E-24  1.21205E-01  9.91439E-01 -4.85582E-02
  9.800E+01  2.57551E-24  1.14620E-01  9.92191E-01 -4.91920E-02
  9.850E+01  2.51694E-24  1.08052E-01  9.92896E-01 -4.98320E-02
  9.900E+01  2.45978E-24  1.01500E-01  9.93554E-01 -5.04781E-02
  9.950E+01  2.40401E-24  9.49664E-02  9.94167E-01 -5.11305E-02
  1.000E+02  2.34957E-24  8.84509E-02  9.94733E-01 -5.17892E-02
  1.005E+02  2.29643E-24  8.19546E-02  9.95255E-01 -5.24544E-02
  1.010E+02  2.24455E-24  7.54781E-02  9.95731E-01 -5.31261E-02
  1.015E+02  2.19391E-24  6.90224E-02  9.96163E-01 -5.38044E-02
  1.020E+02  2.14445E-24  6.25881E-02  9.96551E-01 -5.44895E-02
  1.025E+02  2.09616E-24  5.61761E-02  9.96895E-01 -5.51813E-02
  1.030E+02  2.04900E-24  4.97871E-02  9.97195E-01 -5.58801E-02
  1.035E+02  2.00294E-24  4.34219E-02  9.97453E-01 -5.65859E-02
  1.040E+02  1.95795E-24  3.70813E-02  9.97668E-01 -5.72988E-02
  1.045E+02  1.91400E-24  3.07662E-02  9.97841E-01 -5.80189E-02
  1.050E+02  1.87106E-24  2.44772E-02  9.97973E-01 -5.87463E-02
  1.055E+02  1.82911E-24  1.82154E-02  9.98063E-01 -5.94812E-02
  1.060E+02  1.78812E-24  1.19814E-02  9.98113E-01 -6.02237E-02
  1.065E+02  1.74806E-24  5.77613E-03  9.98123E-01 -6.09738E-02
  1.070E+02  1.70891E-24 -3.99555E-04  9.98093E-01 -6.17317E-02
  1.075E+02  1.67064E-24 -6.54482E-03  9.98024E-01 -6.24976E-02
  1.080E+02  1.63324E-24 -1.26588E-02  9.97916E-01 -6.32715E-02
  1.085E+02  1.59668E-24 -1.87406E-02  9.97770E-01 -6.40535E-02
  1.090E+02  1.56094E-24 -2.47894E-02  9.97587E-01 -6.48439E-02
  1.095E+02  1.52599E-24 -3.08042E-02  9.97368E-01 -6.56426E-02
  1.100E+02  1.49182E-24 -3.67842E-02  9.97111E-01 -6.64500E-02
  1.105E+02  1.45841E-24 -4.27284E-02  9.96820E-01 -6.72661E-02
  1.110E+02  1.42573E-24 -4.86359E-02  9.96493E-01 -6.80911E-02
  1.115E+02  1.39377E-24 -5.45058E-02  9.96132E-01 -6.89250E-02
  1.120E+02  1.36252E-24 -6.03371E-02  9.95737E-01 -6.97682E-02
  1.125E+02  1.33195E-24 -6.61289E-02  9.95309E-01 -7.06207E-02
  1.130E+02  1.30204E-24 -7.18801E-02  9.94848E-01 -7.14826E-02
  1.135E+02  1.27279E-24 -7.75898E-02  9.94356E-01 -7.23542E-02
  1.140E+02  1.24417E-24 -8.32569E-02  9.93833E-01 -7.32356E-02
  1.145E+02  1.21617E-24 -8.88805E-02  9.93280E-01 -7.41271E-02
  1.150E+02  1.18877E-24 -9.44594E-02  9.92697E-01 -7.50286E-02
  1.155E+02  1.16196E-24 -9.99927E-02  9.92086E-01 -7.59406E-02
  1.160E+02  1.13572E-24 -1.05479E-01  9.91447E-01 -7.68631E-02
  1.165E+02  1.11005E-24 -1.10918E-01  9.90780E-01 -7.77963E-02
  1.170E+02  1.08492E-24 -1.16307E-01  9.90087E-01 -7.87404E-02
  1.175E+02  1.06033E-24 -1.21647E-01  9.89369E-01 -7.96957E-02
  1.180E+02  1.03626E-24 -1.26935E-01  9.88626E-01 -8.06623E-02
  1.185E+02  1.01270E-24 -1.32171E-01  9.87859E-01 -8.16404E-02
  1.190E+02  9.89630E-25 -1.37353E-01  9.87070E-01 -8.26303E-02
  1.195E+02  9.67051E-25 -1.42480E-01  9.86258E-01 -8.36322E-02
  1.200E+02  9.44946E-25 -1.47551E-01  9.85426E-01 -8.46463E-02
  1.205E+02  9.23304E-25 -1.52565E-01  9.84573E-01 -8.56729E-02
  1.210E+02  9.02116E-25 -1.57520E-01  9.83701E-01 -8.67121E-02
  1.215E+02  8.81369E-25 -1.62414E-01  9.82812E-01 -8.77643E-02
  1.220E+02  8.61055E-25 -1.67248E-01  9.81905E-01 -8.88296E-02
  1.225E+02  8.41163E-25 -1.72018E-01  9.80982E-01 -8.99084E-02
  1.230E+02  8.21684E-25 -1.76724E-01  9.80045E-01 -9.10009E-02
  1.235E+02  8.02608E-25 -1.81364E-01  9.79093E-01 -9.21074E-02
  1.240E+02  7.83927E-25 -1.85936E-01  9.78129E-01 -9.32281E-02
  1.245E+02  7.65632E-25 -1.90440E-01  9.77153E-01 -9.43634E-02
  1.250E+02  7.47714E-25 -1.94873E-01  9.76167E-01 -9.55135E-02
  1.255E+02  7.30165E-25 -1.99234E-01  9.75171E-01 -9.66787E-02
  1.260E+02  7.12977E-25 -2.03522E-01  9.74168E-01 -9.78594E-02
  1.265E+02  6.96142E-25 -2.07733E-01  9.73157E-01 -9.90558E-02
  1.270E+02  6.79652E-25 -2.11867E-01  9.72141E-01 -1.00268E-01
  1.275E+02  6.63499E-25 -2.15922E-01  9.71121E-01 -1.01497E-01
  1.280E+02  6.47678E-25 -2.19895E-01  9.70098E-01 -1.02743E-01
  1.285E+02  6.32179E-25 -2.23786E-01  9.69073E-01 -1.04005E-01
  1.290E+02  6.16998E-25 -2.27591E-01  9.68048E-01 -1.05286E-01
  1.295E+02  6.02126E-25 -2.31309E-01  9.67024E-01 -1.06584E-01
  1.300E+02  5.87558E-25 -2.34937E-01  9.66003E-01 -1.07900E-01
  1.305E+02  5.73287E-25 -2.38474E-01  9.64986E-01 -1.09234E-01
  1.310E+02  5.59307E-25 -2.41917E-01  9.63974E-01 -1.10588E-01
  1.315E+02  5.45611E-25 -2.45263E-01  9.62970E-01 -1.11961E-01
  1.320E+02  5.32195E-25 -2.48510E-01  9.61974E-01 -1.13354E-01
  1.325E+02  5.19052E-25 -2.51656E-01  9.60988E-01 -1.14767E-01
  1.330E+02  5.06177E-25 -2.54697E-01  9.60014E-01 -1.16200E-01
  1.335E+02  4.93564E-25 -2.57632E-01  9.59053E-01 -1.17655E-01
  1.340E+02  4.81208E-25 -2.60457E-01  9.58108E-01 -1.19131E-01
  1.345E+02  4.69104E-25 -2.63168E-01  9.57179E-01 -1.20628E-01
  1.350E+02  4.57247E-25 -2.65764E-01  9.56268E-01 -1.22149E-01
  1.355E+02  4.45632E-25 -2.68241E-01  9.55378E-01 -1.23692E-01
  1.360E+02  4.34254E-25 -2.70594E-01  9.54510E-01 -1.25258E-01
  1.365E+02  4.23109E-25 -2.72822E-01  9.53665E-01 -1.26848E-01
  1.370E+02  4.12192E-25 -2.74920E-01  9.52846E-01 -1.28463E-01
  1.375E+02  4.01499E-25 -2.76884E-01  9.52055E-01 -1.30102E-01
  1.380E+02  3.91026E-25 -2.78710E-01  9.51293E-01 -1.31767E-01
  1.385E+02  3.80768E-25 -2.80395E-01  9.50562E-01 -1.33457E-01
  1.390E+02  3.70721E-25 -2.81933E-01  9.49864E-01 -1.35174E-01
  1.395E+02  3.60881E-25 -2.83320E-01  9.49201E-01 -1.36918E-01
  1.400E+02  3.51245E-25 -2.84552E-01  9.48575E-01 -1.38689E-01
  1.405E+02  3.41809E-25 -2.85624E-01  9.47989E-01 -1.40488E-01
  1.410E+02  3.32568E-25 -2.86529E-01  9.47443E-01 -1.42315E-01
  1.415E+02  3.23520E-25 -2.87263E-01  9.46940E-01 -1.44171E-01
  1.420E+02  3.14661E-25 -2.87820E-01  9.46481E-01 -1.46057E-01
  1.425E+02  3.05988E-25 -2.88194E-01  9.46070E-01 -1.47973E-01
  1.430E+02  2.97497E-25 -2.88379E-01  9.45707E-01 -1.49920E-01
  1.435E+02  2.89185E-25 -2.88368E-01  9.45395E-01 -1.51897E-01
  1.440E+02  2.81049E-25 -2.88153E-01  9.45135E-01 -1.53906E-01
  1.445E+02  2.73086E-25 -2.87728E-01  9.44930E-01 -1.55947E-01
  1.450E+02  2.65293E-25 -2.87085E-01  9.44781E-01 -1.58021E-01
  1.455E+02  2.57667E-25 -2.86216E-01  9.44690E-01 -1.60128E-01
  1.460E+02  2.50205E-25 -2.85112E-01  9.44659E-01 -1.62268E-01
  1.465E+02  2.42904E-25 -2.83765E-01  9.44689E-01 -1.64442E-01
  1.470E+02  2.35763E-25 -2.82164E-01  9.44781E-01 -1.66650E-01
  1.475E+02  2.28777E-25 -2.80300E-01  9.44938E-01 -1.68892E-01
  1.480E+02  2.21945E-25 -2.78163E-01  9.45159E-01 -1.71169E-01
  1.485E+02  2.15264E-25 -2.75741E-01  9.45448E-01 -1.73481E-01
  1.490E+02  2.08732E-25 -2.73022E-01  9.45803E-01 -1.75829E-01
  1.495E+02  2.02347E-25 -2.69995E-01  9.46226E-01 -1.78211E-01
  1.500E+02  1.96105E-25 -2.66646E-01  9.46717E-01 -1.80628E-01
  1.505E+02  1.90005E-25 -2.62962E-01  9.47277E-01 -1.83080E-01
  1.510E+02  1.84045E-25 -2.58927E-01  9.47904E-01 -1.85567E-01
  1.515E+02  1.78223E-25 -2.54528E-01  9.48598E-01 -1.88088E-01
  1.520E+02  1.72536E-25 -2.49747E-01  9.49359E-01 -1.90642E-01
  1.525E+02  1.66982E-25 -2.44568E-01  9.50183E-01 -1.93230E-01
  1.530E+02  1.61560E-25 -2.38973E-01  9.51070E-01 -1.95849E-01
  1.535E+02  1.56268E-25 -2.32943E-01  9.52017E-01 -1.98499E-01
  1.540E+02  1.51104E-25 -2.26457E-01  9.53019E-01 -2.01179E-01
  1.545E+02  1.46066E-25 -2.19495E-01  9.54072E-01 -2.03886E-01
  1.550E+02  1.41152E-25 -2.12035E-01  9.55170E-01 -2.06618E-01
  1.555E+02  1.36360E-25 -2.04052E-01  9.56308E-01 -2.09374E-01
  1.560E+02  1.31690E-25 -1.95523E-01  9.57478E-01 -2.12150E-01
  1.565E+02  1.27139E-25 -1.86421E-01  9.58669E-01 -2.14942E-01
  1.570E+02  1.22706E-25 -1.76720E-01  9.59873E-01 -2.17748E-01
  1.575E+02  1.18389E-25 -1.66390E-01  9.61076E-01 -2.20562E-01
  1.580E+02  1.14187E-25 -1.55401E-01  9.62264E-01 -2.23380E-01
  1.585E+02  1.10099E-25 -1.43722E-01  9.63421E-01 -2.26195E-01
  1.590E+02  1.06122E-25 -1.31321E-01  9.64528E-01 -2.29001E-01
  1.595E+02  1.02256E-25 -1.18162E-01  9.65563E-01 -2.31789E-01
  1.600E+02  9.85001E-26 -1.04211E-01  9.66502E-01 -2.34553E-01
  1.605E+02  9.48519E-26 -8.94298E-02  9.67316E-01 -2.37280E-01
  1.610E+02  9.13107E-26 -7.37815E-02  9.67975E-01 -2.39961E-01
  1.615E+02  8.78753E-26 -5.72266E-02  9.68441E-01 -2.42582E-01
  1.620E+02  8.45445E-26 -3.97253E-02  9.68676E-01 -2.45130E-01
  1.625E+02  8.13172E-26 -2.12371E-02  9.68633E-01 -2.47588E-01
  1.630E+02  7.81924E-26 -1.72124E-03  9.68260E-01 -2.49938E-01
  1.635E+02  7.51690E-26  1.88628E-02  9.67502E-01 -2.52160E-01
  1.640E+02  7.22461E-26  4.05551E-02  9.66293E-01 -2.54232E-01
  1.645E+02  6.94226E-26  6.33940E-02  9.64562E-01 -2.56128E-01
  1.650E+02  6.66977E-26  8.74163E-02  9.62230E-01 -2.57821E-01
  1.655E+02  6.40705E-26  1.12655E-01  9.59209E-01 -2.59281E-01
  1.660E+02  6.15401E-26  1.39141E-01  9.55403E-01 -2.60472E-01
  1.665E+02  5.91056E-26  1.66897E-01  9.50703E-01 -2.61359E-01
  1.670E+02  5.67664E-26  1.95941E-01  9.44995E-01 -2.61899E-01
  1.675E+02  5.45216E-26  2.26282E-01  9.38151E-01 -2.62049E-01
  1.680E+02  5.23705E-26  2.57917E-01  9.30032E-01 -2.61761E-01
  1.685E+02  5.03124E-26  2.90833E-01  9.20491E-01 -2.60982E-01
  1.690E+02  4.83467E-26  3.24998E-01  9.09370E-01 -2.59658E-01
  1.695E+02  4.64727E-26  3.60366E-01  8.96499E-01 -2.57730E-01
  1.700E+02  4.46899E-26  3.96867E-01  8.81704E-01 -2.55136E-01
  1.705E+02  4.29975E-26  4.34409E-01  8.64800E-01 -2.51813E-01
  1.710E+02  4.13952E-26  4.72870E-01  8.45601E-01 -2.47694E-01
  1.715E+02  3.98824E-26  5.12101E-01  8.23918E-01 -2.42715E-01
  1.720E+02  3.84585E-26  5.51919E-01  7.99566E-01 -2.36810E-01
  1.725E+02  3.71232E-26  5.92105E-01  7.72366E-01 -2.29918E-01
  1.730E+02  3.58761E-26  6.32404E-01  7.42153E-01 -2.21980E-01
  1.735E+02  3.47166E-26  6.72520E-01  7.08781E-01 -2.12946E-01
  1.740E+02  3.36446E-26  7.12125E-01  6.72132E-01 -2.02774E-01
  1.745E+02  3.26595E-26  7.50850E-01  6.32121E-01 -1.91435E-01
  1.750E+02  3.17611E-26  7.88299E-01  5.88706E-01 -1.78913E-01
  1.755E+02  3.09492E-26  8.24048E-01  5.41895E-01 -1.65212E-01
  1.760E+02  3.02234E-26  8.57655E-01  4.91754E-01 -1.50354E-01
  1.765E+02  2.95835E-26  8.88672E-01  4.38410E-01 -1.34384E-01
  1.770E+02  2.90294E-26  9.16654E-01  3.82059E-01 -1.17368E-01
  1.775E+02  2.85608E-26  9.41176E-01  3.22966E-01 -9.93998E-02
  1.780E+02  2.81776E-26  9.61843E-01  2.61462E-01 -8.05934E-02
  1.785E+02  2.78797E-26  9.78309E-01  1.97941E-01 -6.10863E-02
  1.790E+02  2.76670E-26  9.90286E-01  1.32855E-01 -4.10351E-02
  1.795E+02  2.75394E-26  9.97560E-01  6.66993E-02 -2.06119E-02
