  1.875E+01  4.17893E-22  9.54103E-01  2.99477E-01 -1.51683E-04
  1.900E+01  3.97155E-22  9.52875E-01  3.03363E-01 -1.62681E-04
  1.925E+01  3.77706E-22  9.51631E-01  3.07244E-01 -1.74040E-04
  1.950E+01  3.59451E-22  9.50371E-01  3.11120E-01 -1.85765E-04
  1.975E+01  3.42301E-22  9.49094E-01  3.14992E-01 -1.97857E-04
  2.000E+01  3.26177E-22  9.47802E-01  3.18858E-01 -2.10319E-04
  2.025E+01  3.11005E-22  9.46495E-01  3.22720E-01 -2.23153E-04
  2.050E+01  2.96718E-22  9.45171E-01  3.26576E-01 -2.36362E-04
  2.075E+01  2.83254E-22  9.43831E-01  3.30428E-01 -2.49949E-04
  2.100E+01  2.70557E-22  9.42476E-01  3.34274E-01 -2.63915E-04
  2.125E+01  2.58574E-22  9.41105E-01  3.38115E-01 -2.78263E-04
  2.150E+01  2.47257E-22  9.39718E-01  3.41950E-01 -2.92995E-04
  2.175E+01  2.36562E-22  9.38316E-01  3.45780E-01 -3.08112E-04
  2.200E+01  2.26448E-22  9.36897E-01  3.49605E-01 -3.23618E-04
  2.225E+01  2.16877E-22  9.35463E-01  3.53424E-01 -3.39514E-04
  2.250E+01  2.07815E-22  9.34014E-01  3.57237E-01 -3.55801E-04
  2.275E+01  1.99228E-22  9.32548E-01  3.61045E-01 -3.72483E-04
  2.300E+01  1.91087E-22  9.31068E-01  3.64846E-01 -3.89559E-04
  2.325E+01  1.83364E-22  9.29571E-01  3.68642E-01 -4.07033E-04
  2.350E+01  1.76033E-22  9.28059E-01  3.72432E-01 -4.24905E-04
  2.375E+01  1.69072E-22  9.26532E-01  3.76216E-01 -4.43178E-04
  2.400E+01  1.62456E-22  9.24989E-01  3.79994E-01 -4.61853E-04
  2.425E+01  1.56166E-22  9.23430E-01  3.83766E-01 -4.80931E-04
  2.450E+01  1.50182E-22  9.21856E-01  3.87532E-01 -5.00414E-04
  2.475E+01  1.44487E-22  9.20267E-01  3.91291E-01 -5.20304E-04
  2.500E+01  1.39063E-22  9.18662E-01  3.95044E-01 -5.40601E-04
  2.550E+01  1.28970E-22  9.15406E-01  4.02531E-01 -5.82423E-04
  2.600E+01  1.19790E-22  9.12089E-01  4.09991E-01 -6.25890E-04
  2.650E+01  1.11426E-22  9.08711E-01  4.17425E-01 -6.71012E-04
  2.700E+01  1.03790E-22  9.05272E-01  4.24831E-01 -7.17796E-04
  2.750E+01  9.68067E-23  9.01773E-01  4.32210E-01 -7.66251E-04
  2.800E+01  9.04103E-23  8.98213E-01  4.39560E-01 -8.16384E-04
  2.850E+01  8.45417E-23  8.94593E-01  4.46881E-01 -8.68201E-04
  2.900E+01  7.91490E-23  8.90914E-01  4.54172E-01 -9.21709E-04
  2.950E+01  7.41861E-23  8.87174E-01  4.61433E-01 -9.76913E-04
  3.000E+01  6.96121E-23  8.83376E-01  4.68664E-01 -1.03382E-03
  3.050E+01  6.53906E-23  8.79518E-01  4.75864E-01 -1.09243E-03
  3.100E+01  6.14892E-23  8.75602E-01  4.83032E-01 -1.15275E-03
  3.150E+01  5.78788E-23  8.71627E-01  4.90168E-01 -1.21478E-03
  3.200E+01  5.45335E-23  8.67595E-01  4.97271E-01 -1.27854E-03
  3.250E+01  5.14301E-23  8.63504E-01  5.04341E-01 -1.34401E-03
  3.300E+01  4.85475E-23  8.59356E-01  5.11377E-01 -1.41121E-03
  3.350E+01  4.58671E-23  8.55150E-01  5.18379E-01 -1.48013E-03
  3.400E+01  4.33717E-23  8.50888E-01  5.25346E-01 -1.55078E-03
  3.450E+01  4.10462E-23  8.46568E-01  5.32277E-01 -1.62316E-03
  3.500E+01  3.88767E-23  8.42193E-01  5.39174E-01 -1.69728E-03
  3.550E+01  3.68506E-23  8.37762E-01  5.46033E-01 -1.77312E-03
  3.600E+01  3.49566E-23  8.33275E-01  5.52856E-01 -1.85071E-03
  3.650E+01  3.31843E-23  8.28732E-01  5.59642E-01 -1.93003E-03
  3.700E+01  3.15244E-23  8.24135E-01  5.66390E-01 -2.01108E-03
  3.750E+01  2.99684E-23  8.19483E-01  5.73100E-01 -2.09388E-03
  3.800E+01  2.85084E-23  8.14777E-01  5.79771E-01 -2.17841E-03
  3.850E+01  2.71373E-23  8.10016E-01  5.86403E-01 -2.26469E-03
  3.900E+01  2.58486E-23  8.05203E-01  5.92995E-01 -2.35270E-03
  3.950E+01  2.46364E-23  8.00336E-01  5.99547E-01 -2.44246E-03
  4.000E+01  2.34952E-23  7.95416E-01  6.06059E-01 -2.53396E-03
  4.050E+01  2.24201E-23  7.90444E-01  6.12529E-01 -2.62720E-03
  4.100E+01  2.14064E-23  7.85419E-01  6.18958E-01 -2.72218E-03
  4.150E+01  2.04499E-23  7.80343E-01  6.25345E-01 -2.81890E-03
  4.200E+01  1.95468E-23  7.75216E-01  6.31690E-01 -2.91737E-03
  4.250E+01  1.86934E-23  7.70038E-01  6.37991E-01 -3.01758E-03
  4.300E+01  1.78865E-23  7.64809E-01  6.44250E-01 -3.11953E-03
  4.350E+01  1.71231E-23  7.59530E-01  6.50465E-01 -3.22322E-03
  4.400E+01  1.64002E-23  7.54201E-01  6.56635E-01 -3.32866E-03
  4.450E+01  1.57154E-23  7.48823E-01  6.62761E-01 -3.43584E-03
  4.500E+01  1.50662E-23  7.43396E-01  6.68842E-01 -3.54477E-03
  4.550E+01  1.44504E-23  7.37921E-01  6.74877E-01 -3.65544E-03
  4.600E+01  1.38660E-23  7.32397E-01  6.80867E-01 -3.76786E-03
  4.650E+01  1.33109E-23  7.26826E-01  6.86810E-01 -3.88202E-03
  4.700E+01  1.27834E-23  7.21208E-01  6.92707E-01 -3.99793E-03
  4.750E+01  1.22820E-23  7.15543E-01  6.98557E-01 -4.11559E-03
  4.800E+01  1.18050E-23  7.09832E-01  7.04359E-01 -4.23499E-03
  4.850E+01  1.13509E-23  7.04074E-01  7.10113E-01 -4.35614E-03
  4.900E+01  1.09186E-23  6.98271E-01  7.15819E-01 -4.47904E-03
  4.950E+01  1.05067E-23  6.92424E-01  7.21476E-01 -4.60369E-03
  5.000E+01  1.01140E-23  6.86531E-01  7.27085E-01 -4.73009E-03
  5.050E+01  9.73950E-24  6.80595E-01  7.32644E-01 -4.85825E-03
  5.100E+01  9.38218E-24  6.74615E-01  7.38153E-01 -4.98816E-03
  5.150E+01  9.04108E-24  6.68592E-01  7.43612E-01 -5.11982E-03
  5.200E+01  8.71532E-24  6.62526E-01  7.49021E-01 -5.25324E-03
  5.250E+01  8.40405E-24  6.56417E-01  7.54379E-01 -5.38842E-03
  5.300E+01  8.10652E-24  6.50268E-01  7.59685E-01 -5.52537E-03
  5.350E+01  7.82198E-24  6.44076E-01  7.64940E-01 -5.66407E-03
  5.400E+01  7.54976E-24  6.37844E-01  7.70143E-01 -5.80455E-03
  5.450E+01  7.28921E-24  6.31572E-01  7.75294E-01 -5.94679E-03
  5.500E+01  7.03973E-24  6.25260E-01  7.80393E-01 -6.09080E-03
  5.550E+01  6.80076E-24  6.18908E-01  7.85438E-01 -6.23658E-03
  5.600E+01  6.57175E-24  6.12518E-01  7.90431E-01 -6.38414E-03
  5.650E+01  6.35222E-24  6.06089E-01  7.95370E-01 -6.53349E-03
  5.700E+01  6.14169E-24  5.99623E-01  8.00255E-01 -6.68461E-03
  5.750E+01  5.93972E-24  5.93119E-01  8.05086E-01 -6.83752E-03
  5.800E+01  5.74588E-24  5.86579E-01  8.09862E-01 -6.99223E-03
  5.850E+01  5.55979E-24  5.80002E-01  8.14584E-01 -7.14873E-03
  5.900E+01  5.38107E-24  5.73389E-01  8.19251E-01 -7.30702E-03
  5.950E+01  5.20937E-24  5.66741E-01  8.23862E-01 -7.46713E-03
  6.000E+01  5.04435E-24  5.60058E-01  8.28418E-01 -7.62904E-03
  6.050E+01  4.88571E-24  5.53341E-01  8.32918E-01 -7.79276E-03
  6.100E+01  4.73315E-24  5.46591E-01  8.37362E-01 -7.95830E-03
  6.150E+01  4.58639E-24  5.39807E-01  8.41750E-01 -8.12567E-03
  6.200E+01  4.44516E-24  5.32990E-01  8.46081E-01 -8.29487E-03
  6.250E+01  4.30921E-24  5.26142E-01  8.50355E-01 -8.46590E-03
  6.300E+01  4.17831E-24  5.19262E-01  8.54572E-01 -8.63877E-03
  6.350E+01  4.05222E-24  5.12350E-01  8.58731E-01 -8.81350E-03
  6.400E+01  3.93075E-24  5.05409E-01  8.62833E-01 -8.99008E-03
  6.450E+01  3.81367E-24  4.98437E-01  8.66877E-01 -9.16852E-03
  6.500E+01  3.70081E-24  4.91436E-01  8.70863E-01 -9.34883E-03
  6.550E+01  3.59198E-24  4.84407E-01  8.74791E-01 -9.53102E-03
  6.600E+01  3.48700E-24  4.77348E-01  8.78660E-01 -9.71510E-03
  6.650E+01  3.38572E-24  4.70263E-01  8.82471E-01 -9.90106E-03
  6.700E+01  3.28798E-24  4.63150E-01  8.86223E-01 -1.00889E-02
  6.750E+01  3.19362E-24  4.56010E-01  8.89915E-01 -1.02787E-02
  6.800E+01  3.10251E-24  4.48845E-01  8.93548E-01 -1.04704E-02
  6.850E+01  3.01451E-24  4.41654E-01  8.97122E-01 -1.06641E-02
  6.900E+01  2.92950E-24  4.34438E-01  9.00636E-01 -1.08596E-02
  6.950E+01  2.84735E-24  4.27198E-01  9.04091E-01 -1.10571E-02
  7.000E+01  2.76795E-24  4.19934E-01  9.07485E-01 -1.12566E-02
  7.050E+01  2.69119E-24  4.12647E-01  9.10819E-01 -1.14581E-02
  7.100E+01  2.61696E-24  4.05337E-01  9.14093E-01 -1.16615E-02
  7.150E+01  2.54516E-24  3.98005E-01  9.17306E-01 -1.18669E-02
  7.200E+01  2.47570E-24  3.90652E-01  9.20459E-01 -1.20744E-02
  7.250E+01  2.40848E-24  3.83278E-01  9.23551E-01 -1.22838E-02
  7.300E+01  2.34342E-24  3.75884E-01  9.26583E-01 -1.24953E-02
  7.350E+01  2.28044E-24  3.68470E-01  9.29553E-01 -1.27089E-02
  7.400E+01  2.21945E-24  3.61037E-01  9.32462E-01 -1.29244E-02
  7.450E+01  2.16039E-24  3.53586E-01  9.35310E-01 -1.31421E-02
  7.500E+01  2.10317E-24  3.46116E-01  9.38096E-01 -1.33619E-02
  7.550E+01  2.04773E-24  3.38630E-01  9.40822E-01 -1.35837E-02
  7.600E+01  1.99400E-24  3.31126E-01  9.43485E-01 -1.38077E-02
  7.650E+01  1.94192E-24  3.23607E-01  9.46088E-01 -1.40338E-02
  7.700E+01  1.89143E-24  3.16072E-01  9.48628E-01 -1.42620E-02
  7.750E+01  1.84247E-24  3.08522E-01  9.51107E-01 -1.44924E-02
  7.800E+01  1.79498E-24  3.00958E-01  9.53524E-01 -1.47250E-02
  7.850E+01  1.74892E-24  2.93381E-01  9.55879E-01 -1.49598E-02
  7.900E+01  1.70422E-24  2.85790E-01  9.58172E-01 -1.51968E-02
  7.950E+01  1.66085E-24  2.78187E-01  9.60403E-01 -1.54361E-02
  8.000E+01  1.61875E-24  2.70572E-01  9.62572E-01 -1.56776E-02
  8.050E+01  1.57789E-24  2.62945E-01  9.64679E-01 -1.59214E-02
  8.100E+01  1.53821E-24  2.55308E-01  9.66724E-01 -1.61674E-02
  8.150E+01  1.49968E-24  2.47662E-01  9.68708E-01 -1.64158E-02
  8.200E+01  1.46225E-24  2.40005E-01  9.70628E-01 -1.66666E-02
  8.250E+01  1.42590E-24  2.32340E-01  9.72487E-01 -1.69197E-02
  8.300E+01  1.39057E-24  2.24667E-01  9.74284E-01 -1.71751E-02
  8.350E+01  1.35625E-24  2.16987E-01  9.76019E-01 -1.74330E-02
  8.400E+01  1.32289E-24  2.09299E-01  9.77692E-01 -1.76933E-02
  8.450E+01  1.29046E-24  2.01606E-01  9.79302E-01 -1.79561E-02
  8.500E+01  1.25893E-24  1.93906E-01  9.80851E-01 -1.82213E-02
  8.550E+01  1.22827E-24  1.86202E-01  9.82338E-01 -1.84891E-02
  8.600E+01  1.19845E-24  1.78493E-01  9.83762E-01 -1.87594E-02
  8.650E+01  1.16945E-24  1.70781E-01  9.85125E-01 -1.90322E-02
  8.700E+01  1.14123E-24  1.63065E-01  9.86426E-01 -1.93076E-02
  8.750E+01  1.11378E-24  1.55347E-01  9.87666E-01 -1.95857E-02
  8.800E+01  1.08707E-24  1.47627E-01  9.88844E-01 -1.98663E-02
  8.850E+01  1.06107E-24  1.39906E-01  9.89960E-01 -2.01497E-02
  8.900E+01  1.03577E-24  1.32184E-01  9.91014E-01 -2.04358E-02
  8.950E+01  1.01113E-24  1.24463E-01  9.92008E-01 -2.07246E-02
  9.000E+01  9.87145E-25  1.16742E-01  9.92940E-01 -2.10161E-02
  9.050E+01  9.63787E-25  1.09023E-01  9.93811E-01 -2.13105E-02
  9.100E+01  9.41038E-25  1.01305E-01  9.94621E-01 -2.16077E-02
  9.150E+01  9.18880E-25  9.35902E-02  9.95370E-01 -2.19078E-02
  9.200E+01  8.97294E-25  8.58786E-02  9.96058E-01 -2.22107E-02
  9.250E+01  8.76263E-25  7.81710E-02  9.96686E-01 -2.25167E-02
  9.300E+01  8.55770E-25  7.04679E-02  9.97253E-01 -2.28256E-02
  9.350E+01  8.35798E-25  6.27701E-02  9.97760E-01 -2.31375E-02
  9.400E+01  8.16332E-25  5.50781E-02  9.98207E-01 -2.34525E-02
  9.450E+01  7.97358E-25  4.73926E-02  9.98593E-01 -2.37706E-02
  9.500E+01  7.78859E-25  3.97143E-02  9.98921E-01 -2.40918E-02
  9.550E+01  7.60823E-25  3.20438E-02  9.99188E-01 -2.44163E-02
  9.600E+01  7.43235E-25  2.43818E-02  9.99396E-01 -2.47439E-02
  9.650E+01  7.26083E-25  1.67289E-02  9.99546E-01 -2.50748E-02
  9.700E+01  7.09353E-25  9.08583E-03  9.99636E-01 -2.54091E-02
  9.750E+01  6.93034E-25  1.45315E-03  9.99667E-01 -2.57467E-02
  9.800E+01  6.77113E-25 -6.16842E-03  9.99641E-01 -2.60878E-02
  9.850E+01  6.61580E-25 -1.37783E-02  9.99556E-01 -2.64323E-02
  9.900E+01  6.46423E-25 -2.13757E-02  9.99413E-01 -2.67803E-02
  9.950E+01  6.31631E-25 -2.89600E-02  9.99212E-01 -2.71320E-02
  1.000E+02  6.17194E-25 -3.65306E-02  9.98954E-01 -2.74872E-02
  1.005E+02  6.03103E-25 -4.40869E-02  9.98640E-01 -2.78461E-02
  1.010E+02  5.89347E-25 -5.16280E-02  9.98268E-01 -2.82088E-02
  1.015E+02  5.75917E-25 -5.91535E-02  9.97840E-01 -2.85753E-02
  1.020E+02  5.62805E-25 -6.66625E-02  9.97356E-01 -2.89456E-02
  1.025E+02  5.50000E-25 -7.41545E-02  9.96816E-01 -2.93199E-02
  1.030E+02  5.37496E-25 -8.16288E-02  9.96220E-01 -2.96981E-02
  1.035E+02  5.25283E-25 -8.90846E-02  9.95570E-01 -3.00804E-02
  1.040E+02  5.13355E-25 -9.65214E-02  9.94865E-01 -3.04669E-02
  1.045E+02  5.01702E-25 -1.03938E-01  9.94105E-01 -3.08575E-02
  1.050E+02  4.90318E-25 -1.11335E-01  9.93291E-01 -3.12524E-02
  1.055E+02  4.79196E-25 -1.18711E-01  9.92424E-01 -3.16516E-02
  1.060E+02  4.68328E-25 -1.26064E-01  9.91504E-01 -3.20552E-02
  1.065E+02  4.57708E-25 -1.33396E-01  9.90531E-01 -3.24633E-02
  1.070E+02  4.47330E-25 -1.40704E-01  9.89506E-01 -3.28760E-02
  1.075E+02  4.37186E-25 -1.47988E-01  9.88429E-01 -3.32933E-02
  1.080E+02  4.27271E-25 -1.55248E-01  9.87300E-01 -3.37154E-02
  1.085E+02  4.17580E-25 -1.62482E-01  9.86121E-01 -3.41422E-02
  1.090E+02  4.08105E-25 -1.69691E-01  9.84891E-01 -3.45740E-02
  1.095E+02  3.98842E-25 -1.76873E-01  9.83611E-01 -3.50108E-02
  1.100E+02  3.89785E-25 -1.84028E-01  9.82281E-01 -3.54527E-02
  1.105E+02  3.80929E-25 -1.91155E-01  9.80903E-01 -3.58997E-02
  1.110E+02  3.72268E-25 -1.98253E-01  9.79477E-01 -3.63521E-02
  1.115E+02  3.63799E-25 -2.05322E-01  9.78002E-01 -3.68098E-02
  1.120E+02  3.55515E-25 -2.12360E-01  9.76480E-01 -3.72730E-02
  1.125E+02  3.47413E-25 -2.19368E-01  9.74912E-01 -3.77418E-02
  1.130E+02  3.39487E-25 -2.26344E-01  9.73297E-01 -3.82164E-02
  1.135E+02  3.31735E-25 -2.33288E-01  9.71637E-01 -3.86967E-02
  1.140E+02  3.24150E-25 -2.40199E-01  9.69933E-01 -3.91830E-02
  1.145E+02  3.16729E-25 -2.47076E-01  9.68183E-01 -3.96754E-02
  1.150E+02  3.09469E-25 -2.53919E-01  9.66391E-01 -4.01740E-02
  1.155E+02  3.02365E-25 -2.60726E-01  9.64555E-01 -4.06789E-02
  1.160E+02  2.95413E-25 -2.67498E-01  9.62678E-01 -4.11902E-02
  1.165E+02  2.88610E-25 -2.74233E-01  9.60758E-01 -4.17081E-02
  1.170E+02  2.81952E-25 -2.80930E-01  9.58798E-01 -4.22328E-02
  1.175E+02  2.75436E-25 -2.87590E-01  9.56799E-01 -4.27643E-02
  1.180E+02  2.69058E-25 -2.94210E-01  9.54759E-01 -4.33029E-02
  1.185E+02  2.62815E-25 -3.00790E-01  9.52682E-01 -4.38486E-02
  1.190E+02  2.56704E-25 -3.07330E-01  9.50566E-01 -4.44017E-02
  1.195E+02  2.50722E-25 -3.13829E-01  9.48414E-01 -4.49623E-02
  1.200E+02  2.44866E-25 -3.20286E-01  9.46226E-01 -4.55305E-02
  1.205E+02  2.39133E-25 -3.26699E-01  9.44003E-01 -4.61067E-02
  1.210E+02  2.33519E-25 -3.33069E-01  9.41746E-01 -4.66908E-02
  1.215E+02  2.28023E-25 -3.39394E-01  9.39455E-01 -4.72832E-02
  1.220E+02  2.22642E-25 -3.45674E-01  9.37132E-01 -4.78839E-02
  1.225E+02  2.17373E-25 -3.51908E-01  9.34778E-01 -4.84933E-02
  1.230E+02  2.12213E-25 -3.58094E-01  9.32393E-01 -4.91115E-02
  1.235E+02  2.07160E-25 -3.64233E-01  9.29979E-01 -4.97387E-02
  1.240E+02  2.02212E-25 -3.70322E-01  9.27536E-01 -5.03752E-02
  1.245E+02  1.97366E-25 -3.76362E-01  9.25067E-01 -5.10211E-02
  1.250E+02  1.92620E-25 -3.82351E-01  9.22571E-01 -5.16768E-02
  1.255E+02  1.87972E-25 -3.88289E-01  9.20050E-01 -5.23424E-02
  1.260E+02  1.83420E-25 -3.94174E-01  9.17505E-01 -5.30182E-02
  1.265E+02  1.78961E-25 -4.00005E-01  9.14938E-01 -5.37045E-02
  1.270E+02  1.74594E-25 -4.05782E-01  9.12349E-01 -5.44015E-02
  1.275E+02  1.70317E-25 -4.11504E-01  9.09740E-01 -5.51095E-02
  1.280E+02  1.66127E-25 -4.17169E-01  9.07113E-01 -5.58288E-02
  1.285E+02  1.62022E-25 -4.22776E-01  9.04467E-01 -5.65597E-02
  1.290E+02  1.58002E-25 -4.28325E-01  9.01806E-01 -5.73026E-02
  1.295E+02  1.54064E-25 -4.33814E-01  8.99130E-01 -5.80576E-02
  1.300E+02  1.50206E-25 -4.39242E-01  8.96441E-01 -5.88253E-02
  1.305E+02  1.46428E-25 -4.44609E-01  8.93740E-01 -5.96058E-02
  1.310E+02  1.42726E-25 -4.49912E-01  8.91028E-01 -6.03996E-02
  1.315E+02  1.39099E-25 -4.55150E-01  8.88308E-01 -6.12071E-02
  1.320E+02  1.35547E-25 -4.60323E-01  8.85582E-01 -6.20286E-02
  1.325E+02  1.32067E-25 -4.65430E-01  8.82850E-01 -6.28645E-02
  1.330E+02  1.28658E-25 -4.70467E-01  8.80114E-01 -6.37152E-02
  1.335E+02  1.25319E-25 -4.75436E-01  8.77377E-01 -6.45813E-02
  1.340E+02  1.22048E-25 -4.80333E-01  8.74640E-01 -6.54630E-02
  1.345E+02  1.18843E-25 -4.85158E-01  8.71905E-01 -6.63609E-02
  1.350E+02  1.15704E-25 -4.89909E-01  8.69174E-01 -6.72755E-02
  1.355E+02  1.12630E-25 -4.94584E-01  8.66449E-01 -6.82073E-02
  1.360E+02  1.09618E-25 -4.99182E-01  8.63733E-01 -6.91568E-02
  1.365E+02  1.06667E-25 -5.03701E-01  8.61027E-01 -7.01245E-02
  1.370E+02  1.03778E-25 -5.08140E-01  8.58334E-01 -7.11111E-02
  1.375E+02  1.00947E-25 -5.12496E-01  8.55656E-01 -7.21170E-02
  1.380E+02  9.81747E-26 -5.16768E-01  8.52995E-01 -7.31430E-02
  1.385E+02  9.54595E-26 -5.20954E-01  8.50354E-01 -7.41896E-02
  1.390E+02  9.28001E-26 -5.25052E-01  8.47736E-01 -7.52575E-02
  1.395E+02  9.01958E-26 -5.29058E-01  8.45144E-01 -7.63475E-02
  1.400E+02  8.76453E-26 -5.32973E-01  8.42579E-01 -7.74602E-02
  1.405E+02  8.51478E-26 -5.36792E-01  8.40046E-01 -7.85965E-02
  1.410E+02  8.27021E-26 -5.40513E-01  8.37547E-01 -7.97570E-02
  1.415E+02  8.03075E-26 -5.44134E-01  8.35085E-01 -8.09427E-02
  1.420E+02  7.79630E-26 -5.47652E-01  8.32663E-01 -8.21543E-02
  1.425E+02  7.56676E-26 -5.51064E-01  8.30285E-01 -8.33928E-02
  1.430E+02  7.34205E-26 -5.54368E-01  8.27955E-01 -8.46591E-02
  1.435E+02  7.12208E-26 -5.57559E-01  8.25676E-01 -8.59543E-02
  1.440E+02  6.90678E-26 -5.60634E-01  8.23451E-01 -8.72792E-02
  1.445E+02  6.69606E-26 -5.63591E-01  8.21285E-01 -8.86351E-02
  1.450E+02  6.48983E-26 -5.66424E-01  8.19182E-01 -9.00230E-02
  1.455E+02  6.28803E-26 -5.69131E-01  8.17146E-01 -9.14441E-02
  1.460E+02  6.09058E-26 -5.71706E-01  8.15182E-01 -9.28996E-02
  1.465E+02  5.89741E-26 -5.74146E-01  8.13294E-01 -9.43908E-02
  1.470E+02  5.70844E-26 -5.76444E-01  8.11487E-01 -9.59191E-02
  1.475E+02  5.52361E-26 -5.78597E-01  8.09766E-01 -9.74858E-02
  1.480E+02  5.34284E-26 -5.80599E-01  8.08137E-01 -9.90925E-02
  1.485E+02  5.16608E-26 -5.82443E-01  8.06605E-01 -1.00741E-01
  1.490E+02  4.99325E-26 -5.84124E-01  8.05175E-01 -1.02432E-01
  1.495E+02  4.82430E-26 -5.85635E-01  8.03854E-01 -1.04168E-01
  1.500E+02  4.65917E-26 -5.86968E-01  8.02648E-01 -1.05951E-01
  1.505E+02  4.49779E-26 -5.88116E-01  8.01563E-01 -1.07782E-01
  1.510E+02  4.34011E-26 -5.89070E-01  8.00606E-01 -1.09663E-01
  1.515E+02  4.18607E-26 -5.89822E-01  7.99785E-01 -1.11597E-01
  1.520E+02  4.03562E-26 -5.90362E-01  7.99107E-01 -1.13585E-01
  1.525E+02  3.88871E-26 -5.90679E-01  7.98579E-01 -1.15631E-01
  1.530E+02  3.74528E-26 -5.90762E-01  7.98210E-01 -1.17735E-01
  1.535E+02  3.60528E-26 -5.90599E-01  7.98008E-01 -1.19901E-01
  1.540E+02  3.46867E-26 -5.90177E-01  7.97982E-01 -1.22131E-01
  1.545E+02  3.33539E-26 -5.89481E-01  7.98141E-01 -1.24429E-01
  1.550E+02  3.20541E-26 -5.88497E-01  7.98495E-01 -1.26795E-01
  1.555E+02  3.07867E-26 -5.87207E-01  7.99054E-01 -1.29235E-01
  1.560E+02  2.95513E-26 -5.85592E-01  7.99827E-01 -1.31750E-01
  1.565E+02  2.83475E-26 -5.83634E-01  8.00827E-01 -1.34343E-01
  1.570E+02  2.71749E-26 -5.81309E-01  8.02063E-01 -1.37019E-01
  1.575E+02  2.60331E-26 -5.78595E-01  8.03548E-01 -1.39780E-01
  1.580E+02  2.49217E-26 -5.75465E-01  8.05293E-01 -1.42630E-01
  1.585E+02  2.38403E-26 -5.71890E-01  8.07310E-01 -1.45573E-01
  1.590E+02  2.27885E-26 -5.67840E-01  8.09613E-01 -1.48612E-01
  1.595E+02  2.17661E-26 -5.63279E-01  8.12212E-01 -1.51751E-01
  1.600E+02  2.07726E-26 -5.58170E-01  8.15122E-01 -1.54993E-01
  1.605E+02  1.98077E-26 -5.52471E-01  8.18354E-01 -1.58343E-01
  1.610E+02  1.88711E-26 -5.46136E-01  8.21922E-01 -1.61804E-01
  1.615E+02  1.79625E-26 -5.39114E-01  8.25836E-01 -1.65380E-01
  1.620E+02  1.70816E-26 -5.31348E-01  8.30110E-01 -1.69074E-01
  1.625E+02  1.62281E-26 -5.22777E-01  8.34754E-01 -1.72889E-01
  1.630E+02  1.54017E-26 -5.13331E-01  8.39775E-01 -1.76828E-01
  1.635E+02  1.46021E-26 -5.02934E-01  8.45183E-01 -1.80893E-01
  1.640E+02  1.38291E-26 -4.91500E-01  8.50982E-01 -1.85086E-01
  1.645E+02  1.30824E-26 -4.78936E-01  8.57173E-01 -1.89405E-01
  1.650E+02  1.23618E-26 -4.65136E-01  8.63754E-01 -1.93852E-01
  1.655E+02  1.16670E-26 -4.49982E-01  8.70715E-01 -1.98422E-01
  1.660E+02  1.09979E-26 -4.33347E-01  8.78041E-01 -2.03110E-01
  1.665E+02  1.03541E-26 -4.15084E-01  8.85708E-01 -2.07910E-01
  1.670E+02  9.73548E-27 -3.95035E-01  8.93678E-01 -2.12808E-01
  1.675E+02  9.14186E-27 -3.73021E-01  9.01900E-01 -2.17790E-01
  1.680E+02  8.57303E-27 -3.48846E-01  9.10303E-01 -2.22832E-01
  1.685E+02  8.02880E-27 -3.22295E-01  9.18795E-01 -2.27906E-01
  1.690E+02  7.50899E-27 -2.93131E-01  9.27253E-01 -2.32974E-01
  1.695E+02  7.01344E-27 -2.61096E-01  9.35517E-01 -2.37986E-01
  1.700E+02  6.54200E-27 -2.25912E-01  9.43384E-01 -2.42879E-01
  1.705E+02  6.09449E-27 -1.87283E-01  9.50596E-01 -2.47572E-01
  1.710E+02  5.67079E-27 -1.44899E-01  9.56827E-01 -2.51965E-01
  1.715E+02  5.27076E-27 -9.84464E-02  9.61669E-01 -2.55931E-01
  1.720E+02  4.89426E-27 -4.76143E-02  9.64619E-01 -2.59313E-01
  1.725E+02  4.54118E-27  7.88217E-03  9.65058E-01 -2.61920E-01
  1.730E+02  4.21140E-27  6.82786E-02  9.62235E-01 -2.63518E-01
  1.735E+02  3.90482E-27  1.33725E-01  9.55255E-01 -2.63830E-01
  1.740E+02  3.62134E-27  2.04238E-01  9.43062E-01 -2.62528E-01
  1.745E+02  3.36087E-27  2.79639E-01  9.24445E-01 -2.59236E-01
  1.750E+02  3.12333E-27  3.59481E-01  8.98050E-01 -2.53536E-01
  1.755E+02  2.90863E-27  4.42962E-01  8.62422E-01 -2.44974E-01
  1.760E+02  2.71672E-27  5.28839E-01  8.16086E-01 -2.33094E-01
  1.765E+02  2.54753E-27  6.15353E-01  7.57660E-01 -2.17467E-01
  1.770E+02  2.40101E-27  7.00185E-01  6.86030E-01 -1.97748E-01
  1.775E+02  2.27711E-27  7.80484E-01  6.00550E-01 -1.73736E-01
  1.780E+02  2.17579E-27  8.52977E-01  5.01273E-01 -1.45447E-01
  1.785E+02  2.09702E-27  9.14198E-01  3.89146E-01 -1.13174E-01
  1.790E+02  2.04077E-27  9.60816E-01  2.66125E-01 -7.75247E-02
  1.795E+02  2.00703E-27  9.90040E-01  1.35161E-01 -3.94127E-02
