  2.000E+01  2.01938E-22  9.46134E-01  3.23775E-01 -1.66341E-04
  2.025E+01  1.92545E-22  9.44786E-01  3.27687E-01 -1.76475E-04
  2.050E+01  1.83700E-22  9.43422E-01  3.31593E-01 -1.86905E-04
  2.075E+01  1.75365E-22  9.42042E-01  3.35494E-01 -1.97632E-04
  2.100E+01  1.67504E-22  9.40646E-01  3.39390E-01 -2.08659E-04
  2.125E+01  1.60085E-22  9.39233E-01  3.43280E-01 -2.19987E-04
  2.150E+01  1.53079E-22  9.37804E-01  3.47164E-01 -2.31618E-04
  2.175E+01  1.46458E-22  9.36359E-01  3.51043E-01 -2.43553E-04
  2.200E+01  1.40196E-22  9.34898E-01  3.54915E-01 -2.55794E-04
  2.225E+01  1.34271E-22  9.33421E-01  3.58782E-01 -2.68343E-04
  2.250E+01  1.28660E-22  9.31928E-01  3.62643E-01 -2.81201E-04
  2.275E+01  1.23344E-22  9.30419E-01  3.66498E-01 -2.94370E-04
  2.300E+01  1.18304E-22  9.28894E-01  3.70347E-01 -3.07850E-04
  2.325E+01  1.13522E-22  9.27352E-01  3.74189E-01 -3.21644E-04
  2.350E+01  1.08984E-22  9.25795E-01  3.78026E-01 -3.35753E-04
  2.375E+01  1.04674E-22  9.24222E-01  3.81856E-01 -3.50177E-04
  2.400E+01  1.00578E-22  9.22633E-01  3.85679E-01 -3.64918E-04
  2.425E+01  9.66837E-23  9.21028E-01  3.89497E-01 -3.79978E-04
  2.450E+01  9.29791E-23  9.19407E-01  3.93307E-01 -3.95357E-04
  2.475E+01  8.94531E-23  9.17770E-01  3.97111E-01 -4.11056E-04
  2.500E+01  8.60954E-23  9.16118E-01  4.00909E-01 -4.27077E-04
  2.550E+01  7.98467E-23  9.12766E-01  4.08483E-01 -4.60088E-04
  2.600E+01  7.41634E-23  9.09351E-01  4.16030E-01 -4.94396E-04
  2.650E+01  6.89846E-23  9.05873E-01  4.23548E-01 -5.30010E-04
  2.700E+01  6.42571E-23  9.02333E-01  4.31038E-01 -5.66935E-04
  2.750E+01  5.99338E-23  8.98731E-01  4.38499E-01 -6.05178E-04
  2.800E+01  5.59737E-23  8.95068E-01  4.45930E-01 -6.44745E-04
  2.850E+01  5.23404E-23  8.91342E-01  4.53331E-01 -6.85640E-04
  2.900E+01  4.90017E-23  8.87555E-01  4.60700E-01 -7.27869E-04
  2.950E+01  4.59291E-23  8.83708E-01  4.68039E-01 -7.71436E-04
  3.000E+01  4.30972E-23  8.79799E-01  4.75345E-01 -8.16345E-04
  3.050E+01  4.04836E-23  8.75830E-01  4.82619E-01 -8.62599E-04
  3.100E+01  3.80682E-23  8.71801E-01  4.89859E-01 -9.10202E-04
  3.150E+01  3.58330E-23  8.67712E-01  4.97066E-01 -9.59158E-04
  3.200E+01  3.37618E-23  8.63563E-01  5.04239E-01 -1.00947E-03
  3.250E+01  3.18404E-23  8.59356E-01  5.11378E-01 -1.06114E-03
  3.300E+01  3.00558E-23  8.55089E-01  5.18481E-01 -1.11416E-03
  3.350E+01  2.83963E-23  8.50763E-01  5.25548E-01 -1.16855E-03
  3.400E+01  2.68514E-23  8.46379E-01  5.32579E-01 -1.22431E-03
  3.450E+01  2.54116E-23  8.41937E-01  5.39574E-01 -1.28143E-03
  3.500E+01  2.40684E-23  8.37438E-01  5.46531E-01 -1.33991E-03
  3.550E+01  2.28140E-23  8.32881E-01  5.53450E-01 -1.39976E-03
  3.600E+01  2.16414E-23  8.28267E-01  5.60331E-01 -1.46099E-03
  3.650E+01  2.05441E-23  8.23597E-01  5.67174E-01 -1.52358E-03
  3.700E+01  1.95165E-23  8.18870E-01  5.73977E-01 -1.58754E-03
  3.750E+01  1.85531E-23  8.14087E-01  5.80740E-01 -1.65288E-03
  3.800E+01  1.76491E-23  8.09249E-01  5.87463E-01 -1.71958E-03
  3.850E+01  1.68003E-23  8.04356E-01  5.94146E-01 -1.78766E-03
  3.900E+01  1.60024E-23  7.99407E-01  6.00787E-01 -1.85711E-03
  3.950E+01  1.52519E-23  7.94404E-01  6.07386E-01 -1.92794E-03
  4.000E+01  1.45454E-23  7.89347E-01  6.13944E-01 -2.00014E-03
  4.050E+01  1.38798E-23  7.84237E-01  6.20458E-01 -2.07372E-03
  4.100E+01  1.32522E-23  7.79073E-01  6.26930E-01 -2.14867E-03
  4.150E+01  1.26600E-23  7.73856E-01  6.33358E-01 -2.22499E-03
  4.200E+01  1.21008E-23  7.68586E-01  6.39742E-01 -2.30269E-03
  4.250E+01  1.15725E-23  7.63265E-01  6.46081E-01 -2.38177E-03
  4.300E+01  1.10729E-23  7.57892E-01  6.52376E-01 -2.46222E-03
  4.350E+01  1.06003E-23  7.52467E-01  6.58625E-01 -2.54404E-03
  4.400E+01  1.01528E-23  7.46991E-01  6.64828E-01 -2.62725E-03
  4.450E+01  9.72878E-24  7.41465E-01  6.70986E-01 -2.71183E-03
  4.500E+01  9.32685E-24  7.35889E-01  6.77096E-01 -2.79778E-03
  4.550E+01  8.94560E-24  7.30264E-01  6.83159E-01 -2.88512E-03
  4.600E+01  8.58374E-24  7.24589E-01  6.89175E-01 -2.97383E-03
  4.650E+01  8.24009E-24  7.18865E-01  6.95143E-01 -3.06392E-03
  4.700E+01  7.91355E-24  7.13093E-01  7.01062E-01 -3.15538E-03
  4.750E+01  7.60309E-24  7.07273E-01  7.06933E-01 -3.24823E-03
  4.800E+01  7.30775E-24  7.01406E-01  7.12754E-01 -3.34245E-03
  4.850E+01  7.02666E-24  6.95491E-01  7.18526E-01 -3.43806E-03
  4.900E+01  6.75898E-24  6.89530E-01  7.24248E-01 -3.53505E-03
  4.950E+01  6.50395E-24  6.83523E-01  7.29920E-01 -3.63342E-03
  5.000E+01  6.26085E-24  6.77471E-01  7.35540E-01 -3.73317E-03
  5.050E+01  6.02900E-24  6.71373E-01  7.41110E-01 -3.83430E-03
  5.100E+01  5.80778E-24  6.65231E-01  7.46628E-01 -3.93683E-03
  5.150E+01  5.59660E-24  6.59044E-01  7.52094E-01 -4.04073E-03
  5.200E+01  5.39491E-24  6.52814E-01  7.57507E-01 -4.14603E-03
  5.250E+01  5.20221E-24  6.46540E-01  7.62868E-01 -4.25271E-03
  5.300E+01  5.01800E-24  6.40224E-01  7.68176E-01 -4.36079E-03
  5.350E+01  4.84184E-24  6.33865E-01  7.73431E-01 -4.47026E-03
  5.400E+01  4.67331E-24  6.27464E-01  7.78632E-01 -4.58112E-03
  5.450E+01  4.51200E-24  6.21023E-01  7.83779E-01 -4.69338E-03
  5.500E+01  4.35754E-24  6.14540E-01  7.88871E-01 -4.80704E-03
  5.550E+01  4.20959E-24  6.08017E-01  7.93909E-01 -4.92210E-03
  5.600E+01  4.06782E-24  6.01455E-01  7.98891E-01 -5.03856E-03
  5.650E+01  3.93191E-24  5.94853E-01  8.03818E-01 -5.15644E-03
  5.700E+01  3.80157E-24  5.88212E-01  8.08690E-01 -5.27571E-03
  5.750E+01  3.67652E-24  5.81533E-01  8.13505E-01 -5.39641E-03
  5.800E+01  3.55652E-24  5.74816E-01  8.18264E-01 -5.51851E-03
  5.850E+01  3.44131E-24  5.68062E-01  8.22966E-01 -5.64204E-03
  5.900E+01  3.33066E-24  5.61272E-01  8.27611E-01 -5.76699E-03
  5.950E+01  3.22436E-24  5.54445E-01  8.32200E-01 -5.89336E-03
  6.000E+01  3.12220E-24  5.47583E-01  8.36730E-01 -6.02116E-03
  6.050E+01  3.02399E-24  5.40685E-01  8.41203E-01 -6.15040E-03
  6.100E+01  2.92954E-24  5.33753E-01  8.45617E-01 -6.28107E-03
  6.150E+01  2.83868E-24  5.26787E-01  8.49973E-01 -6.41319E-03
  6.200E+01  2.75124E-24  5.19787E-01  8.54271E-01 -6.54675E-03
  6.250E+01  2.66708E-24  5.12755E-01  8.58509E-01 -6.68177E-03
  6.300E+01  2.58604E-24  5.05690E-01  8.62688E-01 -6.81824E-03
  6.350E+01  2.50798E-24  4.98593E-01  8.66808E-01 -6.95617E-03
  6.400E+01  2.43278E-24  4.91465E-01  8.70868E-01 -7.09557E-03
  6.450E+01  2.36030E-24  4.84306E-01  8.74869E-01 -7.23644E-03
  6.500E+01  2.29043E-24  4.77117E-01  8.78809E-01 -7.37880E-03
  6.550E+01  2.22305E-24  4.69899E-01  8.82688E-01 -7.52263E-03
  6.600E+01  2.15806E-24  4.62651E-01  8.86507E-01 -7.66796E-03
  6.650E+01  2.09536E-24  4.55375E-01  8.90266E-01 -7.81479E-03
  6.700E+01  2.03485E-24  4.48071E-01  8.93963E-01 -7.96312E-03
  6.750E+01  1.97643E-24  4.40739E-01  8.97598E-01 -8.11297E-03
  6.800E+01  1.92003E-24  4.33381E-01  9.01173E-01 -8.26433E-03
  6.850E+01  1.86555E-24  4.25997E-01  9.04686E-01 -8.41722E-03
  6.900E+01  1.81292E-24  4.18587E-01  9.08136E-01 -8.57165E-03
  6.950E+01  1.76207E-24  4.11152E-01  9.11525E-01 -8.72762E-03
  7.000E+01  1.71291E-24  4.03692E-01  9.14852E-01 -8.88514E-03
  7.050E+01  1.66539E-24  3.96209E-01  9.18116E-01 -9.04422E-03
  7.100E+01  1.61944E-24  3.88702E-01  9.21318E-01 -9.20487E-03
  7.150E+01  1.57499E-24  3.81173E-01  9.24456E-01 -9.36710E-03
  7.200E+01  1.53199E-24  3.73621E-01  9.27532E-01 -9.53092E-03
  7.250E+01  1.49037E-24  3.66048E-01  9.30545E-01 -9.69634E-03
  7.300E+01  1.45010E-24  3.58454E-01  9.33495E-01 -9.86337E-03
  7.350E+01  1.41111E-24  3.50840E-01  9.36382E-01 -1.00320E-02
  7.400E+01  1.37335E-24  3.43205E-01  9.39205E-01 -1.02023E-02
  7.450E+01  1.33679E-24  3.35552E-01  9.41964E-01 -1.03742E-02
  7.500E+01  1.30137E-24  3.27881E-01  9.44660E-01 -1.05478E-02
  7.550E+01  1.26704E-24  3.20191E-01  9.47292E-01 -1.07230E-02
  7.600E+01  1.23378E-24  3.12484E-01  9.49861E-01 -1.08999E-02
  7.650E+01  1.20154E-24  3.04760E-01  9.52365E-01 -1.10785E-02
  7.700E+01  1.17029E-24  2.97020E-01  9.54805E-01 -1.12588E-02
  7.750E+01  1.13998E-24  2.89265E-01  9.57181E-01 -1.14409E-02
  7.800E+01  1.11058E-24  2.81495E-01  9.59492E-01 -1.16246E-02
  7.850E+01  1.08206E-24  2.73710E-01  9.61740E-01 -1.18101E-02
  7.900E+01  1.05440E-24  2.65912E-01  9.63923E-01 -1.19974E-02
  7.950E+01  1.02755E-24  2.58101E-01  9.66041E-01 -1.21864E-02
  8.000E+01  1.00149E-24  2.50277E-01  9.68095E-01 -1.23772E-02
  8.050E+01  9.76191E-25  2.42441E-01  9.70085E-01 -1.25699E-02
  8.100E+01  9.51629E-25  2.34595E-01  9.72009E-01 -1.27643E-02
  8.150E+01  9.27776E-25  2.26737E-01  9.73870E-01 -1.29606E-02
  8.200E+01  9.04608E-25  2.18870E-01  9.75665E-01 -1.31587E-02
  8.250E+01  8.82103E-25  2.10994E-01  9.77396E-01 -1.33587E-02
  8.300E+01  8.60236E-25  2.03108E-01  9.79062E-01 -1.35606E-02
  8.350E+01  8.38987E-25  1.95215E-01  9.80664E-01 -1.37645E-02
  8.400E+01  8.18335E-25  1.87314E-01  9.82201E-01 -1.39702E-02
  8.450E+01  7.98260E-25  1.79407E-01  9.83673E-01 -1.41779E-02
  8.500E+01  7.78742E-25  1.71493E-01  9.85080E-01 -1.43876E-02
  8.550E+01  7.59763E-25  1.63574E-01  9.86423E-01 -1.45992E-02
  8.600E+01  7.41306E-25  1.55649E-01  9.87701E-01 -1.48129E-02
  8.650E+01  7.23353E-25  1.47721E-01  9.88915E-01 -1.50286E-02
  8.700E+01  7.05888E-25  1.39789E-01  9.90064E-01 -1.52463E-02
  8.750E+01  6.88896E-25  1.31853E-01  9.91149E-01 -1.54661E-02
  8.800E+01  6.72360E-25  1.23916E-01  9.92169E-01 -1.56881E-02
  8.850E+01  6.56267E-25  1.15976E-01  9.93125E-01 -1.59121E-02
  8.900E+01  6.40602E-25  1.08036E-01  9.94016E-01 -1.61383E-02
  8.950E+01  6.25352E-25  1.00095E-01  9.94843E-01 -1.63667E-02
  9.000E+01  6.10504E-25  9.21539E-02  9.95606E-01 -1.65973E-02
  9.050E+01  5.96045E-25  8.42138E-02  9.96306E-01 -1.68301E-02
  9.100E+01  5.81964E-25  7.62752E-02  9.96941E-01 -1.70652E-02
  9.150E+01  5.68248E-25  6.83387E-02  9.97512E-01 -1.73025E-02
  9.200E+01  5.54886E-25  6.04049E-02  9.98020E-01 -1.75422E-02
  9.250E+01  5.41868E-25  5.24744E-02  9.98464E-01 -1.77842E-02
  9.300E+01  5.29182E-25  4.45480E-02  9.98845E-01 -1.80286E-02
  9.350E+01  5.16820E-25  3.66262E-02  9.99162E-01 -1.82754E-02
  9.400E+01  5.04771E-25  2.87097E-02  9.99416E-01 -1.85246E-02
  9.450E+01  4.93026E-25  2.07991E-02  9.99607E-01 -1.87763E-02
  9.500E+01  4.81575E-25  1.28951E-02  9.99736E-01 -1.90305E-02
  9.550E+01  4.70411E-25  4.99831E-03  9.99801E-01 -1.92873E-02
  9.600E+01  4.59524E-25 -2.89059E-03  9.99805E-01 -1.95466E-02
  9.650E+01  4.48907E-25 -1.07710E-02  9.99746E-01 -1.98085E-02
  9.700E+01  4.38552E-25 -1.86422E-02  9.99625E-01 -2.00731E-02
  9.750E+01  4.28451E-25 -2.65036E-02  9.99442E-01 -2.03404E-02
  9.800E+01  4.18596E-25 -3.43546E-02  9.99197E-01 -2.06104E-02
  9.850E+01  4.08981E-25 -4.21944E-02  9.98891E-01 -2.08832E-02
  9.900E+01  3.99599E-25 -5.00225E-02  9.98524E-01 -2.11587E-02
  9.950E+01  3.90444E-25 -5.78381E-02  9.98096E-01 -2.14372E-02
  1.000E+02  3.81508E-25 -6.56408E-02  9.97607E-01 -2.17185E-02
  1.005E+02  3.72786E-25 -7.34297E-02  9.97058E-01 -2.20028E-02
  1.010E+02  3.64271E-25 -8.12042E-02  9.96448E-01 -2.22900E-02
  1.015E+02  3.55958E-25 -8.89637E-02  9.95779E-01 -2.25803E-02
  1.020E+02  3.47842E-25 -9.67076E-02  9.95050E-01 -2.28737E-02
  1.025E+02  3.39917E-25 -1.04435E-01  9.94262E-01 -2.31702E-02
  1.030E+02  3.32177E-25 -1.12146E-01  9.93415E-01 -2.34700E-02
  1.035E+02  3.24618E-25 -1.19839E-01  9.92509E-01 -2.37729E-02
  1.040E+02  3.17235E-25 -1.27513E-01  9.91545E-01 -2.40792E-02
  1.045E+02  3.10022E-25 -1.35169E-01  9.90522E-01 -2.43888E-02
  1.050E+02  3.02976E-25 -1.42805E-01  9.89442E-01 -2.47018E-02
  1.055E+02  2.96092E-25 -1.50421E-01  9.88305E-01 -2.50183E-02
  1.060E+02  2.89366E-25 -1.58016E-01  9.87111E-01 -2.53383E-02
  1.065E+02  2.82792E-25 -1.65590E-01  9.85861E-01 -2.56619E-02
  1.070E+02  2.76369E-25 -1.73141E-01  9.84554E-01 -2.59891E-02
  1.075E+02  2.70090E-25 -1.80669E-01  9.83192E-01 -2.63201E-02
  1.080E+02  2.63954E-25 -1.88174E-01  9.81774E-01 -2.66549E-02
  1.085E+02  2.57955E-25 -1.95655E-01  9.80301E-01 -2.69936E-02
  1.090E+02  2.52091E-25 -2.03111E-01  9.78774E-01 -2.73361E-02
  1.095E+02  2.46358E-25 -2.10541E-01  9.77193E-01 -2.76827E-02
  1.100E+02  2.40752E-25 -2.17945E-01  9.75558E-01 -2.80334E-02
  1.105E+02  2.35271E-25 -2.25322E-01  9.73871E-01 -2.83882E-02
  1.110E+02  2.29911E-25 -2.32672E-01  9.72130E-01 -2.87473E-02
  1.115E+02  2.24668E-25 -2.39994E-01  9.70338E-01 -2.91107E-02
  1.120E+02  2.19542E-25 -2.47286E-01  9.68494E-01 -2.94785E-02
  1.125E+02  2.14527E-25 -2.54549E-01  9.66599E-01 -2.98509E-02
  1.130E+02  2.09622E-25 -2.61782E-01  9.64653E-01 -3.02278E-02
  1.135E+02  2.04824E-25 -2.68985E-01  9.62658E-01 -3.06094E-02
  1.140E+02  2.00129E-25 -2.76155E-01  9.60613E-01 -3.09958E-02
  1.145E+02  1.95537E-25 -2.83293E-01  9.58520E-01 -3.13870E-02
  1.150E+02  1.91043E-25 -2.90399E-01  9.56378E-01 -3.17833E-02
  1.155E+02  1.86646E-25 -2.97471E-01  9.54188E-01 -3.21846E-02
  1.160E+02  1.82344E-25 -3.04508E-01  9.51952E-01 -3.25912E-02
  1.165E+02  1.78133E-25 -3.11511E-01  9.49669E-01 -3.30030E-02
  1.170E+02  1.74013E-25 -3.18478E-01  9.47341E-01 -3.34203E-02
  1.175E+02  1.69980E-25 -3.25408E-01  9.44968E-01 -3.38432E-02
  1.180E+02  1.66033E-25 -3.32302E-01  9.42550E-01 -3.42717E-02
  1.185E+02  1.62169E-25 -3.39158E-01  9.40089E-01 -3.47060E-02
  1.190E+02  1.58387E-25 -3.45975E-01  9.37585E-01 -3.51462E-02
  1.195E+02  1.54685E-25 -3.52753E-01  9.35039E-01 -3.55925E-02
  1.200E+02  1.51060E-25 -3.59492E-01  9.32452E-01 -3.60450E-02
  1.205E+02  1.47512E-25 -3.66189E-01  9.29824E-01 -3.65039E-02
  1.210E+02  1.44038E-25 -3.72846E-01  9.27157E-01 -3.69693E-02
  1.215E+02  1.40637E-25 -3.79460E-01  9.24450E-01 -3.74413E-02
  1.220E+02  1.37307E-25 -3.86032E-01  9.21706E-01 -3.79201E-02
  1.225E+02  1.34046E-25 -3.92560E-01  9.18924E-01 -3.84059E-02
  1.230E+02  1.30852E-25 -3.99043E-01  9.16107E-01 -3.88989E-02
  1.235E+02  1.27725E-25 -4.05482E-01  9.13253E-01 -3.93992E-02
  1.240E+02  1.24663E-25 -4.11875E-01  9.10366E-01 -3.99070E-02
  1.245E+02  1.21664E-25 -4.18222E-01  9.07445E-01 -4.04225E-02
  1.250E+02  1.18727E-25 -4.24521E-01  9.04492E-01 -4.09459E-02
  1.255E+02  1.15851E-25 -4.30772E-01  9.01507E-01 -4.14774E-02
  1.260E+02  1.13033E-25 -4.36974E-01  8.98492E-01 -4.20172E-02
  1.265E+02  1.10274E-25 -4.43126E-01  8.95448E-01 -4.25656E-02
  1.270E+02  1.07571E-25 -4.49228E-01  8.92376E-01 -4.31227E-02
  1.275E+02  1.04924E-25 -4.55278E-01  8.89277E-01 -4.36887E-02
  1.280E+02  1.02331E-25 -4.61276E-01  8.86152E-01 -4.42640E-02
  1.285E+02  9.97913E-26 -4.67221E-01  8.83002E-01 -4.48488E-02
  1.290E+02  9.73033E-26 -4.73112E-01  8.79829E-01 -4.54433E-02
  1.295E+02  9.48663E-26 -4.78949E-01  8.76634E-01 -4.60479E-02
  1.300E+02  9.24790E-26 -4.84729E-01  8.73419E-01 -4.66627E-02
  1.305E+02  9.01405E-26 -4.90453E-01  8.70184E-01 -4.72881E-02
  1.310E+02  8.78497E-26 -4.96119E-01  8.66931E-01 -4.79244E-02
  1.315E+02  8.56056E-26 -5.01727E-01  8.63661E-01 -4.85719E-02
  1.320E+02  8.34073E-26 -5.07275E-01  8.60377E-01 -4.92309E-02
  1.325E+02  8.12539E-26 -5.12762E-01  8.57079E-01 -4.99018E-02
  1.330E+02  7.91443E-26 -5.18188E-01  8.53769E-01 -5.05849E-02
  1.335E+02  7.70779E-26 -5.23551E-01  8.50449E-01 -5.12806E-02
  1.340E+02  7.50536E-26 -5.28851E-01  8.47121E-01 -5.19893E-02
  1.345E+02  7.30706E-26 -5.34086E-01  8.43786E-01 -5.27113E-02
  1.350E+02  7.11281E-26 -5.39254E-01  8.40445E-01 -5.34472E-02
  1.355E+02  6.92253E-26 -5.44356E-01  8.37102E-01 -5.41972E-02
  1.360E+02  6.73615E-26 -5.49389E-01  8.33757E-01 -5.49620E-02
  1.365E+02  6.55358E-26 -5.54352E-01  8.30414E-01 -5.57418E-02
  1.370E+02  6.37475E-26 -5.59244E-01  8.27073E-01 -5.65373E-02
  1.375E+02  6.19960E-26 -5.64064E-01  8.23737E-01 -5.73490E-02
  1.380E+02  6.02804E-26 -5.68810E-01  8.20409E-01 -5.81773E-02
  1.385E+02  5.86002E-26 -5.73481E-01  8.17090E-01 -5.90229E-02
  1.390E+02  5.69546E-26 -5.78075E-01  8.13783E-01 -5.98863E-02
  1.395E+02  5.53430E-26 -5.82591E-01  8.10491E-01 -6.07681E-02
  1.400E+02  5.37647E-26 -5.87027E-01  8.07215E-01 -6.16690E-02
  1.405E+02  5.22193E-26 -5.91381E-01  8.03960E-01 -6.25896E-02
  1.410E+02  5.07059E-26 -5.95651E-01  8.00727E-01 -6.35307E-02
  1.415E+02  4.92241E-26 -5.99837E-01  7.97519E-01 -6.44929E-02
  1.420E+02  4.77733E-26 -6.03934E-01  7.94340E-01 -6.54771E-02
  1.425E+02  4.63530E-26 -6.07943E-01  7.91192E-01 -6.64840E-02
  1.430E+02  4.49625E-26 -6.11860E-01  7.88080E-01 -6.75144E-02
  1.435E+02  4.36014E-26 -6.15683E-01  7.85005E-01 -6.85694E-02
  1.440E+02  4.22691E-26 -6.19409E-01  7.81973E-01 -6.96497E-02
  1.445E+02  4.09652E-26 -6.23037E-01  7.78986E-01 -7.07564E-02
  1.450E+02  3.96891E-26 -6.26563E-01  7.76048E-01 -7.18905E-02
  1.455E+02  3.84404E-26 -6.29984E-01  7.73164E-01 -7.30530E-02
  1.460E+02  3.72186E-26 -6.33298E-01  7.70338E-01 -7.42451E-02
  1.465E+02  3.60233E-26 -6.36502E-01  7.67574E-01 -7.54680E-02
  1.470E+02  3.48540E-26 -6.39591E-01  7.64877E-01 -7.67229E-02
  1.475E+02  3.37103E-26 -6.42563E-01  7.62252E-01 -7.80111E-02
  1.480E+02  3.25917E-26 -6.45412E-01  7.59703E-01 -7.93341E-02
  1.485E+02  3.14980E-26 -6.48136E-01  7.57237E-01 -8.06933E-02
  1.490E+02  3.04286E-26 -6.50730E-01  7.54859E-01 -8.20902E-02
  1.495E+02  2.93832E-26 -6.53189E-01  7.52574E-01 -8.35264E-02
  1.500E+02  2.83614E-26 -6.55507E-01  7.50390E-01 -8.50038E-02
  1.505E+02  2.73628E-26 -6.57680E-01  7.48312E-01 -8.65241E-02
  1.510E+02  2.63872E-26 -6.59701E-01  7.46347E-01 -8.80891E-02
  1.515E+02  2.54341E-26 -6.61565E-01  7.44504E-01 -8.97011E-02
  1.520E+02  2.45031E-26 -6.63263E-01  7.42788E-01 -9.13620E-02
  1.525E+02  2.35941E-26 -6.64790E-01  7.41210E-01 -9.30742E-02
  1.530E+02  2.27066E-26 -6.66136E-01  7.39776E-01 -9.48401E-02
  1.535E+02  2.18404E-26 -6.67293E-01  7.38496E-01 -9.66622E-02
  1.540E+02  2.09951E-26 -6.68252E-01  7.37379E-01 -9.85432E-02
  1.545E+02  2.01704E-26 -6.69002E-01  7.36436E-01 -1.00486E-01
  1.550E+02  1.93661E-26 -6.69532E-01  7.35677E-01 -1.02494E-01
  1.555E+02  1.85819E-26 -6.69830E-01  7.35114E-01 -1.04569E-01
  1.560E+02  1.78175E-26 -6.69883E-01  7.34757E-01 -1.06716E-01
  1.565E+02  1.70727E-26 -6.69675E-01  7.34621E-01 -1.08939E-01
  1.570E+02  1.63471E-26 -6.69191E-01  7.34717E-01 -1.11240E-01
  1.575E+02  1.56407E-26 -6.68413E-01  7.35061E-01 -1.13624E-01
  1.580E+02  1.49530E-26 -6.67321E-01  7.35666E-01 -1.16095E-01
  1.585E+02  1.42839E-26 -6.65894E-01  7.36549E-01 -1.18659E-01
  1.590E+02  1.36331E-26 -6.64109E-01  7.37727E-01 -1.21319E-01
  1.595E+02  1.30005E-26 -6.61939E-01  7.39216E-01 -1.24081E-01
  1.600E+02  1.23857E-26 -6.59355E-01  7.41036E-01 -1.26950E-01
  1.605E+02  1.17887E-26 -6.56324E-01  7.43207E-01 -1.29933E-01
  1.610E+02  1.12093E-26 -6.52811E-01  7.45748E-01 -1.33034E-01
  1.615E+02  1.06471E-26 -6.48775E-01  7.48681E-01 -1.36261E-01
  1.620E+02  1.01020E-26 -6.44171E-01  7.52030E-01 -1.39621E-01
  1.625E+02  9.57393E-27 -6.38950E-01  7.55818E-01 -1.43119E-01
  1.630E+02  9.06260E-27 -6.33053E-01  7.60068E-01 -1.46764E-01
  1.635E+02  8.56788E-27 -6.26419E-01  7.64807E-01 -1.50562E-01
  1.640E+02  8.08960E-27 -6.18974E-01  7.70061E-01 -1.54522E-01
  1.645E+02  7.62760E-27 -6.10638E-01  7.75855E-01 -1.58652E-01
  1.650E+02  7.18174E-27 -6.01319E-01  7.82215E-01 -1.62957E-01
  1.655E+02  6.75186E-27 -5.90914E-01  7.89166E-01 -1.67447E-01
  1.660E+02  6.33783E-27 -5.79303E-01  7.96731E-01 -1.72128E-01
  1.665E+02  5.93951E-27 -5.66351E-01  8.04932E-01 -1.77006E-01
  1.670E+02  5.55677E-27 -5.51906E-01  8.13784E-01 -1.82086E-01
  1.675E+02  5.18948E-27 -5.35793E-01  8.23298E-01 -1.87370E-01
  1.680E+02  4.83753E-27 -5.17809E-01  8.33474E-01 -1.92859E-01
  1.685E+02  4.50080E-27 -4.97727E-01  8.44302E-01 -1.98549E-01
  1.690E+02  4.17919E-27 -4.75283E-01  8.55753E-01 -2.04432E-01
  1.695E+02  3.87258E-27 -4.50178E-01  8.67775E-01 -2.10491E-01
  1.700E+02  3.58088E-27 -4.22070E-01  8.80283E-01 -2.16701E-01
  1.705E+02  3.30401E-27 -3.90568E-01  8.93150E-01 -2.23023E-01
  1.710E+02  3.04185E-27 -3.55232E-01  9.06193E-01 -2.29402E-01
  1.715E+02  2.79434E-27 -3.15565E-01  9.19150E-01 -2.35758E-01
  1.720E+02  2.56140E-27 -2.71017E-01  9.31662E-01 -2.41983E-01
  1.725E+02  2.34294E-27 -2.20984E-01  9.43238E-01 -2.47929E-01
  1.730E+02  2.13890E-27 -1.64826E-01  9.53218E-01 -2.53395E-01
  1.735E+02  1.94922E-27 -1.01884E-01  9.60726E-01 -2.58117E-01
  1.740E+02  1.77382E-27 -3.15288E-02  9.64621E-01 -2.61750E-01
  1.745E+02  1.61266E-27  4.67731E-02  9.63429E-01 -2.63849E-01
  1.750E+02  1.46569E-27  1.33348E-01  9.55301E-01 -2.63854E-01
  1.755E+02  1.33286E-27  2.28159E-01  9.37966E-01 -2.61082E-01
  1.760E+02  1.21412E-27  3.30593E-01  9.08749E-01 -2.54722E-01
  1.765E+02  1.10944E-27  4.39190E-01  8.64661E-01 -2.43871E-01
  1.770E+02  1.01879E-27  5.51356E-01  8.02624E-01 -2.27601E-01
  1.775E+02  9.42126E-28  6.63118E-01  7.19874E-01 -2.05076E-01
  1.780E+02  8.79438E-28  7.69042E-01  6.14566E-01 -1.75738E-01
  1.785E+02  8.30701E-28  8.62471E-01  4.86494E-01 -1.39526E-01
  1.790E+02  7.95900E-28  9.36206E-01  3.37779E-01 -9.70794E-02
  1.795E+02  7.75024E-28  9.83622E-01  1.73213E-01 -4.98455E-02
