  1.800E+01  7.29013E-22  9.59076E-01  2.83149E-01 -1.46357E-04
  1.825E+01  6.91328E-22  9.57932E-01  2.86994E-01 -1.58423E-04
  1.850E+01  6.56080E-22  9.56773E-01  2.90835E-01 -1.70920E-04
  1.875E+01  6.23082E-22  9.55599E-01  2.94671E-01 -1.83850E-04
  1.900E+01  5.92161E-22  9.54409E-01  2.98503E-01 -1.97216E-04
  1.925E+01  5.63163E-22  9.53203E-01  3.02331E-01 -2.11023E-04
  1.950E+01  5.35943E-22  9.51982E-01  3.06154E-01 -2.25275E-04
  1.975E+01  5.10372E-22  9.50746E-01  3.09972E-01 -2.39973E-04
  2.000E+01  4.86330E-22  9.49494E-01  3.13786E-01 -2.55121E-04
  2.025E+01  4.63709E-22  9.48226E-01  3.17596E-01 -2.70722E-04
  2.050E+01  4.42406E-22  9.46943E-01  3.21400E-01 -2.86780E-04
  2.075E+01  4.22332E-22  9.45645E-01  3.25200E-01 -3.03297E-04
  2.100E+01  4.03400E-22  9.44332E-01  3.28995E-01 -3.20276E-04
  2.125E+01  3.85533E-22  9.43003E-01  3.32785E-01 -3.37719E-04
  2.150E+01  3.68660E-22  9.41659E-01  3.36569E-01 -3.55630E-04
  2.175E+01  3.52713E-22  9.40299E-01  3.40349E-01 -3.74010E-04
  2.200E+01  3.37633E-22  9.38924E-01  3.44124E-01 -3.92863E-04
  2.225E+01  3.23363E-22  9.37534E-01  3.47893E-01 -4.12190E-04
  2.250E+01  3.09851E-22  9.36129E-01  3.51657E-01 -4.31994E-04
  2.275E+01  2.97048E-22  9.34708E-01  3.55415E-01 -4.52277E-04
  2.300E+01  2.84909E-22  9.33273E-01  3.59168E-01 -4.73041E-04
  2.325E+01  2.73395E-22  9.31822E-01  3.62916E-01 -4.94289E-04
  2.350E+01  2.62465E-22  9.30356E-01  3.66658E-01 -5.16022E-04
  2.375E+01  2.52085E-22  9.28874E-01  3.70394E-01 -5.38242E-04
  2.400E+01  2.42221E-22  9.27378E-01  3.74125E-01 -5.60952E-04
  2.425E+01  2.32842E-22  9.25867E-01  3.77849E-01 -5.84152E-04
  2.450E+01  2.23920E-22  9.24340E-01  3.81568E-01 -6.07845E-04
  2.475E+01  2.15429E-22  9.22799E-01  3.85281E-01 -6.32033E-04
  2.500E+01  2.07342E-22  9.21243E-01  3.88988E-01 -6.56717E-04
  2.550E+01  1.92294E-22  9.18085E-01  3.96383E-01 -7.07579E-04
  2.600E+01  1.78607E-22  9.14867E-01  4.03754E-01 -7.60443E-04
  2.650E+01  1.66135E-22  9.11590E-01  4.11099E-01 -8.15321E-04
  2.700E+01  1.54750E-22  9.08254E-01  4.18418E-01 -8.72223E-04
  2.750E+01  1.44338E-22  9.04859E-01  4.25710E-01 -9.31158E-04
  2.800E+01  1.34802E-22  9.01405E-01  4.32976E-01 -9.92135E-04
  2.850E+01  1.26052E-22  8.97892E-01  4.40214E-01 -1.05516E-03
  2.900E+01  1.18011E-22  8.94322E-01  4.47423E-01 -1.12025E-03
  2.950E+01  1.10612E-22  8.90693E-01  4.54604E-01 -1.18740E-03
  3.000E+01  1.03792E-22  8.87006E-01  4.61756E-01 -1.25661E-03
  3.050E+01  9.74979E-23  8.83262E-01  4.68878E-01 -1.32791E-03
  3.100E+01  9.16810E-23  8.79461E-01  4.75970E-01 -1.40129E-03
  3.150E+01  8.62980E-23  8.75602E-01  4.83031E-01 -1.47675E-03
  3.200E+01  8.13104E-23  8.71687E-01  4.90060E-01 -1.55430E-03
  3.250E+01  7.66832E-23  8.67716E-01  4.97058E-01 -1.63395E-03
  3.300E+01  7.23855E-23  8.63688E-01  5.04024E-01 -1.71569E-03
  3.350E+01  6.83890E-23  8.59605E-01  5.10957E-01 -1.79954E-03
  3.400E+01  6.46686E-23  8.55466E-01  5.17856E-01 -1.88549E-03
  3.450E+01  6.12013E-23  8.51271E-01  5.24722E-01 -1.97354E-03
  3.500E+01  5.79666E-23  8.47022E-01  5.31553E-01 -2.06370E-03
  3.550E+01  5.49458E-23  8.42719E-01  5.38350E-01 -2.15598E-03
  3.600E+01  5.21219E-23  8.38361E-01  5.45111E-01 -2.25036E-03
  3.650E+01  4.94795E-23  8.33949E-01  5.51837E-01 -2.34686E-03
  3.700E+01  4.70047E-23  8.29483E-01  5.58526E-01 -2.44547E-03
  3.750E+01  4.46846E-23  8.24964E-01  5.65179E-01 -2.54619E-03
  3.800E+01  4.25078E-23  8.20392E-01  5.71795E-01 -2.64903E-03
  3.850E+01  4.04635E-23  8.15768E-01  5.78373E-01 -2.75399E-03
  3.900E+01  3.85422E-23  8.11091E-01  5.84912E-01 -2.86107E-03
  3.950E+01  3.67348E-23  8.06363E-01  5.91414E-01 -2.97027E-03
  4.000E+01  3.50334E-23  8.01583E-01  5.97876E-01 -3.08158E-03
  4.050E+01  3.34304E-23  7.96752E-01  6.04299E-01 -3.19501E-03
  4.100E+01  3.19190E-23  7.91869E-01  6.10681E-01 -3.31056E-03
  4.150E+01  3.04929E-23  7.86937E-01  6.17024E-01 -3.42823E-03
  4.200E+01  2.91464E-23  7.81954E-01  6.23325E-01 -3.54803E-03
  4.250E+01  2.78741E-23  7.76922E-01  6.29586E-01 -3.66994E-03
  4.300E+01  2.66710E-23  7.71841E-01  6.35805E-01 -3.79397E-03
  4.350E+01  2.55328E-23  7.66710E-01  6.41981E-01 -3.92012E-03
  4.400E+01  2.44550E-23  7.61531E-01  6.48115E-01 -4.04839E-03
  4.450E+01  2.34340E-23  7.56304E-01  6.54207E-01 -4.17879E-03
  4.500E+01  2.24661E-23  7.51030E-01  6.60254E-01 -4.31130E-03
  4.550E+01  2.15479E-23  7.45708E-01  6.66258E-01 -4.44594E-03
  4.600E+01  2.06765E-23  7.40339E-01  6.72218E-01 -4.58270E-03
  4.650E+01  1.98489E-23  7.34923E-01  6.78134E-01 -4.72158E-03
  4.700E+01  1.90625E-23  7.29462E-01  6.84004E-01 -4.86258E-03
  4.750E+01  1.83149E-23  7.23955E-01  6.89829E-01 -5.00571E-03
  4.800E+01  1.76036E-23  7.18403E-01  6.95608E-01 -5.15096E-03
  4.850E+01  1.69267E-23  7.12806E-01  7.01342E-01 -5.29834E-03
  4.900E+01  1.62821E-23  7.07164E-01  7.07028E-01 -5.44785E-03
  4.950E+01  1.56679E-23  7.01479E-01  7.12668E-01 -5.59948E-03
  5.000E+01  1.50824E-23  6.95751E-01  7.18260E-01 -5.75324E-03
  5.050E+01  1.45241E-23  6.89979E-01  7.23805E-01 -5.90914E-03
  5.100E+01  1.39913E-23  6.84165E-01  7.29302E-01 -6.06716E-03
  5.150E+01  1.34827E-23  6.78308E-01  7.34751E-01 -6.22732E-03
  5.200E+01  1.29970E-23  6.72411E-01  7.40151E-01 -6.38962E-03
  5.250E+01  1.25329E-23  6.66471E-01  7.45502E-01 -6.55405E-03
  5.300E+01  1.20893E-23  6.60492E-01  7.50803E-01 -6.72063E-03
  5.350E+01  1.16651E-23  6.54472E-01  7.56055E-01 -6.88934E-03
  5.400E+01  1.12592E-23  6.48412E-01  7.61257E-01 -7.06021E-03
  5.450E+01  1.08707E-23  6.42313E-01  7.66408E-01 -7.23322E-03
  5.500E+01  1.04987E-23  6.36175E-01  7.71509E-01 -7.40838E-03
  5.550E+01  1.01424E-23  6.29999E-01  7.76559E-01 -7.58570E-03
  5.600E+01  9.80097E-24  6.23785E-01  7.81557E-01 -7.76517E-03
  5.650E+01  9.47364E-24  6.17534E-01  7.86504E-01 -7.94681E-03
  5.700E+01  9.15974E-24  6.11245E-01  7.91399E-01 -8.13061E-03
  5.750E+01  8.85859E-24  6.04921E-01  7.96242E-01 -8.31659E-03
  5.800E+01  8.56958E-24  5.98561E-01  8.01032E-01 -8.50474E-03
  5.850E+01  8.29211E-24  5.92165E-01  8.05770E-01 -8.69507E-03
  5.900E+01  8.02563E-24  5.85734E-01  8.10454E-01 -8.88758E-03
  5.950E+01  7.76962E-24  5.79269E-01  8.15086E-01 -9.08228E-03
  6.000E+01  7.52358E-24  5.72771E-01  8.19663E-01 -9.27918E-03
  6.050E+01  7.28704E-24  5.66239E-01  8.24187E-01 -9.47829E-03
  6.100E+01  7.05956E-24  5.59674E-01  8.28656E-01 -9.67960E-03
  6.150E+01  6.84073E-24  5.53077E-01  8.33072E-01 -9.88312E-03
  6.200E+01  6.63015E-24  5.46448E-01  8.37432E-01 -1.00889E-02
  6.250E+01  6.42745E-24  5.39788E-01  8.41738E-01 -1.02968E-02
  6.300E+01  6.23227E-24  5.33098E-01  8.45988E-01 -1.05070E-02
  6.350E+01  6.04427E-24  5.26377E-01  8.50184E-01 -1.07195E-02
  6.400E+01  5.86314E-24  5.19626E-01  8.54324E-01 -1.09342E-02
  6.450E+01  5.68857E-24  5.12847E-01  8.58408E-01 -1.11512E-02
  6.500E+01  5.52029E-24  5.06039E-01  8.62436E-01 -1.13704E-02
  6.550E+01  5.35801E-24  4.99203E-01  8.66407E-01 -1.15919E-02
  6.600E+01  5.20149E-24  4.92340E-01  8.70323E-01 -1.18157E-02
  6.650E+01  5.05047E-24  4.85450E-01  8.74182E-01 -1.20418E-02
  6.700E+01  4.90472E-24  4.78533E-01  8.77984E-01 -1.22702E-02
  6.750E+01  4.76403E-24  4.71591E-01  8.81729E-01 -1.25009E-02
  6.800E+01  4.62818E-24  4.64623E-01  8.85417E-01 -1.27339E-02
  6.850E+01  4.49696E-24  4.57631E-01  8.89048E-01 -1.29693E-02
  6.900E+01  4.37020E-24  4.50615E-01  8.92621E-01 -1.32070E-02
  6.950E+01  4.24771E-24  4.43575E-01  8.96136E-01 -1.34471E-02
  7.000E+01  4.12932E-24  4.36512E-01  8.99594E-01 -1.36896E-02
  7.050E+01  4.01486E-24  4.29427E-01  9.02994E-01 -1.39345E-02
  7.100E+01  3.90417E-24  4.22320E-01  9.06336E-01 -1.41817E-02
  7.150E+01  3.79711E-24  4.15192E-01  9.09619E-01 -1.44314E-02
  7.200E+01  3.69353E-24  4.08043E-01  9.12845E-01 -1.46835E-02
  7.250E+01  3.59331E-24  4.00874E-01  9.16011E-01 -1.49381E-02
  7.300E+01  3.49630E-24  3.93686E-01  9.19120E-01 -1.51951E-02
  7.350E+01  3.40238E-24  3.86478E-01  9.22169E-01 -1.54546E-02
  7.400E+01  3.31144E-24  3.79253E-01  9.25160E-01 -1.57165E-02
  7.450E+01  3.22336E-24  3.72009E-01  9.28091E-01 -1.59810E-02
  7.500E+01  3.13804E-24  3.64749E-01  9.30964E-01 -1.62480E-02
  7.550E+01  3.05537E-24  3.57472E-01  9.33778E-01 -1.65176E-02
  7.600E+01  2.97525E-24  3.50179E-01  9.36532E-01 -1.67897E-02
  7.650E+01  2.89759E-24  3.42870E-01  9.39228E-01 -1.70644E-02
  7.700E+01  2.82230E-24  3.35547E-01  9.41864E-01 -1.73417E-02
  7.750E+01  2.74929E-24  3.28209E-01  9.44441E-01 -1.76216E-02
  7.800E+01  2.67848E-24  3.20858E-01  9.46958E-01 -1.79041E-02
  7.850E+01  2.60979E-24  3.13495E-01  9.49416E-01 -1.81894E-02
  7.900E+01  2.54315E-24  3.06118E-01  9.51814E-01 -1.84773E-02
  7.950E+01  2.47847E-24  2.98730E-01  9.54153E-01 -1.87678E-02
  8.000E+01  2.41570E-24  2.91331E-01  9.56432E-01 -1.90612E-02
  8.050E+01  2.35476E-24  2.83921E-01  9.58652E-01 -1.93572E-02
  8.100E+01  2.29559E-24  2.76502E-01  9.60812E-01 -1.96561E-02
  8.150E+01  2.23813E-24  2.69073E-01  9.62913E-01 -1.99577E-02
  8.200E+01  2.18232E-24  2.61635E-01  9.64954E-01 -2.02622E-02
  8.250E+01  2.12811E-24  2.54190E-01  9.66936E-01 -2.05695E-02
  8.300E+01  2.07543E-24  2.46736E-01  9.68858E-01 -2.08797E-02
  8.350E+01  2.02425E-24  2.39276E-01  9.70720E-01 -2.11928E-02
  8.400E+01  1.97450E-24  2.31810E-01  9.72523E-01 -2.15089E-02
  8.450E+01  1.92613E-24  2.24339E-01  9.74267E-01 -2.18279E-02
  8.500E+01  1.87912E-24  2.16862E-01  9.75951E-01 -2.21498E-02
  8.550E+01  1.83340E-24  2.09381E-01  9.77576E-01 -2.24748E-02
  8.600E+01  1.78893E-24  2.01896E-01  9.79141E-01 -2.28029E-02
  8.650E+01  1.74568E-24  1.94408E-01  9.80648E-01 -2.31340E-02
  8.700E+01  1.70361E-24  1.86918E-01  9.82095E-01 -2.34683E-02
  8.750E+01  1.66267E-24  1.79426E-01  9.83483E-01 -2.38057E-02
  8.800E+01  1.62284E-24  1.71933E-01  9.84813E-01 -2.41463E-02
  8.850E+01  1.58407E-24  1.64440E-01  9.86083E-01 -2.44902E-02
  8.900E+01  1.54633E-24  1.56946E-01  9.87295E-01 -2.48372E-02
  8.950E+01  1.50959E-24  1.49453E-01  9.88448E-01 -2.51876E-02
  9.000E+01  1.47382E-24  1.41962E-01  9.89543E-01 -2.55413E-02
  9.050E+01  1.43898E-24  1.34473E-01  9.90579E-01 -2.58984E-02
  9.100E+01  1.40506E-24  1.26986E-01  9.91557E-01 -2.62589E-02
  9.150E+01  1.37201E-24  1.19503E-01  9.92477E-01 -2.66229E-02
  9.200E+01  1.33982E-24  1.12024E-01  9.93339E-01 -2.69903E-02
  9.250E+01  1.30846E-24  1.04549E-01  9.94143E-01 -2.73613E-02
  9.300E+01  1.27789E-24  9.70798E-02  9.94890E-01 -2.77359E-02
  9.350E+01  1.24811E-24  8.96165E-02  9.95579E-01 -2.81141E-02
  9.400E+01  1.21908E-24  8.21598E-02  9.96212E-01 -2.84960E-02
  9.450E+01  1.19078E-24  7.47103E-02  9.96787E-01 -2.88816E-02
  9.500E+01  1.16319E-24  6.72687E-02  9.97305E-01 -2.92711E-02
  9.550E+01  1.13630E-24  5.98358E-02  9.97767E-01 -2.96643E-02
  9.600E+01  1.11007E-24  5.24121E-02  9.98173E-01 -3.00614E-02
  9.650E+01  1.08448E-24  4.49983E-02  9.98523E-01 -3.04625E-02
  9.700E+01  1.05953E-24  3.75951E-02  9.98816E-01 -3.08675E-02
  9.750E+01  1.03520E-24  3.02031E-02  9.99054E-01 -3.12766E-02
  9.800E+01  1.01145E-24  2.28230E-02  9.99237E-01 -3.16898E-02
  9.850E+01  9.88286E-25  1.54556E-02  9.99365E-01 -3.21071E-02
  9.900E+01  9.65681E-25  8.10134E-03  9.99438E-01 -3.25287E-02
  9.950E+01  9.43620E-25  7.61067E-04  9.99457E-01 -3.29546E-02
  1.000E+02  9.22089E-25 -6.56459E-03  9.99421E-01 -3.33848E-02
  1.005E+02  9.01073E-25 -1.38750E-02  9.99332E-01 -3.38194E-02
  1.010E+02  8.80557E-25 -2.11693E-02  9.99189E-01 -3.42585E-02
  1.015E+02  8.60527E-25 -2.84471E-02  9.98993E-01 -3.47022E-02
  1.020E+02  8.40970E-25 -3.57074E-02  9.98744E-01 -3.51505E-02
  1.025E+02  8.21873E-25 -4.29498E-02  9.98443E-01 -3.56035E-02
  1.030E+02  8.03224E-25 -5.01734E-02  9.98089E-01 -3.60612E-02
  1.035E+02  7.85009E-25 -5.73776E-02  9.97684E-01 -3.65238E-02
  1.040E+02  7.67218E-25 -6.45616E-02  9.97228E-01 -3.69914E-02
  1.045E+02  7.49838E-25 -7.17249E-02  9.96721E-01 -3.74639E-02
  1.050E+02  7.32859E-25 -7.88666E-02  9.96163E-01 -3.79416E-02
  1.055E+02  7.16271E-25 -8.59861E-02  9.95555E-01 -3.84244E-02
  1.060E+02  7.00061E-25 -9.30826E-02  9.94898E-01 -3.89125E-02
  1.065E+02  6.84222E-25 -1.00155E-01  9.94191E-01 -3.94059E-02
  1.070E+02  6.68742E-25 -1.07204E-01  9.93436E-01 -3.99048E-02
  1.075E+02  6.53613E-25 -1.14227E-01  9.92632E-01 -4.04092E-02
  1.080E+02  6.38825E-25 -1.21225E-01  9.91781E-01 -4.09193E-02
  1.085E+02  6.24369E-25 -1.28196E-01  9.90883E-01 -4.14351E-02
  1.090E+02  6.10237E-25 -1.35140E-01  9.89938E-01 -4.19568E-02
  1.095E+02  5.96421E-25 -1.42056E-01  9.88947E-01 -4.24844E-02
  1.100E+02  5.82912E-25 -1.48943E-01  9.87910E-01 -4.30181E-02
  1.105E+02  5.69703E-25 -1.55800E-01  9.86828E-01 -4.35579E-02
  1.110E+02  5.56785E-25 -1.62628E-01  9.85701E-01 -4.41040E-02
  1.115E+02  5.44152E-25 -1.69424E-01  9.84531E-01 -4.46566E-02
  1.120E+02  5.31797E-25 -1.76189E-01  9.83317E-01 -4.52157E-02
  1.125E+02  5.19712E-25 -1.82921E-01  9.82061E-01 -4.57814E-02
  1.130E+02  5.07890E-25 -1.89619E-01  9.80763E-01 -4.63539E-02
  1.135E+02  4.96326E-25 -1.96284E-01  9.79423E-01 -4.69333E-02
  1.140E+02  4.85013E-25 -2.02914E-01  9.78043E-01 -4.75198E-02
  1.145E+02  4.73944E-25 -2.09508E-01  9.76622E-01 -4.81135E-02
  1.150E+02  4.63115E-25 -2.16066E-01  9.75163E-01 -4.87145E-02
  1.155E+02  4.52518E-25 -2.22586E-01  9.73665E-01 -4.93230E-02
  1.160E+02  4.42148E-25 -2.29069E-01  9.72128E-01 -4.99391E-02
  1.165E+02  4.32000E-25 -2.35512E-01  9.70555E-01 -5.05631E-02
  1.170E+02  4.22069E-25 -2.41916E-01  9.68946E-01 -5.11949E-02
  1.175E+02  4.12349E-25 -2.48279E-01  9.67301E-01 -5.18350E-02
  1.180E+02  4.02836E-25 -2.54601E-01  9.65621E-01 -5.24833E-02
  1.185E+02  3.93524E-25 -2.60880E-01  9.63908E-01 -5.31401E-02
  1.190E+02  3.84408E-25 -2.67116E-01  9.62161E-01 -5.38056E-02
  1.195E+02  3.75485E-25 -2.73308E-01  9.60382E-01 -5.44799E-02
  1.200E+02  3.66750E-25 -2.79456E-01  9.58573E-01 -5.51633E-02
  1.205E+02  3.58197E-25 -2.85557E-01  9.56733E-01 -5.58559E-02
  1.210E+02  3.49824E-25 -2.91612E-01  9.54863E-01 -5.65579E-02
  1.215E+02  3.41626E-25 -2.97618E-01  9.52966E-01 -5.72697E-02
  1.220E+02  3.33598E-25 -3.03576E-01  9.51041E-01 -5.79913E-02
  1.225E+02  3.25738E-25 -3.09485E-01  9.49089E-01 -5.87230E-02
  1.230E+02  3.18041E-25 -3.15343E-01  9.47113E-01 -5.94651E-02
  1.235E+02  3.10504E-25 -3.21149E-01  9.45112E-01 -6.02178E-02
  1.240E+02  3.03122E-25 -3.26902E-01  9.43089E-01 -6.09813E-02
  1.245E+02  2.95894E-25 -3.32602E-01  9.41043E-01 -6.17559E-02
  1.250E+02  2.88814E-25 -3.38247E-01  9.38977E-01 -6.25419E-02
  1.255E+02  2.81880E-25 -3.43836E-01  9.36891E-01 -6.33395E-02
  1.260E+02  2.75090E-25 -3.49368E-01  9.34787E-01 -6.41490E-02
  1.265E+02  2.68438E-25 -3.54842E-01  9.32666E-01 -6.49708E-02
  1.270E+02  2.61923E-25 -3.60256E-01  9.30529E-01 -6.58051E-02
  1.275E+02  2.55542E-25 -3.65610E-01  9.28378E-01 -6.66522E-02
  1.280E+02  2.49292E-25 -3.70903E-01  9.26215E-01 -6.75124E-02
  1.285E+02  2.43169E-25 -3.76132E-01  9.24039E-01 -6.83862E-02
  1.290E+02  2.37171E-25 -3.81297E-01  9.21854E-01 -6.92738E-02
  1.295E+02  2.31297E-25 -3.86396E-01  9.19659E-01 -7.01756E-02
  1.300E+02  2.25542E-25 -3.91428E-01  9.17458E-01 -7.10919E-02
  1.305E+02  2.19904E-25 -3.96392E-01  9.15252E-01 -7.20232E-02
  1.310E+02  2.14382E-25 -4.01286E-01  9.13041E-01 -7.29699E-02
  1.315E+02  2.08972E-25 -4.06109E-01  9.10829E-01 -7.39323E-02
  1.320E+02  2.03673E-25 -4.10859E-01  9.08616E-01 -7.49109E-02
  1.325E+02  1.98481E-25 -4.15534E-01  9.06405E-01 -7.59062E-02
  1.330E+02  1.93396E-25 -4.20134E-01  9.04197E-01 -7.69185E-02
  1.335E+02  1.88414E-25 -4.24655E-01  9.01993E-01 -7.79484E-02
  1.340E+02  1.83534E-25 -4.29097E-01  8.99798E-01 -7.89964E-02
  1.345E+02  1.78753E-25 -4.33457E-01  8.97611E-01 -8.00629E-02
  1.350E+02  1.74070E-25 -4.37734E-01  8.95435E-01 -8.11485E-02
  1.355E+02  1.69483E-25 -4.41926E-01  8.93273E-01 -8.22537E-02
  1.360E+02  1.64989E-25 -4.46030E-01  8.91126E-01 -8.33791E-02
  1.365E+02  1.60588E-25 -4.50045E-01  8.88997E-01 -8.45253E-02
  1.370E+02  1.56277E-25 -4.53967E-01  8.86888E-01 -8.56930E-02
  1.375E+02  1.52054E-25 -4.57796E-01  8.84802E-01 -8.68826E-02
  1.380E+02  1.47918E-25 -4.61528E-01  8.82741E-01 -8.80950E-02
  1.385E+02  1.43867E-25 -4.65161E-01  8.80707E-01 -8.93307E-02
  1.390E+02  1.39899E-25 -4.68693E-01  8.78704E-01 -9.05905E-02
  1.395E+02  1.36014E-25 -4.72120E-01  8.76734E-01 -9.18752E-02
  1.400E+02  1.32208E-25 -4.75439E-01  8.74800E-01 -9.31854E-02
  1.405E+02  1.28482E-25 -4.78648E-01  8.72904E-01 -9.45220E-02
  1.410E+02  1.24833E-25 -4.81742E-01  8.71051E-01 -9.58858E-02
  1.415E+02  1.21261E-25 -4.84720E-01  8.69243E-01 -9.72777E-02
  1.420E+02  1.17763E-25 -4.87577E-01  8.67483E-01 -9.86985E-02
  1.425E+02  1.14338E-25 -4.90310E-01  8.65775E-01 -1.00149E-01
  1.430E+02  1.10986E-25 -4.92913E-01  8.64122E-01 -1.01631E-01
  1.435E+02  1.07704E-25 -4.95385E-01  8.62528E-01 -1.03144E-01
  1.440E+02  1.04491E-25 -4.97719E-01  8.60997E-01 -1.04690E-01
  1.445E+02  1.01347E-25 -4.99911E-01  8.59532E-01 -1.06271E-01
  1.450E+02  9.82706E-26 -5.01957E-01  8.58138E-01 -1.07886E-01
  1.455E+02  9.52597E-26 -5.03850E-01  8.56818E-01 -1.09537E-01
  1.460E+02  9.23138E-26 -5.05586E-01  8.55577E-01 -1.11226E-01
  1.465E+02  8.94316E-26 -5.07158E-01  8.54419E-01 -1.12954E-01
  1.470E+02  8.66121E-26 -5.08561E-01  8.53349E-01 -1.14722E-01
  1.475E+02  8.38544E-26 -5.09787E-01  8.52372E-01 -1.16531E-01
  1.480E+02  8.11573E-26 -5.10829E-01  8.51492E-01 -1.18382E-01
  1.485E+02  7.85199E-26 -5.11680E-01  8.50715E-01 -1.20278E-01
  1.490E+02  7.59413E-26 -5.12332E-01  8.50046E-01 -1.22220E-01
  1.495E+02  7.34205E-26 -5.12775E-01  8.49490E-01 -1.24209E-01
  1.500E+02  7.09566E-26 -5.13001E-01  8.49053E-01 -1.26247E-01
  1.505E+02  6.85488E-26 -5.13000E-01  8.48741E-01 -1.28336E-01
  1.510E+02  6.61961E-26 -5.12761E-01  8.48559E-01 -1.30476E-01
  1.515E+02  6.38978E-26 -5.12273E-01  8.48514E-01 -1.32671E-01
  1.520E+02  6.16530E-26 -5.11522E-01  8.48611E-01 -1.34922E-01
  1.525E+02  5.94609E-26 -5.10497E-01  8.48858E-01 -1.37230E-01
  1.530E+02  5.73208E-26 -5.09183E-01  8.49261E-01 -1.39599E-01
  1.535E+02  5.52320E-26 -5.07565E-01  8.49827E-01 -1.42029E-01
  1.540E+02  5.31936E-26 -5.05626E-01  8.50562E-01 -1.44522E-01
  1.545E+02  5.12050E-26 -5.03348E-01  8.51474E-01 -1.47082E-01
  1.550E+02  4.92654E-26 -5.00713E-01  8.52569E-01 -1.49709E-01
  1.555E+02  4.73744E-26 -4.97700E-01  8.53855E-01 -1.52406E-01
  1.560E+02  4.55310E-26 -4.94285E-01  8.55338E-01 -1.55175E-01
  1.565E+02  4.37349E-26 -4.90446E-01  8.57026E-01 -1.58018E-01
  1.570E+02  4.19852E-26 -4.86155E-01  8.58925E-01 -1.60937E-01
  1.575E+02  4.02815E-26 -4.81384E-01  8.61043E-01 -1.63934E-01
  1.580E+02  3.86231E-26 -4.76102E-01  8.63385E-01 -1.67011E-01
  1.585E+02  3.70095E-26 -4.70276E-01  8.65958E-01 -1.70170E-01
  1.590E+02  3.54402E-26 -4.63868E-01  8.68766E-01 -1.73412E-01
  1.595E+02  3.39145E-26 -4.56839E-01  8.71815E-01 -1.76738E-01
  1.600E+02  3.24321E-26 -4.49146E-01  8.75108E-01 -1.80149E-01
  1.605E+02  3.09924E-26 -4.40740E-01  8.78648E-01 -1.83647E-01
  1.610E+02  2.95949E-26 -4.31571E-01  8.82435E-01 -1.87230E-01
  1.615E+02  2.82391E-26 -4.21582E-01  8.86468E-01 -1.90899E-01
  1.620E+02  2.69247E-26 -4.10712E-01  8.90744E-01 -1.94653E-01
  1.625E+02  2.56511E-26 -3.98895E-01  8.95257E-01 -1.98488E-01
  1.630E+02  2.44180E-26 -3.86056E-01  8.99997E-01 -2.02402E-01
  1.635E+02  2.32249E-26 -3.72117E-01  9.04949E-01 -2.06390E-01
  1.640E+02  2.20714E-26 -3.56990E-01  9.10094E-01 -2.10446E-01
  1.645E+02  2.09573E-26 -3.40583E-01  9.15405E-01 -2.14561E-01
  1.650E+02  1.98820E-26 -3.22792E-01  9.20850E-01 -2.18724E-01
  1.655E+02  1.88453E-26 -3.03506E-01  9.26385E-01 -2.22922E-01
  1.660E+02  1.78468E-26 -2.82606E-01  9.31956E-01 -2.27136E-01
  1.665E+02  1.68861E-26 -2.59963E-01  9.37496E-01 -2.31346E-01
  1.670E+02  1.59631E-26 -2.35437E-01  9.42920E-01 -2.35524E-01
  1.675E+02  1.50773E-26 -2.08882E-01  9.48126E-01 -2.39637E-01
  1.680E+02  1.42285E-26 -1.80142E-01  9.52988E-01 -2.43646E-01
  1.685E+02  1.34164E-26 -1.49053E-01  9.57354E-01 -2.47501E-01
  1.690E+02  1.26407E-26 -1.15447E-01  9.61040E-01 -2.51144E-01
  1.695E+02  1.19013E-26 -7.91537E-02  9.63827E-01 -2.54504E-01
  1.700E+02  1.11978E-26 -4.00044E-02  9.65450E-01 -2.57498E-01
  1.705E+02  1.05300E-26  2.16061E-03  9.65599E-01 -2.60026E-01
  1.710E+02  9.89779E-27  4.74847E-02  9.63907E-01 -2.61970E-01
  1.715E+02  9.30086E-27  9.60834E-02  9.59946E-01 -2.63196E-01
  1.720E+02  8.73905E-27  1.48030E-01  9.53222E-01 -2.63544E-01
  1.725E+02  8.21218E-27  2.03339E-01  9.43171E-01 -2.62835E-01
  1.730E+02  7.72009E-27  2.61941E-01  9.29158E-01 -2.60868E-01
  1.735E+02  7.26261E-27  3.23660E-01  9.10484E-01 -2.57417E-01
  1.740E+02  6.83960E-27  3.88180E-01  8.86391E-01 -2.52244E-01
  1.745E+02  6.45093E-27  4.55018E-01  8.56088E-01 -2.45094E-01
  1.750E+02  6.09646E-27  5.23488E-01  8.18779E-01 -2.35713E-01
  1.755E+02  5.77610E-27  5.92674E-01  7.73707E-01 -2.23862E-01
  1.760E+02  5.48973E-27  6.61416E-01  7.20215E-01 -2.09330E-01
  1.765E+02  5.23726E-27  7.28305E-01  6.57816E-01 -1.91962E-01
  1.770E+02  5.01862E-27  7.91711E-01  5.86275E-01 -1.71683E-01
  1.775E+02  4.83373E-27  8.49834E-01  5.05690E-01 -1.48524E-01
  1.780E+02  4.68254E-27  9.00797E-01  4.16560E-01 -1.22644E-01
  1.785E+02  4.56500E-27  9.42765E-01  3.19834E-01 -9.43440E-02
  1.790E+02  4.48107E-27  9.74087E-01  2.16911E-01 -6.40706E-02
  1.795E+02  4.43072E-27  9.93448E-01  1.09595E-01 -3.23983E-02
