  5.200E+00  1.10012E-19  9.96352E-01  8.53426E-02  4.28130E-05
  5.300E+00  1.02015E-19  9.96210E-01  8.69826E-02  4.47081E-05
  5.400E+00  9.47351E-20  9.96065E-01  8.86225E-02  4.66425E-05
  5.500E+00  8.80957E-20  9.95918E-01  9.02622E-02  4.86272E-05
  5.600E+00  8.20302E-20  9.95768E-01  9.19019E-02  5.06476E-05
  5.700E+00  7.64802E-20  9.95615E-01  9.35414E-02  5.27174E-05
  5.800E+00  7.13938E-20  9.95460E-01  9.51807E-02  5.48267E-05
  5.900E+00  6.67253E-20  9.95302E-01  9.68200E-02  5.69779E-05
  6.000E+00  6.24340E-20  9.95141E-01  9.84591E-02  5.91759E-05
  6.100E+00  5.84839E-20  9.94978E-01  1.00098E-01  6.14084E-05
  6.200E+00  5.48429E-20  9.94811E-01  1.01737E-01  6.36907E-05
  6.300E+00  5.14823E-20  9.94642E-01  1.03376E-01  6.60074E-05
  6.400E+00  4.83766E-20  9.94471E-01  1.05014E-01  6.83685E-05
  6.500E+00  4.55029E-20  9.94296E-01  1.06653E-01  7.07706E-05
  6.600E+00  4.28406E-20  9.94119E-01  1.08291E-01  7.32081E-05
  6.700E+00  4.03713E-20  9.93939E-01  1.09929E-01  7.56925E-05
  6.800E+00  3.80785E-20  9.93757E-01  1.11567E-01  7.82079E-05
  6.900E+00  3.59471E-20  9.93572E-01  1.13204E-01  8.07687E-05
  7.000E+00  3.39637E-20  9.93384E-01  1.14842E-01  8.33639E-05
  7.100E+00  3.21161E-20  9.93193E-01  1.16479E-01  8.59964E-05
  7.200E+00  3.03933E-20  9.93000E-01  1.18117E-01  8.86702E-05
  7.300E+00  2.87852E-20  9.92804E-01  1.19754E-01  9.13737E-05
  7.400E+00  2.72828E-20  9.92605E-01  1.21390E-01  9.41207E-05
  7.500E+00  2.58778E-20  9.92403E-01  1.23027E-01  9.68969E-05
  7.600E+00  2.45628E-20  9.92199E-01  1.24664E-01  9.97111E-05
  7.700E+00  2.33309E-20  9.91992E-01  1.26300E-01  1.02560E-04
  7.800E+00  2.21758E-20  9.91782E-01  1.27936E-01  1.05439E-04
  7.900E+00  2.10919E-20  9.91570E-01  1.29572E-01  1.08356E-04
  8.000E+00  2.00739E-20  9.91355E-01  1.31207E-01  1.11299E-04
  8.100E+00  1.91171E-20  9.91137E-01  1.32843E-01  1.14280E-04
  8.200E+00  1.82172E-20  9.90917E-01  1.34478E-01  1.17288E-04
  8.300E+00  1.73699E-20  9.90693E-01  1.36113E-01  1.20326E-04
  8.400E+00  1.65718E-20  9.90467E-01  1.37748E-01  1.23397E-04
  8.500E+00  1.58195E-20  9.90239E-01  1.39382E-01  1.26492E-04
  8.600E+00  1.51097E-20  9.90007E-01  1.41016E-01  1.29620E-04
  8.700E+00  1.44396E-20  9.89773E-01  1.42651E-01  1.32771E-04
  8.800E+00  1.38067E-20  9.89536E-01  1.44284E-01  1.35951E-04
  8.900E+00  1.32083E-20  9.89297E-01  1.45918E-01  1.39158E-04
  9.000E+00  1.26424E-20  9.89054E-01  1.47551E-01  1.42386E-04
  9.100E+00  1.21067E-20  9.88809E-01  1.49184E-01  1.45643E-04
  9.200E+00  1.15994E-20  9.88562E-01  1.50817E-01  1.48918E-04
  9.300E+00  1.11187E-20  9.88311E-01  1.52450E-01  1.52221E-04
  9.400E+00  1.06629E-20  9.88058E-01  1.54082E-01  1.55543E-04
  9.500E+00  1.02304E-20  9.87802E-01  1.55714E-01  1.58885E-04
  9.600E+00  9.81992E-21  9.87544E-01  1.57346E-01  1.62251E-04
  9.700E+00  9.43003E-21  9.87282E-01  1.58977E-01  1.65631E-04
  9.800E+00  9.05952E-21  9.87018E-01  1.60608E-01  1.69035E-04
  9.900E+00  8.70724E-21  9.86751E-01  1.62239E-01  1.72452E-04
  1.000E+01  8.37211E-21  9.86482E-01  1.63870E-01  1.75888E-04
  1.025E+01  7.60301E-21  9.85796E-01  1.67945E-01  1.84544E-04
  1.050E+01  6.92124E-21  9.85094E-01  1.72018E-01  1.93285E-04
  1.075E+01  6.31513E-21  9.84374E-01  1.76090E-01  2.02097E-04
  1.100E+01  5.77477E-21  9.83638E-01  1.80159E-01  2.10965E-04
  1.125E+01  5.29176E-21  9.82884E-01  1.84226E-01  2.19874E-04
  1.150E+01  4.85889E-21  9.82113E-01  1.88291E-01  2.28810E-04
  1.175E+01  4.47003E-21  9.81326E-01  1.92354E-01  2.37758E-04
  1.200E+01  4.11989E-21  9.80521E-01  1.96414E-01  2.46702E-04
  1.225E+01  3.80389E-21  9.79699E-01  2.00472E-01  2.55627E-04
  1.250E+01  3.51811E-21  9.78861E-01  2.04528E-01  2.64517E-04
  1.275E+01  3.25912E-21  9.78005E-01  2.08581E-01  2.73358E-04
  1.300E+01  3.02394E-21  9.77132E-01  2.12631E-01  2.82133E-04
  1.325E+01  2.80997E-21  9.76243E-01  2.16679E-01  2.90826E-04
  1.350E+01  2.61495E-21  9.75336E-01  2.20724E-01  2.99423E-04
  1.375E+01  2.43689E-21  9.74413E-01  2.24767E-01  3.07908E-04
  1.400E+01  2.27402E-21  9.73472E-01  2.28806E-01  3.16264E-04
  1.425E+01  2.12482E-21  9.72514E-01  2.32843E-01  3.24476E-04
  1.450E+01  1.98792E-21  9.71540E-01  2.36876E-01  3.32528E-04
  1.475E+01  1.86210E-21  9.70548E-01  2.40906E-01  3.40406E-04
  1.500E+01  1.74631E-21  9.69540E-01  2.44933E-01  3.48092E-04
  1.525E+01  1.63959E-21  9.68514E-01  2.48957E-01  3.55572E-04
  1.550E+01  1.54109E-21  9.67472E-01  2.52978E-01  3.62830E-04
  1.575E+01  1.45006E-21  9.66413E-01  2.56995E-01  3.69851E-04
  1.600E+01  1.36582E-21  9.65336E-01  2.61009E-01  3.76620E-04
  1.625E+01  1.28777E-21  9.64243E-01  2.65019E-01  3.83122E-04
  1.650E+01  1.21536E-21  9.63133E-01  2.69026E-01  3.89341E-04
  1.675E+01  1.14811E-21  9.62006E-01  2.73029E-01  3.95263E-04
  1.700E+01  1.08558E-21  9.60862E-01  2.77028E-01  4.00874E-04
  1.725E+01  1.02737E-21  9.59701E-01  2.81023E-01  4.06158E-04
  1.750E+01  9.73128E-22  9.58523E-01  2.85014E-01  4.11101E-04
  1.775E+01  9.22524E-22  9.57329E-01  2.89001E-01  4.15690E-04
  1.800E+01  8.75268E-22  9.56117E-01  2.92984E-01  4.19910E-04
  1.825E+01  8.31094E-22  9.54889E-01  2.96963E-01  4.23747E-04
  1.850E+01  7.89762E-22  9.53644E-01  3.00938E-01  4.27188E-04
  1.875E+01  7.51052E-22  9.52382E-01  3.04908E-01  4.30219E-04
  1.900E+01  7.14765E-22  9.51103E-01  3.08874E-01  4.32828E-04
  1.925E+01  6.80718E-22  9.49807E-01  3.12836E-01  4.35001E-04
  1.950E+01  6.48746E-22  9.48495E-01  3.16793E-01  4.36726E-04
  1.975E+01  6.18695E-22  9.47166E-01  3.20745E-01  4.37989E-04
  2.000E+01  5.90428E-22  9.45820E-01  3.24692E-01  4.38779E-04
  2.025E+01  5.63817E-22  9.44457E-01  3.28635E-01  4.39084E-04
  2.050E+01  5.38744E-22  9.43077E-01  3.32573E-01  4.38892E-04
  2.075E+01  5.15104E-22  9.41681E-01  3.36506E-01  4.38191E-04
  2.100E+01  4.92797E-22  9.40269E-01  3.40433E-01  4.36969E-04
  2.125E+01  4.71733E-22  9.38839E-01  3.44356E-01  4.35216E-04
  2.150E+01  4.51828E-22  9.37393E-01  3.48273E-01  4.32921E-04
  2.175E+01  4.33005E-22  9.35930E-01  3.52185E-01  4.30073E-04
  2.200E+01  4.15193E-22  9.34451E-01  3.56092E-01  4.26661E-04
  2.225E+01  3.98327E-22  9.32955E-01  3.59993E-01  4.22675E-04
  2.250E+01  3.82345E-22  9.31442E-01  3.63889E-01  4.18107E-04
  2.275E+01  3.67192E-22  9.29913E-01  3.67779E-01  4.12944E-04
  2.300E+01  3.52816E-22  9.28367E-01  3.71663E-01  4.07179E-04
  2.325E+01  3.39169E-22  9.26805E-01  3.75542E-01  4.00803E-04
  2.350E+01  3.26205E-22  9.25227E-01  3.79415E-01  3.93805E-04
  2.375E+01  3.13884E-22  9.23632E-01  3.83281E-01  3.86178E-04
  2.400E+01  3.02166E-22  9.22020E-01  3.87142E-01  3.77912E-04
  2.425E+01  2.91016E-22  9.20392E-01  3.90996E-01  3.69000E-04
  2.450E+01  2.80401E-22  9.18748E-01  3.94845E-01  3.59434E-04
  2.475E+01  2.70289E-22  9.17087E-01  3.98687E-01  3.49206E-04
  2.500E+01  2.60651E-22  9.15410E-01  4.02523E-01  3.38308E-04
  2.550E+01  2.42693E-22  9.12007E-01  4.10175E-01  3.14475E-04
  2.600E+01  2.26330E-22  9.08539E-01  4.17800E-01  2.87878E-04
  2.650E+01  2.11392E-22  9.05006E-01  4.25399E-01  2.58466E-04
  2.700E+01  1.97729E-22  9.01409E-01  4.32969E-01  2.26191E-04
  3.200E+01  1.08670E-22  8.61939E-01  5.07012E-01 -2.62336E-04
  3.250E+01  1.02974E-22  8.57649E-01  5.14236E-01 -3.28381E-04
  3.300E+01  9.76704E-23  8.53297E-01  5.21425E-01 -3.97627E-04
  3.350E+01  9.27250E-23  8.48885E-01  5.28578E-01 -4.70087E-04
  3.400E+01  8.81084E-23  8.44412E-01  5.35694E-01 -5.45771E-04
  3.450E+01  8.37939E-23  8.39879E-01  5.42774E-01 -6.24684E-04
  3.500E+01  7.97572E-23  8.35286E-01  5.49816E-01 -7.06834E-04
  3.550E+01  7.59763E-23  8.30633E-01  5.56820E-01 -7.92222E-04
  3.600E+01  7.24315E-23  8.25921E-01  5.63785E-01 -8.80853E-04
  3.650E+01  6.91045E-23  8.21151E-01  5.70710E-01 -9.72726E-04
  3.700E+01  6.59790E-23  8.16322E-01  5.77596E-01 -1.06784E-03
  3.750E+01  6.30398E-23  8.11435E-01  5.84442E-01 -1.16619E-03
  3.800E+01  6.02733E-23  8.06490E-01  5.91246E-01 -1.26778E-03
  3.850E+01  5.76670E-23  8.01488E-01  5.98009E-01 -1.37260E-03
  3.900E+01  5.52095E-23  7.96429E-01  6.04730E-01 -1.48065E-03
  3.950E+01  5.28902E-23  7.91314E-01  6.11408E-01 -1.59191E-03
  4.000E+01  5.06995E-23  7.86143E-01  6.18043E-01 -1.70638E-03
  4.050E+01  4.86287E-23  7.80916E-01  6.24634E-01 -1.82406E-03
  4.100E+01  4.66696E-23  7.75633E-01  6.31181E-01 -1.94493E-03
  4.150E+01  4.48147E-23  7.70296E-01  6.37683E-01 -2.06898E-03
  4.200E+01  4.30571E-23  7.64904E-01  6.44140E-01 -2.19621E-03
  4.250E+01  4.13906E-23  7.59459E-01  6.50551E-01 -2.32659E-03
  4.300E+01  3.98092E-23  7.53959E-01  6.56916E-01 -2.46013E-03
  4.350E+01  3.83076E-23  7.48407E-01  6.63235E-01 -2.59681E-03
  4.400E+01  3.68808E-23  7.42802E-01  6.69506E-01 -2.73661E-03
  4.450E+01  3.55241E-23  7.37144E-01  6.75729E-01 -2.87952E-03
  4.500E+01  3.42332E-23  7.31435E-01  6.81904E-01 -3.02553E-03
  4.550E+01  3.30042E-23  7.25675E-01  6.88031E-01 -3.17463E-03
  4.600E+01  3.18333E-23  7.19863E-01  6.94108E-01 -3.32680E-03
  4.650E+01  3.07172E-23  7.14001E-01  7.00136E-01 -3.48204E-03
  4.700E+01  2.96526E-23  7.08090E-01  7.06113E-01 -3.64031E-03
  4.750E+01  2.86365E-23  7.02128E-01  7.12040E-01 -3.80163E-03
  4.800E+01  2.76662E-23  6.96118E-01  7.17917E-01 -3.96596E-03
  4.850E+01  2.67392E-23  6.90059E-01  7.23741E-01 -4.13329E-03
  4.900E+01  2.58530E-23  6.83952E-01  7.29514E-01 -4.30362E-03
  4.950E+01  2.50053E-23  6.77797E-01  7.35235E-01 -4.47693E-03
  5.000E+01  2.41941E-23  6.71596E-01  7.40903E-01 -4.65321E-03
  5.050E+01  2.34173E-23  6.65347E-01  7.46518E-01 -4.83244E-03
  5.100E+01  2.26732E-23  6.59053E-01  7.52080E-01 -5.01461E-03
  5.150E+01  2.19601E-23  6.52713E-01  7.57587E-01 -5.19970E-03
  5.200E+01  2.12762E-23  6.46328E-01  7.63041E-01 -5.38772E-03
  5.250E+01  2.06202E-23  6.39899E-01  7.68439E-01 -5.57863E-03
  5.300E+01  1.99906E-23  6.33425E-01  7.73783E-01 -5.77244E-03
  5.350E+01  1.93860E-23  6.26908E-01  7.79071E-01 -5.96913E-03
  5.400E+01  1.88052E-23  6.20347E-01  7.84303E-01 -6.16869E-03
  5.450E+01  1.82470E-23  6.13744E-01  7.89479E-01 -6.37111E-03
  5.500E+01  1.77103E-23  6.07100E-01  7.94598E-01 -6.57638E-03
  5.550E+01  1.71941E-23  6.00413E-01  7.99661E-01 -6.78448E-03
  5.600E+01  1.66974E-23  5.93686E-01  8.04666E-01 -6.99542E-03
  5.650E+01  1.62193E-23  5.86919E-01  8.09614E-01 -7.20918E-03
  5.700E+01  1.57588E-23  5.80111E-01  8.14504E-01 -7.42575E-03
  5.750E+01  1.53152E-23  5.73264E-01  8.19335E-01 -7.64513E-03
  5.800E+01  1.48877E-23  5.66379E-01  8.24108E-01 -7.86730E-03
  5.850E+01  1.44755E-23  5.59455E-01  8.28821E-01 -8.09226E-03
  5.900E+01  1.40780E-23  5.52493E-01  8.33476E-01 -8.32001E-03
  5.950E+01  1.36944E-23  5.45495E-01  8.38071E-01 -8.55053E-03
  6.000E+01  1.33243E-23  5.38459E-01  8.42606E-01 -8.78383E-03
  6.050E+01  1.29669E-23  5.31388E-01  8.47081E-01 -9.01989E-03
  6.100E+01  1.26218E-23  5.24281E-01  8.51495E-01 -9.25871E-03
  6.150E+01  1.22883E-23  5.17139E-01  8.55848E-01 -9.50030E-03
  6.200E+01  1.19661E-23  5.09963E-01  8.60141E-01 -9.74464E-03
  6.250E+01  1.16546E-23  5.02754E-01  8.64372E-01 -9.99173E-03
  6.300E+01  1.13533E-23  4.95511E-01  8.68542E-01 -1.02416E-02
  6.350E+01  1.10619E-23  4.88235E-01  8.72649E-01 -1.04942E-02
  6.400E+01  1.07800E-23  4.80927E-01  8.76695E-01 -1.07495E-02
  6.450E+01  1.05071E-23  4.73588E-01  8.80678E-01 -1.10076E-02
  6.500E+01  1.02428E-23  4.66218E-01  8.84598E-01 -1.12684E-02
  6.550E+01  9.98695E-24  4.58817E-01  8.88456E-01 -1.15320E-02
  6.600E+01  9.73906E-24  4.51387E-01  8.92250E-01 -1.17983E-02
  6.650E+01  9.49887E-24  4.43928E-01  8.95981E-01 -1.20674E-02
  6.700E+01  9.26605E-24  4.36440E-01  8.99649E-01 -1.23393E-02
  6.750E+01  9.04034E-24  4.28924E-01  9.03252E-01 -1.26139E-02
  6.800E+01  8.82145E-24  4.21381E-01  9.06792E-01 -1.28912E-02
  6.850E+01  8.60912E-24  4.13811E-01  9.10268E-01 -1.31714E-02
  6.900E+01  8.40311E-24  4.06214E-01  9.13679E-01 -1.34543E-02
  6.950E+01  8.20318E-24  3.98593E-01  9.17025E-01 -1.37399E-02
  7.000E+01  8.00910E-24  3.90946E-01  9.20307E-01 -1.40284E-02
  7.050E+01  7.82065E-24  3.83274E-01  9.23523E-01 -1.43197E-02
  7.100E+01  7.63763E-24  3.75579E-01  9.26675E-01 -1.46137E-02
  7.150E+01  7.45984E-24  3.67861E-01  9.29761E-01 -1.49106E-02
  7.200E+01  7.28709E-24  3.60120E-01  9.32782E-01 -1.52103E-02
  7.250E+01  7.11921E-24  3.52358E-01  9.35737E-01 -1.55128E-02
  7.300E+01  6.95601E-24  3.44574E-01  9.38626E-01 -1.58182E-02
  7.350E+01  6.79734E-24  3.36769E-01  9.41449E-01 -1.61264E-02
  7.400E+01  6.64303E-24  3.28944E-01  9.44206E-01 -1.64375E-02
  7.450E+01  6.49293E-24  3.21099E-01  9.46897E-01 -1.67514E-02
  7.500E+01  6.34690E-24  3.13236E-01  9.49522E-01 -1.70683E-02
  7.550E+01  6.20480E-24  3.05354E-01  9.52080E-01 -1.73880E-02
  7.600E+01  6.06649E-24  2.97455E-01  9.54572E-01 -1.77107E-02
  7.650E+01  5.93186E-24  2.89538E-01  9.56996E-01 -1.80364E-02
  7.700E+01  5.80077E-24  2.81606E-01  9.59354E-01 -1.83649E-02
  7.750E+01  5.67310E-24  2.73657E-01  9.61646E-01 -1.86965E-02
  7.800E+01  5.54875E-24  2.65693E-01  9.63870E-01 -1.90310E-02
  7.850E+01  5.42761E-24  2.57715E-01  9.66027E-01 -1.93686E-02
  7.900E+01  5.30957E-24  2.49723E-01  9.68117E-01 -1.97092E-02
  7.950E+01  5.19453E-24  2.41717E-01  9.70139E-01 -2.00528E-02
  8.000E+01  5.08239E-24  2.33699E-01  9.72095E-01 -2.03996E-02
  8.050E+01  4.97307E-24  2.25669E-01  9.73983E-01 -2.07494E-02
  8.100E+01  4.86648E-24  2.17628E-01  9.75804E-01 -2.11023E-02
  8.150E+01  4.76252E-24  2.09575E-01  9.77557E-01 -2.14584E-02
  8.200E+01  4.66113E-24  2.01513E-01  9.79243E-01 -2.18177E-02
  8.250E+01  4.56221E-24  1.93441E-01  9.80861E-01 -2.21802E-02
  8.300E+01  4.46569E-24  1.85361E-01  9.82412E-01 -2.25459E-02
  8.350E+01  4.37151E-24  1.77272E-01  9.83895E-01 -2.29149E-02
  8.400E+01  4.27958E-24  1.69175E-01  9.85311E-01 -2.32871E-02
  8.450E+01  4.18984E-24  1.61072E-01  9.86659E-01 -2.36627E-02
  8.500E+01  4.10223E-24  1.52962E-01  9.87940E-01 -2.40416E-02
  8.550E+01  4.01668E-24  1.44847E-01  9.89153E-01 -2.44239E-02
  8.600E+01  3.93314E-24  1.36727E-01  9.90298E-01 -2.48096E-02
  8.650E+01  3.85153E-24  1.28602E-01  9.91376E-01 -2.51988E-02
  8.700E+01  3.77182E-24  1.20474E-01  9.92387E-01 -2.55915E-02
  8.750E+01  3.69394E-24  1.12343E-01  9.93330E-01 -2.59877E-02
  8.800E+01  3.61783E-24  1.04209E-01  9.94205E-01 -2.63875E-02
  8.850E+01  3.54346E-24  9.60732E-02  9.95014E-01 -2.67908E-02
  8.900E+01  3.47077E-24  8.79365E-02  9.95755E-01 -2.71978E-02
  8.950E+01  3.39971E-24  7.97993E-02  9.96429E-01 -2.76085E-02
  9.000E+01  3.33023E-24  7.16623E-02  9.97035E-01 -2.80230E-02
  9.050E+01  3.26231E-24  6.35260E-02  9.97575E-01 -2.84412E-02
  9.100E+01  3.19588E-24  5.53913E-02  9.98047E-01 -2.88632E-02
  9.150E+01  3.13091E-24  4.72586E-02  9.98453E-01 -2.92891E-02
  9.200E+01  3.06737E-24  3.91287E-02  9.98792E-01 -2.97190E-02
  9.250E+01  3.00520E-24  3.10022E-02  9.99064E-01 -3.01527E-02
  9.300E+01  2.94438E-24  2.28798E-02  9.99270E-01 -3.05906E-02
  9.350E+01  2.88487E-24  1.47620E-02  9.99409E-01 -3.10324E-02
  9.400E+01  2.82663E-24  6.64962E-03  9.99482E-01 -3.14784E-02
  9.450E+01  2.76963E-24 -1.45676E-03  9.99489E-01 -3.19286E-02
  9.500E+01  2.71384E-24 -9.55650E-03  9.99430E-01 -3.23831E-02
  9.550E+01  2.65923E-24 -1.76489E-02  9.99305E-01 -3.28418E-02
  9.600E+01  2.60576E-24 -2.57334E-02  9.99114E-01 -3.33049E-02
  9.650E+01  2.55341E-24 -3.38093E-02  9.98858E-01 -3.37725E-02
  9.700E+01  2.50215E-24 -4.18759E-02  9.98536E-01 -3.42445E-02
  9.750E+01  2.45195E-24 -4.99326E-02  9.98149E-01 -3.47211E-02
  9.800E+01  2.40278E-24 -5.79787E-02  9.97697E-01 -3.52023E-02
  9.850E+01  2.35462E-24 -6.60136E-02  9.97180E-01 -3.56882E-02
  9.900E+01  2.30744E-24 -7.40367E-02  9.96599E-01 -3.61788E-02
  9.950E+01  2.26122E-24 -8.20472E-02  9.95953E-01 -3.66743E-02
  1.000E+02  2.21594E-24 -9.00446E-02  9.95244E-01 -3.71748E-02
  1.005E+02  2.17156E-24 -9.80282E-02  9.94470E-01 -3.76802E-02
  1.010E+02  2.12808E-24 -1.05997E-01  9.93633E-01 -3.81907E-02
  1.015E+02  2.08546E-24 -1.13951E-01  9.92732E-01 -3.87064E-02
  1.020E+02  2.04369E-24 -1.21889E-01  9.91768E-01 -3.92273E-02
  1.025E+02  2.00275E-24 -1.29811E-01  9.90742E-01 -3.97535E-02
  1.030E+02  1.96261E-24 -1.37716E-01  9.89652E-01 -4.02852E-02
  1.035E+02  1.92326E-24 -1.45603E-01  9.88501E-01 -4.08224E-02
  1.040E+02  1.88468E-24 -1.53471E-01  9.87287E-01 -4.13652E-02
  1.045E+02  1.84685E-24 -1.61321E-01  9.86012E-01 -4.19137E-02
  1.050E+02  1.80976E-24 -1.69150E-01  9.84675E-01 -4.24680E-02
  1.055E+02  1.77338E-24 -1.76960E-01  9.83277E-01 -4.30282E-02
  1.060E+02  1.73771E-24 -1.84748E-01  9.81819E-01 -4.35945E-02
  1.065E+02  1.70271E-24 -1.92515E-01  9.80300E-01 -4.41668E-02
  1.070E+02  1.66839E-24 -2.00260E-01  9.78721E-01 -4.47455E-02
  1.075E+02  1.63472E-24 -2.07981E-01  9.77082E-01 -4.53305E-02
  1.080E+02  1.60169E-24 -2.15679E-01  9.75384E-01 -4.59219E-02
  1.085E+02  1.56928E-24 -2.23353E-01  9.73627E-01 -4.65200E-02
  1.090E+02  1.53749E-24 -2.31001E-01  9.71812E-01 -4.71248E-02
  1.095E+02  1.50629E-24 -2.38624E-01  9.69938E-01 -4.77364E-02
  1.100E+02  1.47568E-24 -2.46221E-01  9.68007E-01 -4.83551E-02
  1.105E+02  1.44564E-24 -2.53791E-01  9.66018E-01 -4.89809E-02
  1.110E+02  1.41615E-24 -2.61333E-01  9.63973E-01 -4.96139E-02
  1.115E+02  1.38722E-24 -2.68848E-01  9.61871E-01 -5.02544E-02
  1.120E+02  1.35882E-24 -2.76333E-01  9.59713E-01 -5.09025E-02
  1.125E+02  1.33094E-24 -2.83789E-01  9.57500E-01 -5.15582E-02
  1.130E+02  1.30358E-24 -2.91214E-01  9.55231E-01 -5.22219E-02
  1.135E+02  1.27672E-24 -2.98609E-01  9.52909E-01 -5.28936E-02
  1.140E+02  1.25035E-24 -3.05972E-01  9.50532E-01 -5.35736E-02
  1.145E+02  1.22446E-24 -3.13303E-01  9.48102E-01 -5.42619E-02
  1.150E+02  1.19905E-24 -3.20602E-01  9.45618E-01 -5.49588E-02
  1.155E+02  1.17409E-24 -3.27866E-01  9.43083E-01 -5.56645E-02
  1.160E+02  1.14959E-24 -3.35097E-01  9.40495E-01 -5.63791E-02
  1.165E+02  1.12553E-24 -3.42293E-01  9.37857E-01 -5.71029E-02
  1.170E+02  1.10191E-24 -3.49453E-01  9.35167E-01 -5.78361E-02
  1.175E+02  1.07871E-24 -3.56577E-01  9.32428E-01 -5.85788E-02
  1.180E+02  1.05593E-24 -3.63664E-01  9.29639E-01 -5.93313E-02
  1.185E+02  1.03355E-24 -3.70714E-01  9.26801E-01 -6.00939E-02
  1.190E+02  1.01158E-24 -3.77725E-01  9.23915E-01 -6.08666E-02
  1.195E+02  9.89999E-25 -3.84698E-01  9.20982E-01 -6.16499E-02
  1.200E+02  9.68804E-25 -3.91631E-01  9.18001E-01 -6.24439E-02
  1.205E+02  9.47986E-25 -3.98523E-01  9.14975E-01 -6.32489E-02
  1.210E+02  9.27539E-25 -4.05375E-01  9.11903E-01 -6.40651E-02
  1.215E+02  9.07455E-25 -4.12185E-01  9.08786E-01 -6.48929E-02
  1.220E+02  8.87727E-25 -4.18953E-01  9.05626E-01 -6.57325E-02
  1.225E+02  8.68348E-25 -4.25677E-01  9.02422E-01 -6.65842E-02
  1.230E+02  8.49313E-25 -4.32358E-01  8.99176E-01 -6.74483E-02
  1.235E+02  8.30614E-25 -4.38995E-01  8.95888E-01 -6.83251E-02
  1.240E+02  8.12246E-25 -4.45586E-01  8.92559E-01 -6.92149E-02
  1.245E+02  7.94202E-25 -4.52131E-01  8.89191E-01 -7.01182E-02
  1.250E+02  7.76476E-25 -4.58630E-01  8.85784E-01 -7.10352E-02
  1.255E+02  7.59063E-25 -4.65081E-01  8.82338E-01 -7.19662E-02
  1.260E+02  7.41956E-25 -4.71485E-01  8.78855E-01 -7.29117E-02
  1.265E+02  7.25151E-25 -4.77839E-01  8.75336E-01 -7.38721E-02
  1.270E+02  7.08642E-25 -4.84144E-01  8.71781E-01 -7.48477E-02
  1.275E+02  6.92423E-25 -4.90398E-01  8.68193E-01 -7.58390E-02
  1.280E+02  6.76490E-25 -4.96601E-01  8.64571E-01 -7.68463E-02
  1.285E+02  6.60838E-25 -5.02752E-01  8.60916E-01 -7.78702E-02
  1.290E+02  6.45461E-25 -5.08850E-01  8.57231E-01 -7.89111E-02
  1.295E+02  6.30355E-25 -5.14895E-01  8.53515E-01 -7.99695E-02
  1.300E+02  6.15516E-25 -5.20886E-01  8.49770E-01 -8.10459E-02
  1.305E+02  6.00938E-25 -5.26821E-01  8.45998E-01 -8.21408E-02
  1.310E+02  5.86617E-25 -5.32700E-01  8.42199E-01 -8.32547E-02
  1.315E+02  5.72550E-25 -5.38522E-01  8.38375E-01 -8.43882E-02
  1.320E+02  5.58731E-25 -5.44286E-01  8.34527E-01 -8.55420E-02
  1.325E+02  5.45157E-25 -5.49992E-01  8.30656E-01 -8.67165E-02
  1.330E+02  5.31823E-25 -5.55637E-01  8.26764E-01 -8.79124E-02
  1.335E+02  5.18726E-25 -5.61223E-01  8.22852E-01 -8.91305E-02
  1.340E+02  5.05862E-25 -5.66746E-01  8.18921E-01 -9.03713E-02
  1.345E+02  4.93227E-25 -5.72208E-01  8.14973E-01 -9.16356E-02
  1.350E+02  4.80817E-25 -5.77605E-01  8.11010E-01 -9.29241E-02
  1.355E+02  4.68629E-25 -5.82938E-01  8.07033E-01 -9.42377E-02
  1.360E+02  4.56660E-25 -5.88205E-01  8.03044E-01 -9.55770E-02
  1.365E+02  4.44906E-25 -5.93406E-01  7.99044E-01 -9.69431E-02
  1.370E+02  4.33363E-25 -5.98539E-01  7.95035E-01 -9.83366E-02
  1.375E+02  4.22029E-25 -6.03602E-01  7.91020E-01 -9.97587E-02
  1.380E+02  4.10899E-25 -6.08595E-01  7.86999E-01 -1.01210E-01
  1.385E+02  3.99972E-25 -6.13517E-01  7.82976E-01 -1.02692E-01
  1.390E+02  3.89245E-25 -6.18366E-01  7.78951E-01 -1.04205E-01
  1.395E+02  3.78713E-25 -6.23141E-01  7.74927E-01 -1.05751E-01
  1.400E+02  3.68375E-25 -6.27840E-01  7.70907E-01 -1.07331E-01
  1.405E+02  3.58227E-25 -6.32462E-01  7.66892E-01 -1.08946E-01
  1.410E+02  3.48266E-25 -6.37005E-01  7.62884E-01 -1.10597E-01
  1.415E+02  3.38491E-25 -6.41469E-01  7.58887E-01 -1.12285E-01
  1.420E+02  3.28898E-25 -6.45850E-01  7.54903E-01 -1.14012E-01
  1.425E+02  3.19485E-25 -6.50148E-01  7.50934E-01 -1.15780E-01
  1.430E+02  3.10250E-25 -6.54361E-01  7.46984E-01 -1.17590E-01
  1.435E+02  3.01189E-25 -6.58486E-01  7.43054E-01 -1.19443E-01
  1.440E+02  2.92301E-25 -6.62522E-01  7.39149E-01 -1.21341E-01
  1.445E+02  2.83583E-25 -6.66466E-01  7.35271E-01 -1.23286E-01
  1.450E+02  2.75033E-25 -6.70317E-01  7.31423E-01 -1.25280E-01
  1.455E+02  2.66649E-25 -6.74071E-01  7.27610E-01 -1.27325E-01
  1.460E+02  2.58428E-25 -6.77727E-01  7.23834E-01 -1.29423E-01
  1.465E+02  2.50369E-25 -6.81282E-01  7.20099E-01 -1.31576E-01
  1.470E+02  2.42469E-25 -6.84733E-01  7.16409E-01 -1.33787E-01
  1.475E+02  2.34726E-25 -6.88077E-01  7.12769E-01 -1.36057E-01
  1.480E+02  2.27139E-25 -6.91310E-01  7.09182E-01 -1.38389E-01
  1.485E+02  2.19705E-25 -6.94429E-01  7.05653E-01 -1.40787E-01
  1.490E+02  2.12423E-25 -6.97432E-01  7.02188E-01 -1.43253E-01
  1.495E+02  2.05291E-25 -7.00313E-01  6.98790E-01 -1.45789E-01
  1.500E+02  1.98306E-25 -7.03068E-01  6.95466E-01 -1.48400E-01
  1.505E+02  1.91468E-25 -7.05693E-01  6.92220E-01 -1.51089E-01
  1.510E+02  1.84775E-25 -7.08184E-01  6.89060E-01 -1.53858E-01
  1.515E+02  1.78224E-25 -7.10534E-01  6.85990E-01 -1.56713E-01
  1.520E+02  1.71815E-25 -7.12739E-01  6.83017E-01 -1.59657E-01
  1.525E+02  1.65545E-25 -7.14792E-01  6.80149E-01 -1.62694E-01
  1.530E+02  1.59414E-25 -7.16686E-01  6.77393E-01 -1.65829E-01
  1.535E+02  1.53419E-25 -7.18415E-01  6.74756E-01 -1.69067E-01
  1.540E+02  1.47560E-25 -7.19971E-01  6.72247E-01 -1.72413E-01
  1.545E+02  1.41834E-25 -7.21344E-01  6.69874E-01 -1.75873E-01
  1.550E+02  1.36241E-25 -7.22526E-01  6.67647E-01 -1.79452E-01
  1.555E+02  1.30779E-25 -7.23507E-01  6.65576E-01 -1.83157E-01
  1.560E+02  1.25447E-25 -7.24276E-01  6.63670E-01 -1.86994E-01
  1.565E+02  1.20244E-25 -7.24820E-01  6.61942E-01 -1.90971E-01
  1.570E+02  1.15168E-25 -7.25125E-01  6.60402E-01 -1.95095E-01
  1.575E+02  1.10217E-25 -7.25179E-01  6.59064E-01 -1.99374E-01
  1.580E+02  1.05392E-25 -7.24963E-01  6.57941E-01 -2.03817E-01
  1.585E+02  1.00691E-25 -7.24461E-01  6.57048E-01 -2.08434E-01
  1.590E+02  9.61124E-26 -7.23652E-01  6.56399E-01 -2.13233E-01
  1.595E+02  9.16555E-26 -7.22514E-01  6.56011E-01 -2.18227E-01
  1.600E+02  8.73191E-26 -7.21023E-01  6.55902E-01 -2.23426E-01
  1.605E+02  8.31023E-26 -7.19151E-01  6.56089E-01 -2.28843E-01
  1.610E+02  7.90042E-26 -7.16867E-01  6.56594E-01 -2.34490E-01
  1.615E+02  7.50237E-26 -7.14138E-01  6.57437E-01 -2.40382E-01
  1.620E+02  7.11600E-26 -7.10925E-01  6.58640E-01 -2.46533E-01
  1.625E+02  6.74121E-26 -7.07184E-01  6.60229E-01 -2.52959E-01
  1.630E+02  6.37792E-26 -7.02867E-01  6.62227E-01 -2.59678E-01
  1.635E+02  6.02605E-26 -6.97919E-01  6.64663E-01 -2.66706E-01
  1.640E+02  5.68551E-26 -6.92275E-01  6.67566E-01 -2.74064E-01
  1.645E+02  5.35623E-26 -6.85866E-01  6.70964E-01 -2.81771E-01
  1.650E+02  5.03813E-26 -6.78610E-01  6.74890E-01 -2.89847E-01
  1.655E+02  4.73115E-26 -6.70414E-01  6.79377E-01 -2.98315E-01
  1.660E+02  4.43520E-26 -6.61170E-01  6.84458E-01 -3.07198E-01
  1.665E+02  4.15023E-26 -6.50758E-01  6.90168E-01 -3.16517E-01
  1.670E+02  3.87617E-26 -6.39035E-01  6.96539E-01 -3.26295E-01
  1.675E+02  3.61295E-26 -6.25838E-01  7.03604E-01 -3.36553E-01
  1.680E+02  3.36052E-26 -6.10979E-01  7.11393E-01 -3.47311E-01
  1.685E+02  3.11883E-26 -5.94237E-01  7.19930E-01 -3.58585E-01
  1.690E+02  2.88781E-26 -5.75358E-01  7.29230E-01 -3.70386E-01
  1.695E+02  2.66741E-26 -5.54046E-01  7.39299E-01 -3.82715E-01
  1.700E+02  2.45759E-26 -5.29952E-01  7.50121E-01 -3.95562E-01
  1.705E+02  2.25830E-26 -5.02674E-01  7.61656E-01 -4.08901E-01
  1.710E+02  2.06950E-26 -4.71741E-01  7.73825E-01 -4.22676E-01
  1.715E+02  1.89113E-26 -4.36605E-01  7.86499E-01 -4.36800E-01
  1.720E+02  1.72317E-26 -3.96636E-01  7.99473E-01 -4.51134E-01
  1.725E+02  1.56558E-26 -3.51107E-01  8.12441E-01 -4.65471E-01
  1.730E+02  1.41831E-26 -2.99197E-01  8.24956E-01 -4.79508E-01
  1.735E+02  1.28134E-26 -2.39996E-01  8.36383E-01 -4.92815E-01
  1.740E+02  1.15464E-26 -1.72524E-01  8.45828E-01 -5.04787E-01
  1.745E+02  1.03818E-26 -9.57880E-02  8.52066E-01 -5.14595E-01
  1.750E+02  9.31932E-27 -8.87316E-03  8.53439E-01 -5.21117E-01
  1.755E+02  8.35873E-27  8.88883E-02  8.47762E-01 -5.22875E-01
  1.760E+02  7.49982E-27  1.97655E-01  8.32243E-01 -5.17981E-01
  1.765E+02  6.74240E-27  3.16689E-01  8.03471E-01 -5.04126E-01
  1.770E+02  6.08631E-27  4.43854E-01  7.57541E-01 -4.78670E-01
  1.775E+02  5.53141E-27  5.75039E-01  6.90436E-01 -4.38894E-01
  1.780E+02  5.07756E-27  7.03713E-01  5.98740E-01 -3.82489E-01
  1.785E+02  4.72467E-27  8.20890E-01  4.80728E-01 -3.08287E-01
  1.790E+02  4.47266E-27  9.15910E-01  3.37603E-01 -2.17102E-01
  1.795E+02  4.32148E-27  9.78242E-01  1.74415E-01 -1.12347E-01
